<?xml version="1.0" encoding="UTF-8" ?>
<testsuites disabled="0" errors="0" failures="37" tests="19" time="5.523">
 <testsuite name="workspace setting" timestamp="2019-07-17T15:28:28" hostname="localhost" time="2.76" errors="0" tests="1" skipped="0" disabled="0" failures="1">
  <testcase classname="workspace setting" name="Select Arcadia Instance" time="2.755">
   <failure type="exception" message="Failed: no such window: target window already closed
from unknown error: web view not found
  (Session info: chrome=75.0.3770.142)
  (Driver info: chromedriver=74.0.3729.6 (255758eccf3d244491b8a1317aa76e1ce10d57e9-refs/branch-heads/3729@{#29}),platform=Windows NT 10.0.17763 x86_64)"><![CDATA[NoSuchWindowError: no such window: target window already closed
from unknown error: web view not found
  (Session info: chrome=75.0.3770.142)
  (Driver info: chromedriver=74.0.3729.6 (255758eccf3d244491b8a1317aa76e1ce10d57e9-refs/branch-heads/3729@{#29}),platform=Windows NT 10.0.17763 x86_64)
    at Object.checkLegacyResponse (D:\project\a365_Workspace2\A365_Workspace\A365e2e\node_modules\selenium-webdriver\lib\error.js:546:15)
    at parseHttpResponse (D:\project\a365_Workspace2\A365_Workspace\A365e2e\node_modules\selenium-webdriver\lib\http.js:509:13)
    at doSend.then.response (D:\project\a365_Workspace2\A365_Workspace\A365e2e\node_modules\selenium-webdriver\lib\http.js:441:30)
    at process._tickCallback (internal/process/next_tick.js:68:7)
From: Task: WebDriver.getCurrentUrl()
    at Driver.schedule (D:\project\a365_Workspace2\A365_Workspace\A365e2e\node_modules\selenium-webdriver\lib\webdriver.js:807:17)
    at Driver.getCurrentUrl (D:\project\a365_Workspace2\A365_Workspace\A365e2e\node_modules\selenium-webdriver\lib\webdriver.js:993:17)
    at run (D:\project\a365_Workspace2\A365_Workspace\A365e2e\node_modules\protractor\built\browser.js:59:33)
    at ManagedPromise.invokeCallback_ (D:\project\a365_Workspace2\A365_Workspace\A365e2e\node_modules\selenium-webdriver\lib\promise.js:1376:14)
    at TaskQueue.execute_ (D:\project\a365_Workspace2\A365_Workspace\A365e2e\node_modules\selenium-webdriver\lib\promise.js:3084:14)
    at TaskQueue.executeNext_ (D:\project\a365_Workspace2\A365_Workspace\A365e2e\node_modules\selenium-webdriver\lib\promise.js:3067:27)
    at asyncRun (D:\project\a365_Workspace2\A365_Workspace\A365e2e\node_modules\selenium-webdriver\lib\promise.js:2927:27)
    at D:\project\a365_Workspace2\A365_Workspace\A365e2e\node_modules\selenium-webdriver\lib\promise.js:668:7
    at process._tickCallback (internal/process/next_tick.js:68:7)
From: Task: Run it("Select Arcadia Instance") in control flow
    at UserContext.<anonymous> (D:\project\a365_Workspace2\A365_Workspace\A365e2e\node_modules\jasminewd2\index.js:94:19)
    at attempt (D:\project\a365_Workspace2\A365_Workspace\A365e2e\node_modules\jasmine-core\lib\jasmine-core\jasmine.js:4297:26)
    at QueueRunner.run (D:\project\a365_Workspace2\A365_Workspace\A365e2e\node_modules\jasmine-core\lib\jasmine-core\jasmine.js:4217:20)
    at QueueRunner.execute (D:\project\a365_Workspace2\A365_Workspace\A365e2e\node_modules\jasmine-core\lib\jasmine-core\jasmine.js:4199:10)
    at Spec.queueRunnerFactory (D:\project\a365_Workspace2\A365_Workspace\A365e2e\node_modules\jasmine-core\lib\jasmine-core\jasmine.js:909:35)
    at Spec.execute (D:\project\a365_Workspace2\A365_Workspace\A365e2e\node_modules\jasmine-core\lib\jasmine-core\jasmine.js:526:10)
    at UserContext.fn (D:\project\a365_Workspace2\A365_Workspace\A365e2e\node_modules\jasmine-core\lib\jasmine-core\jasmine.js:5340:37)
    at attempt (D:\project\a365_Workspace2\A365_Workspace\A365e2e\node_modules\jasmine-core\lib\jasmine-core\jasmine.js:4297:26)
    at QueueRunner.run (D:\project\a365_Workspace2\A365_Workspace\A365e2e\node_modules\jasmine-core\lib\jasmine-core\jasmine.js:4217:20)
    at QueueRunner.execute (D:\project\a365_Workspace2\A365_Workspace\A365e2e\node_modules\jasmine-core\lib\jasmine-core\jasmine.js:4199:10)
From asynchronous test: 
Error: 
    at Suite.<anonymous> (D:\project\a365_Workspace2\A365_Workspace\A365e2e\e2e\SelectArcadiaInstance\selectArcadia.spec.ts:7:5)
    at addSpecsToSuite (D:\project\a365_Workspace2\A365_Workspace\A365e2e\node_modules\jasmine-core\lib\jasmine-core\jasmine.js:1107:25)
    at Env.describe (D:\project\a365_Workspace2\A365_Workspace\A365e2e\node_modules\jasmine-core\lib\jasmine-core\jasmine.js:1074:7)
    at describe (D:\project\a365_Workspace2\A365_Workspace\A365e2e\node_modules\jasmine-core\lib\jasmine-core\jasmine.js:4399:18)
    at Object.<anonymous> (D:\project\a365_Workspace2\A365_Workspace\A365e2e\e2e\SelectArcadiaInstance\selectArcadia.spec.ts:4:1)
    at Module._compile (internal/modules/cjs/loader.js:701:30)
    at Module.m._compile (D:\project\a365_Workspace2\A365_Workspace\A365e2e\node_modules\ts-node\src\index.ts:473:23)
    at Module._extensions..js (internal/modules/cjs/loader.js:712:10)
    at Object.require.extensions.(anonymous function) [as .ts] (D:\project\a365_Workspace2\A365_Workspace\A365e2e\node_modules\ts-node\src\index.ts:476:12)]]>
   </failure>
  </testcase>
 </testsuite>
 <testsuite name="notebook test" timestamp="2019-07-17T15:28:30" hostname="localhost" time="0.329" errors="0" tests="7" skipped="0" disabled="0" failures="14">
  <testcase classname="notebook test" name="Refresh notebook" time="0.05">
   <failure type="exception" message="Failed: no such window: target window already closed
from unknown error: web view not found
  (Session info: chrome=75.0.3770.142)
  (Driver info: chromedriver=74.0.3729.6 (255758eccf3d244491b8a1317aa76e1ce10d57e9-refs/branch-heads/3729@{#29}),platform=Windows NT 10.0.17763 x86_64)"><![CDATA[NoSuchWindowError: no such window: target window already closed
from unknown error: web view not found
  (Session info: chrome=75.0.3770.142)
  (Driver info: chromedriver=74.0.3729.6 (255758eccf3d244491b8a1317aa76e1ce10d57e9-refs/branch-heads/3729@{#29}),platform=Windows NT 10.0.17763 x86_64)
    at Object.checkLegacyResponse (D:\project\a365_Workspace2\A365_Workspace\A365e2e\node_modules\selenium-webdriver\lib\error.js:546:15)
    at parseHttpResponse (D:\project\a365_Workspace2\A365_Workspace\A365e2e\node_modules\selenium-webdriver\lib\http.js:509:13)
    at doSend.then.response (D:\project\a365_Workspace2\A365_Workspace\A365e2e\node_modules\selenium-webdriver\lib\http.js:441:30)
    at process._tickCallback (internal/process/next_tick.js:68:7)
From: Task: WebDriver.getCurrentUrl()
    at Driver.schedule (D:\project\a365_Workspace2\A365_Workspace\A365e2e\node_modules\selenium-webdriver\lib\webdriver.js:807:17)
    at Driver.getCurrentUrl (D:\project\a365_Workspace2\A365_Workspace\A365e2e\node_modules\selenium-webdriver\lib\webdriver.js:993:17)
    at run (D:\project\a365_Workspace2\A365_Workspace\A365e2e\node_modules\protractor\built\browser.js:59:33)
    at ManagedPromise.invokeCallback_ (D:\project\a365_Workspace2\A365_Workspace\A365e2e\node_modules\selenium-webdriver\lib\promise.js:1376:14)
    at TaskQueue.execute_ (D:\project\a365_Workspace2\A365_Workspace\A365e2e\node_modules\selenium-webdriver\lib\promise.js:3084:14)
    at TaskQueue.executeNext_ (D:\project\a365_Workspace2\A365_Workspace\A365e2e\node_modules\selenium-webdriver\lib\promise.js:3067:27)
    at asyncRun (D:\project\a365_Workspace2\A365_Workspace\A365e2e\node_modules\selenium-webdriver\lib\promise.js:2927:27)
    at D:\project\a365_Workspace2\A365_Workspace\A365e2e\node_modules\selenium-webdriver\lib\promise.js:668:7
    at process._tickCallback (internal/process/next_tick.js:68:7)
From: Task: Run beforeAll in control flow
    at UserContext.<anonymous> (D:\project\a365_Workspace2\A365_Workspace\A365e2e\node_modules\jasminewd2\index.js:94:19)
    at attempt (D:\project\a365_Workspace2\A365_Workspace\A365e2e\node_modules\jasmine-core\lib\jasmine-core\jasmine.js:4297:26)
    at QueueRunner.run (D:\project\a365_Workspace2\A365_Workspace\A365e2e\node_modules\jasmine-core\lib\jasmine-core\jasmine.js:4217:20)
    at QueueRunner.execute (D:\project\a365_Workspace2\A365_Workspace\A365e2e\node_modules\jasmine-core\lib\jasmine-core\jasmine.js:4199:10)
    at queueRunnerFactory (D:\project\a365_Workspace2\A365_Workspace\A365e2e\node_modules\jasmine-core\lib\jasmine-core\jasmine.js:909:35)
    at UserContext.fn (D:\project\a365_Workspace2\A365_Workspace\A365e2e\node_modules\jasmine-core\lib\jasmine-core\jasmine.js:5325:13)
    at attempt (D:\project\a365_Workspace2\A365_Workspace\A365e2e\node_modules\jasmine-core\lib\jasmine-core\jasmine.js:4297:26)
    at QueueRunner.run (D:\project\a365_Workspace2\A365_Workspace\A365e2e\node_modules\jasmine-core\lib\jasmine-core\jasmine.js:4217:20)
    at runNext (D:\project\a365_Workspace2\A365_Workspace\A365e2e\node_modules\jasmine-core\lib\jasmine-core\jasmine.js:4257:20)
    at D:\project\a365_Workspace2\A365_Workspace\A365e2e\node_modules\jasmine-core\lib\jasmine-core\jasmine.js:4264:13
From asynchronous test: 
Error: 
    at Suite.<anonymous> (D:\project\a365_Workspace2\A365_Workspace\A365e2e\e2e\Notebook\notebook.spec.ts:8:5)
    at addSpecsToSuite (D:\project\a365_Workspace2\A365_Workspace\A365e2e\node_modules\jasmine-core\lib\jasmine-core\jasmine.js:1107:25)
    at Env.describe (D:\project\a365_Workspace2\A365_Workspace\A365e2e\node_modules\jasmine-core\lib\jasmine-core\jasmine.js:1074:7)
    at describe (D:\project\a365_Workspace2\A365_Workspace\A365e2e\node_modules\jasmine-core\lib\jasmine-core\jasmine.js:4399:18)
    at Object.<anonymous> (D:\project\a365_Workspace2\A365_Workspace\A365e2e\e2e\Notebook\notebook.spec.ts:5:1)
    at Module._compile (internal/modules/cjs/loader.js:701:30)
    at Module.m._compile (D:\project\a365_Workspace2\A365_Workspace\A365e2e\node_modules\ts-node\src\index.ts:473:23)
    at Module._extensions..js (internal/modules/cjs/loader.js:712:10)
    at Object.require.extensions.(anonymous function) [as .ts] (D:\project\a365_Workspace2\A365_Workspace\A365e2e\node_modules\ts-node\src\index.ts:476:12)]]>
   </failure>
   <failure type="exception" message="Failed: no such window: target window already closed
from unknown error: web view not found
  (Session info: chrome=75.0.3770.142)
  (Driver info: chromedriver=74.0.3729.6 (255758eccf3d244491b8a1317aa76e1ce10d57e9-refs/branch-heads/3729@{#29}),platform=Windows NT 10.0.17763 x86_64)"><![CDATA[NoSuchWindowError: no such window: target window already closed
from unknown error: web view not found
  (Session info: chrome=75.0.3770.142)
  (Driver info: chromedriver=74.0.3729.6 (255758eccf3d244491b8a1317aa76e1ce10d57e9-refs/branch-heads/3729@{#29}),platform=Windows NT 10.0.17763 x86_64)
    at Object.checkLegacyResponse (D:\project\a365_Workspace2\A365_Workspace\A365e2e\node_modules\selenium-webdriver\lib\error.js:546:15)
    at parseHttpResponse (D:\project\a365_Workspace2\A365_Workspace\A365e2e\node_modules\selenium-webdriver\lib\http.js:509:13)
    at doSend.then.response (D:\project\a365_Workspace2\A365_Workspace\A365e2e\node_modules\selenium-webdriver\lib\http.js:441:30)
    at process._tickCallback (internal/process/next_tick.js:68:7)
From: Task: WebDriver.getCurrentUrl()
    at Driver.schedule (D:\project\a365_Workspace2\A365_Workspace\A365e2e\node_modules\selenium-webdriver\lib\webdriver.js:807:17)
    at Driver.getCurrentUrl (D:\project\a365_Workspace2\A365_Workspace\A365e2e\node_modules\selenium-webdriver\lib\webdriver.js:993:17)
    at run (D:\project\a365_Workspace2\A365_Workspace\A365e2e\node_modules\protractor\built\browser.js:59:33)
    at ManagedPromise.invokeCallback_ (D:\project\a365_Workspace2\A365_Workspace\A365e2e\node_modules\selenium-webdriver\lib\promise.js:1376:14)
    at TaskQueue.execute_ (D:\project\a365_Workspace2\A365_Workspace\A365e2e\node_modules\selenium-webdriver\lib\promise.js:3084:14)
    at TaskQueue.executeNext_ (D:\project\a365_Workspace2\A365_Workspace\A365e2e\node_modules\selenium-webdriver\lib\promise.js:3067:27)
    at asyncRun (D:\project\a365_Workspace2\A365_Workspace\A365e2e\node_modules\selenium-webdriver\lib\promise.js:2927:27)
    at D:\project\a365_Workspace2\A365_Workspace\A365e2e\node_modules\selenium-webdriver\lib\promise.js:668:7
    at process._tickCallback (internal/process/next_tick.js:68:7)
From: Task: Run it("Refresh notebook") in control flow
    at UserContext.<anonymous> (D:\project\a365_Workspace2\A365_Workspace\A365e2e\node_modules\jasminewd2\index.js:94:19)
    at attempt (D:\project\a365_Workspace2\A365_Workspace\A365e2e\node_modules\jasmine-core\lib\jasmine-core\jasmine.js:4297:26)
    at QueueRunner.run (D:\project\a365_Workspace2\A365_Workspace\A365e2e\node_modules\jasmine-core\lib\jasmine-core\jasmine.js:4217:20)
    at QueueRunner.execute (D:\project\a365_Workspace2\A365_Workspace\A365e2e\node_modules\jasmine-core\lib\jasmine-core\jasmine.js:4199:10)
    at Spec.queueRunnerFactory (D:\project\a365_Workspace2\A365_Workspace\A365e2e\node_modules\jasmine-core\lib\jasmine-core\jasmine.js:909:35)
    at Spec.execute (D:\project\a365_Workspace2\A365_Workspace\A365e2e\node_modules\jasmine-core\lib\jasmine-core\jasmine.js:526:10)
    at UserContext.fn (D:\project\a365_Workspace2\A365_Workspace\A365e2e\node_modules\jasmine-core\lib\jasmine-core\jasmine.js:5340:37)
    at attempt (D:\project\a365_Workspace2\A365_Workspace\A365e2e\node_modules\jasmine-core\lib\jasmine-core\jasmine.js:4297:26)
    at QueueRunner.run (D:\project\a365_Workspace2\A365_Workspace\A365e2e\node_modules\jasmine-core\lib\jasmine-core\jasmine.js:4217:20)
    at runNext (D:\project\a365_Workspace2\A365_Workspace\A365e2e\node_modules\jasmine-core\lib\jasmine-core\jasmine.js:4257:20)
From asynchronous test: 
Error: 
    at Suite.<anonymous> (D:\project\a365_Workspace2\A365_Workspace\A365e2e\e2e\Notebook\notebook.spec.ts:16:5)
    at addSpecsToSuite (D:\project\a365_Workspace2\A365_Workspace\A365e2e\node_modules\jasmine-core\lib\jasmine-core\jasmine.js:1107:25)
    at Env.describe (D:\project\a365_Workspace2\A365_Workspace\A365e2e\node_modules\jasmine-core\lib\jasmine-core\jasmine.js:1074:7)
    at describe (D:\project\a365_Workspace2\A365_Workspace\A365e2e\node_modules\jasmine-core\lib\jasmine-core\jasmine.js:4399:18)
    at Object.<anonymous> (D:\project\a365_Workspace2\A365_Workspace\A365e2e\e2e\Notebook\notebook.spec.ts:5:1)
    at Module._compile (internal/modules/cjs/loader.js:701:30)
    at Module.m._compile (D:\project\a365_Workspace2\A365_Workspace\A365e2e\node_modules\ts-node\src\index.ts:473:23)
    at Module._extensions..js (internal/modules/cjs/loader.js:712:10)
    at Object.require.extensions.(anonymous function) [as .ts] (D:\project\a365_Workspace2\A365_Workspace\A365e2e\node_modules\ts-node\src\index.ts:476:12)]]>
   </failure>
  </testcase>
  <testcase classname="notebook test" name="Create Notebook" time="0.034">
   <failure type="exception" message="Failed: no such window: target window already closed
from unknown error: web view not found
  (Session info: chrome=75.0.3770.142)
  (Driver info: chromedriver=74.0.3729.6 (255758eccf3d244491b8a1317aa76e1ce10d57e9-refs/branch-heads/3729@{#29}),platform=Windows NT 10.0.17763 x86_64)"><![CDATA[NoSuchWindowError: no such window: target window already closed
from unknown error: web view not found
  (Session info: chrome=75.0.3770.142)
  (Driver info: chromedriver=74.0.3729.6 (255758eccf3d244491b8a1317aa76e1ce10d57e9-refs/branch-heads/3729@{#29}),platform=Windows NT 10.0.17763 x86_64)
    at Object.checkLegacyResponse (D:\project\a365_Workspace2\A365_Workspace\A365e2e\node_modules\selenium-webdriver\lib\error.js:546:15)
    at parseHttpResponse (D:\project\a365_Workspace2\A365_Workspace\A365e2e\node_modules\selenium-webdriver\lib\http.js:509:13)
    at doSend.then.response (D:\project\a365_Workspace2\A365_Workspace\A365e2e\node_modules\selenium-webdriver\lib\http.js:441:30)
    at process._tickCallback (internal/process/next_tick.js:68:7)
From: Task: WebDriver.getCurrentUrl()
    at Driver.schedule (D:\project\a365_Workspace2\A365_Workspace\A365e2e\node_modules\selenium-webdriver\lib\webdriver.js:807:17)
    at Driver.getCurrentUrl (D:\project\a365_Workspace2\A365_Workspace\A365e2e\node_modules\selenium-webdriver\lib\webdriver.js:993:17)
    at run (D:\project\a365_Workspace2\A365_Workspace\A365e2e\node_modules\protractor\built\browser.js:59:33)
    at ManagedPromise.invokeCallback_ (D:\project\a365_Workspace2\A365_Workspace\A365e2e\node_modules\selenium-webdriver\lib\promise.js:1376:14)
    at TaskQueue.execute_ (D:\project\a365_Workspace2\A365_Workspace\A365e2e\node_modules\selenium-webdriver\lib\promise.js:3084:14)
    at TaskQueue.executeNext_ (D:\project\a365_Workspace2\A365_Workspace\A365e2e\node_modules\selenium-webdriver\lib\promise.js:3067:27)
    at asyncRun (D:\project\a365_Workspace2\A365_Workspace\A365e2e\node_modules\selenium-webdriver\lib\promise.js:2927:27)
    at D:\project\a365_Workspace2\A365_Workspace\A365e2e\node_modules\selenium-webdriver\lib\promise.js:668:7
    at process._tickCallback (internal/process/next_tick.js:68:7)
From: Task: Run beforeAll in control flow
    at UserContext.<anonymous> (D:\project\a365_Workspace2\A365_Workspace\A365e2e\node_modules\jasminewd2\index.js:94:19)
    at attempt (D:\project\a365_Workspace2\A365_Workspace\A365e2e\node_modules\jasmine-core\lib\jasmine-core\jasmine.js:4297:26)
    at QueueRunner.run (D:\project\a365_Workspace2\A365_Workspace\A365e2e\node_modules\jasmine-core\lib\jasmine-core\jasmine.js:4217:20)
    at QueueRunner.execute (D:\project\a365_Workspace2\A365_Workspace\A365e2e\node_modules\jasmine-core\lib\jasmine-core\jasmine.js:4199:10)
    at queueRunnerFactory (D:\project\a365_Workspace2\A365_Workspace\A365e2e\node_modules\jasmine-core\lib\jasmine-core\jasmine.js:909:35)
    at UserContext.fn (D:\project\a365_Workspace2\A365_Workspace\A365e2e\node_modules\jasmine-core\lib\jasmine-core\jasmine.js:5325:13)
    at attempt (D:\project\a365_Workspace2\A365_Workspace\A365e2e\node_modules\jasmine-core\lib\jasmine-core\jasmine.js:4297:26)
    at QueueRunner.run (D:\project\a365_Workspace2\A365_Workspace\A365e2e\node_modules\jasmine-core\lib\jasmine-core\jasmine.js:4217:20)
    at runNext (D:\project\a365_Workspace2\A365_Workspace\A365e2e\node_modules\jasmine-core\lib\jasmine-core\jasmine.js:4257:20)
    at D:\project\a365_Workspace2\A365_Workspace\A365e2e\node_modules\jasmine-core\lib\jasmine-core\jasmine.js:4264:13
From asynchronous test: 
Error: 
    at Suite.<anonymous> (D:\project\a365_Workspace2\A365_Workspace\A365e2e\e2e\Notebook\notebook.spec.ts:8:5)
    at addSpecsToSuite (D:\project\a365_Workspace2\A365_Workspace\A365e2e\node_modules\jasmine-core\lib\jasmine-core\jasmine.js:1107:25)
    at Env.describe (D:\project\a365_Workspace2\A365_Workspace\A365e2e\node_modules\jasmine-core\lib\jasmine-core\jasmine.js:1074:7)
    at describe (D:\project\a365_Workspace2\A365_Workspace\A365e2e\node_modules\jasmine-core\lib\jasmine-core\jasmine.js:4399:18)
    at Object.<anonymous> (D:\project\a365_Workspace2\A365_Workspace\A365e2e\e2e\Notebook\notebook.spec.ts:5:1)
    at Module._compile (internal/modules/cjs/loader.js:701:30)
    at Module.m._compile (D:\project\a365_Workspace2\A365_Workspace\A365e2e\node_modules\ts-node\src\index.ts:473:23)
    at Module._extensions..js (internal/modules/cjs/loader.js:712:10)
    at Object.require.extensions.(anonymous function) [as .ts] (D:\project\a365_Workspace2\A365_Workspace\A365e2e\node_modules\ts-node\src\index.ts:476:12)]]>
   </failure>
   <failure type="exception" message="Failed: no such window: target window already closed
from unknown error: web view not found
  (Session info: chrome=75.0.3770.142)
  (Driver info: chromedriver=74.0.3729.6 (255758eccf3d244491b8a1317aa76e1ce10d57e9-refs/branch-heads/3729@{#29}),platform=Windows NT 10.0.17763 x86_64)"><![CDATA[NoSuchWindowError: no such window: target window already closed
from unknown error: web view not found
  (Session info: chrome=75.0.3770.142)
  (Driver info: chromedriver=74.0.3729.6 (255758eccf3d244491b8a1317aa76e1ce10d57e9-refs/branch-heads/3729@{#29}),platform=Windows NT 10.0.17763 x86_64)
    at Object.checkLegacyResponse (D:\project\a365_Workspace2\A365_Workspace\A365e2e\node_modules\selenium-webdriver\lib\error.js:546:15)
    at parseHttpResponse (D:\project\a365_Workspace2\A365_Workspace\A365e2e\node_modules\selenium-webdriver\lib\http.js:509:13)
    at doSend.then.response (D:\project\a365_Workspace2\A365_Workspace\A365e2e\node_modules\selenium-webdriver\lib\http.js:441:30)
    at process._tickCallback (internal/process/next_tick.js:68:7)
From: Task: WebDriver.getCurrentUrl()
    at Driver.schedule (D:\project\a365_Workspace2\A365_Workspace\A365e2e\node_modules\selenium-webdriver\lib\webdriver.js:807:17)
    at Driver.getCurrentUrl (D:\project\a365_Workspace2\A365_Workspace\A365e2e\node_modules\selenium-webdriver\lib\webdriver.js:993:17)
    at run (D:\project\a365_Workspace2\A365_Workspace\A365e2e\node_modules\protractor\built\browser.js:59:33)
    at ManagedPromise.invokeCallback_ (D:\project\a365_Workspace2\A365_Workspace\A365e2e\node_modules\selenium-webdriver\lib\promise.js:1376:14)
    at TaskQueue.execute_ (D:\project\a365_Workspace2\A365_Workspace\A365e2e\node_modules\selenium-webdriver\lib\promise.js:3084:14)
    at TaskQueue.executeNext_ (D:\project\a365_Workspace2\A365_Workspace\A365e2e\node_modules\selenium-webdriver\lib\promise.js:3067:27)
    at asyncRun (D:\project\a365_Workspace2\A365_Workspace\A365e2e\node_modules\selenium-webdriver\lib\promise.js:2927:27)
    at D:\project\a365_Workspace2\A365_Workspace\A365e2e\node_modules\selenium-webdriver\lib\promise.js:668:7
    at process._tickCallback (internal/process/next_tick.js:68:7)
From: Task: Run it("Create Notebook") in control flow
    at UserContext.<anonymous> (D:\project\a365_Workspace2\A365_Workspace\A365e2e\node_modules\jasminewd2\index.js:94:19)
    at attempt (D:\project\a365_Workspace2\A365_Workspace\A365e2e\node_modules\jasmine-core\lib\jasmine-core\jasmine.js:4297:26)
    at QueueRunner.run (D:\project\a365_Workspace2\A365_Workspace\A365e2e\node_modules\jasmine-core\lib\jasmine-core\jasmine.js:4217:20)
    at QueueRunner.execute (D:\project\a365_Workspace2\A365_Workspace\A365e2e\node_modules\jasmine-core\lib\jasmine-core\jasmine.js:4199:10)
    at Spec.queueRunnerFactory (D:\project\a365_Workspace2\A365_Workspace\A365e2e\node_modules\jasmine-core\lib\jasmine-core\jasmine.js:909:35)
    at Spec.execute (D:\project\a365_Workspace2\A365_Workspace\A365e2e\node_modules\jasmine-core\lib\jasmine-core\jasmine.js:526:10)
    at UserContext.fn (D:\project\a365_Workspace2\A365_Workspace\A365e2e\node_modules\jasmine-core\lib\jasmine-core\jasmine.js:5340:37)
    at attempt (D:\project\a365_Workspace2\A365_Workspace\A365e2e\node_modules\jasmine-core\lib\jasmine-core\jasmine.js:4297:26)
    at QueueRunner.run (D:\project\a365_Workspace2\A365_Workspace\A365e2e\node_modules\jasmine-core\lib\jasmine-core\jasmine.js:4217:20)
    at runNext (D:\project\a365_Workspace2\A365_Workspace\A365e2e\node_modules\jasmine-core\lib\jasmine-core\jasmine.js:4257:20)
From asynchronous test: 
Error: 
    at Suite.<anonymous> (D:\project\a365_Workspace2\A365_Workspace\A365e2e\e2e\Notebook\notebook.spec.ts:21:5)
    at addSpecsToSuite (D:\project\a365_Workspace2\A365_Workspace\A365e2e\node_modules\jasmine-core\lib\jasmine-core\jasmine.js:1107:25)
    at Env.describe (D:\project\a365_Workspace2\A365_Workspace\A365e2e\node_modules\jasmine-core\lib\jasmine-core\jasmine.js:1074:7)
    at describe (D:\project\a365_Workspace2\A365_Workspace\A365e2e\node_modules\jasmine-core\lib\jasmine-core\jasmine.js:4399:18)
    at Object.<anonymous> (D:\project\a365_Workspace2\A365_Workspace\A365e2e\e2e\Notebook\notebook.spec.ts:5:1)
    at Module._compile (internal/modules/cjs/loader.js:701:30)
    at Module.m._compile (D:\project\a365_Workspace2\A365_Workspace\A365e2e\node_modules\ts-node\src\index.ts:473:23)
    at Module._extensions..js (internal/modules/cjs/loader.js:712:10)
    at Object.require.extensions.(anonymous function) [as .ts] (D:\project\a365_Workspace2\A365_Workspace\A365e2e\node_modules\ts-node\src\index.ts:476:12)]]>
   </failure>
  </testcase>
  <testcase classname="notebook test" name="Open Notebook" time="0.033">
   <failure type="exception" message="Failed: no such window: target window already closed
from unknown error: web view not found
  (Session info: chrome=75.0.3770.142)
  (Driver info: chromedriver=74.0.3729.6 (255758eccf3d244491b8a1317aa76e1ce10d57e9-refs/branch-heads/3729@{#29}),platform=Windows NT 10.0.17763 x86_64)"><![CDATA[NoSuchWindowError: no such window: target window already closed
from unknown error: web view not found
  (Session info: chrome=75.0.3770.142)
  (Driver info: chromedriver=74.0.3729.6 (255758eccf3d244491b8a1317aa76e1ce10d57e9-refs/branch-heads/3729@{#29}),platform=Windows NT 10.0.17763 x86_64)
    at Object.checkLegacyResponse (D:\project\a365_Workspace2\A365_Workspace\A365e2e\node_modules\selenium-webdriver\lib\error.js:546:15)
    at parseHttpResponse (D:\project\a365_Workspace2\A365_Workspace\A365e2e\node_modules\selenium-webdriver\lib\http.js:509:13)
    at doSend.then.response (D:\project\a365_Workspace2\A365_Workspace\A365e2e\node_modules\selenium-webdriver\lib\http.js:441:30)
    at process._tickCallback (internal/process/next_tick.js:68:7)
From: Task: WebDriver.getCurrentUrl()
    at Driver.schedule (D:\project\a365_Workspace2\A365_Workspace\A365e2e\node_modules\selenium-webdriver\lib\webdriver.js:807:17)
    at Driver.getCurrentUrl (D:\project\a365_Workspace2\A365_Workspace\A365e2e\node_modules\selenium-webdriver\lib\webdriver.js:993:17)
    at run (D:\project\a365_Workspace2\A365_Workspace\A365e2e\node_modules\protractor\built\browser.js:59:33)
    at ManagedPromise.invokeCallback_ (D:\project\a365_Workspace2\A365_Workspace\A365e2e\node_modules\selenium-webdriver\lib\promise.js:1376:14)
    at TaskQueue.execute_ (D:\project\a365_Workspace2\A365_Workspace\A365e2e\node_modules\selenium-webdriver\lib\promise.js:3084:14)
    at TaskQueue.executeNext_ (D:\project\a365_Workspace2\A365_Workspace\A365e2e\node_modules\selenium-webdriver\lib\promise.js:3067:27)
    at asyncRun (D:\project\a365_Workspace2\A365_Workspace\A365e2e\node_modules\selenium-webdriver\lib\promise.js:2927:27)
    at D:\project\a365_Workspace2\A365_Workspace\A365e2e\node_modules\selenium-webdriver\lib\promise.js:668:7
    at process._tickCallback (internal/process/next_tick.js:68:7)
From: Task: Run beforeAll in control flow
    at UserContext.<anonymous> (D:\project\a365_Workspace2\A365_Workspace\A365e2e\node_modules\jasminewd2\index.js:94:19)
    at attempt (D:\project\a365_Workspace2\A365_Workspace\A365e2e\node_modules\jasmine-core\lib\jasmine-core\jasmine.js:4297:26)
    at QueueRunner.run (D:\project\a365_Workspace2\A365_Workspace\A365e2e\node_modules\jasmine-core\lib\jasmine-core\jasmine.js:4217:20)
    at QueueRunner.execute (D:\project\a365_Workspace2\A365_Workspace\A365e2e\node_modules\jasmine-core\lib\jasmine-core\jasmine.js:4199:10)
    at queueRunnerFactory (D:\project\a365_Workspace2\A365_Workspace\A365e2e\node_modules\jasmine-core\lib\jasmine-core\jasmine.js:909:35)
    at UserContext.fn (D:\project\a365_Workspace2\A365_Workspace\A365e2e\node_modules\jasmine-core\lib\jasmine-core\jasmine.js:5325:13)
    at attempt (D:\project\a365_Workspace2\A365_Workspace\A365e2e\node_modules\jasmine-core\lib\jasmine-core\jasmine.js:4297:26)
    at QueueRunner.run (D:\project\a365_Workspace2\A365_Workspace\A365e2e\node_modules\jasmine-core\lib\jasmine-core\jasmine.js:4217:20)
    at runNext (D:\project\a365_Workspace2\A365_Workspace\A365e2e\node_modules\jasmine-core\lib\jasmine-core\jasmine.js:4257:20)
    at D:\project\a365_Workspace2\A365_Workspace\A365e2e\node_modules\jasmine-core\lib\jasmine-core\jasmine.js:4264:13
From asynchronous test: 
Error: 
    at Suite.<anonymous> (D:\project\a365_Workspace2\A365_Workspace\A365e2e\e2e\Notebook\notebook.spec.ts:8:5)
    at addSpecsToSuite (D:\project\a365_Workspace2\A365_Workspace\A365e2e\node_modules\jasmine-core\lib\jasmine-core\jasmine.js:1107:25)
    at Env.describe (D:\project\a365_Workspace2\A365_Workspace\A365e2e\node_modules\jasmine-core\lib\jasmine-core\jasmine.js:1074:7)
    at describe (D:\project\a365_Workspace2\A365_Workspace\A365e2e\node_modules\jasmine-core\lib\jasmine-core\jasmine.js:4399:18)
    at Object.<anonymous> (D:\project\a365_Workspace2\A365_Workspace\A365e2e\e2e\Notebook\notebook.spec.ts:5:1)
    at Module._compile (internal/modules/cjs/loader.js:701:30)
    at Module.m._compile (D:\project\a365_Workspace2\A365_Workspace\A365e2e\node_modules\ts-node\src\index.ts:473:23)
    at Module._extensions..js (internal/modules/cjs/loader.js:712:10)
    at Object.require.extensions.(anonymous function) [as .ts] (D:\project\a365_Workspace2\A365_Workspace\A365e2e\node_modules\ts-node\src\index.ts:476:12)]]>
   </failure>
   <failure type="exception" message="Failed: no such window: target window already closed
from unknown error: web view not found
  (Session info: chrome=75.0.3770.142)
  (Driver info: chromedriver=74.0.3729.6 (255758eccf3d244491b8a1317aa76e1ce10d57e9-refs/branch-heads/3729@{#29}),platform=Windows NT 10.0.17763 x86_64)"><![CDATA[NoSuchWindowError: no such window: target window already closed
from unknown error: web view not found
  (Session info: chrome=75.0.3770.142)
  (Driver info: chromedriver=74.0.3729.6 (255758eccf3d244491b8a1317aa76e1ce10d57e9-refs/branch-heads/3729@{#29}),platform=Windows NT 10.0.17763 x86_64)
    at Object.checkLegacyResponse (D:\project\a365_Workspace2\A365_Workspace\A365e2e\node_modules\selenium-webdriver\lib\error.js:546:15)
    at parseHttpResponse (D:\project\a365_Workspace2\A365_Workspace\A365e2e\node_modules\selenium-webdriver\lib\http.js:509:13)
    at doSend.then.response (D:\project\a365_Workspace2\A365_Workspace\A365e2e\node_modules\selenium-webdriver\lib\http.js:441:30)
    at process._tickCallback (internal/process/next_tick.js:68:7)
From: Task: WebDriver.getCurrentUrl()
    at Driver.schedule (D:\project\a365_Workspace2\A365_Workspace\A365e2e\node_modules\selenium-webdriver\lib\webdriver.js:807:17)
    at Driver.getCurrentUrl (D:\project\a365_Workspace2\A365_Workspace\A365e2e\node_modules\selenium-webdriver\lib\webdriver.js:993:17)
    at run (D:\project\a365_Workspace2\A365_Workspace\A365e2e\node_modules\protractor\built\browser.js:59:33)
    at ManagedPromise.invokeCallback_ (D:\project\a365_Workspace2\A365_Workspace\A365e2e\node_modules\selenium-webdriver\lib\promise.js:1376:14)
    at TaskQueue.execute_ (D:\project\a365_Workspace2\A365_Workspace\A365e2e\node_modules\selenium-webdriver\lib\promise.js:3084:14)
    at TaskQueue.executeNext_ (D:\project\a365_Workspace2\A365_Workspace\A365e2e\node_modules\selenium-webdriver\lib\promise.js:3067:27)
    at asyncRun (D:\project\a365_Workspace2\A365_Workspace\A365e2e\node_modules\selenium-webdriver\lib\promise.js:2927:27)
    at D:\project\a365_Workspace2\A365_Workspace\A365e2e\node_modules\selenium-webdriver\lib\promise.js:668:7
    at process._tickCallback (internal/process/next_tick.js:68:7)
From: Task: Run it("Open Notebook") in control flow
    at UserContext.<anonymous> (D:\project\a365_Workspace2\A365_Workspace\A365e2e\node_modules\jasminewd2\index.js:94:19)
    at attempt (D:\project\a365_Workspace2\A365_Workspace\A365e2e\node_modules\jasmine-core\lib\jasmine-core\jasmine.js:4297:26)
    at QueueRunner.run (D:\project\a365_Workspace2\A365_Workspace\A365e2e\node_modules\jasmine-core\lib\jasmine-core\jasmine.js:4217:20)
    at QueueRunner.execute (D:\project\a365_Workspace2\A365_Workspace\A365e2e\node_modules\jasmine-core\lib\jasmine-core\jasmine.js:4199:10)
    at Spec.queueRunnerFactory (D:\project\a365_Workspace2\A365_Workspace\A365e2e\node_modules\jasmine-core\lib\jasmine-core\jasmine.js:909:35)
    at Spec.execute (D:\project\a365_Workspace2\A365_Workspace\A365e2e\node_modules\jasmine-core\lib\jasmine-core\jasmine.js:526:10)
    at UserContext.fn (D:\project\a365_Workspace2\A365_Workspace\A365e2e\node_modules\jasmine-core\lib\jasmine-core\jasmine.js:5340:37)
    at attempt (D:\project\a365_Workspace2\A365_Workspace\A365e2e\node_modules\jasmine-core\lib\jasmine-core\jasmine.js:4297:26)
    at QueueRunner.run (D:\project\a365_Workspace2\A365_Workspace\A365e2e\node_modules\jasmine-core\lib\jasmine-core\jasmine.js:4217:20)
    at runNext (D:\project\a365_Workspace2\A365_Workspace\A365e2e\node_modules\jasmine-core\lib\jasmine-core\jasmine.js:4257:20)
From asynchronous test: 
Error: 
    at Suite.<anonymous> (D:\project\a365_Workspace2\A365_Workspace\A365e2e\e2e\Notebook\notebook.spec.ts:32:5)
    at addSpecsToSuite (D:\project\a365_Workspace2\A365_Workspace\A365e2e\node_modules\jasmine-core\lib\jasmine-core\jasmine.js:1107:25)
    at Env.describe (D:\project\a365_Workspace2\A365_Workspace\A365e2e\node_modules\jasmine-core\lib\jasmine-core\jasmine.js:1074:7)
    at describe (D:\project\a365_Workspace2\A365_Workspace\A365e2e\node_modules\jasmine-core\lib\jasmine-core\jasmine.js:4399:18)
    at Object.<anonymous> (D:\project\a365_Workspace2\A365_Workspace\A365e2e\e2e\Notebook\notebook.spec.ts:5:1)
    at Module._compile (internal/modules/cjs/loader.js:701:30)
    at Module.m._compile (D:\project\a365_Workspace2\A365_Workspace\A365e2e\node_modules\ts-node\src\index.ts:473:23)
    at Module._extensions..js (internal/modules/cjs/loader.js:712:10)
    at Object.require.extensions.(anonymous function) [as .ts] (D:\project\a365_Workspace2\A365_Workspace\A365e2e\node_modules\ts-node\src\index.ts:476:12)]]>
   </failure>
  </testcase>
  <testcase classname="notebook test" name="Add cell" time="0.043">
   <failure type="exception" message="Failed: no such window: target window already closed
from unknown error: web view not found
  (Session info: chrome=75.0.3770.142)
  (Driver info: chromedriver=74.0.3729.6 (255758eccf3d244491b8a1317aa76e1ce10d57e9-refs/branch-heads/3729@{#29}),platform=Windows NT 10.0.17763 x86_64)"><![CDATA[NoSuchWindowError: no such window: target window already closed
from unknown error: web view not found
  (Session info: chrome=75.0.3770.142)
  (Driver info: chromedriver=74.0.3729.6 (255758eccf3d244491b8a1317aa76e1ce10d57e9-refs/branch-heads/3729@{#29}),platform=Windows NT 10.0.17763 x86_64)
    at Object.checkLegacyResponse (D:\project\a365_Workspace2\A365_Workspace\A365e2e\node_modules\selenium-webdriver\lib\error.js:546:15)
    at parseHttpResponse (D:\project\a365_Workspace2\A365_Workspace\A365e2e\node_modules\selenium-webdriver\lib\http.js:509:13)
    at doSend.then.response (D:\project\a365_Workspace2\A365_Workspace\A365e2e\node_modules\selenium-webdriver\lib\http.js:441:30)
    at process._tickCallback (internal/process/next_tick.js:68:7)
From: Task: WebDriver.getCurrentUrl()
    at Driver.schedule (D:\project\a365_Workspace2\A365_Workspace\A365e2e\node_modules\selenium-webdriver\lib\webdriver.js:807:17)
    at Driver.getCurrentUrl (D:\project\a365_Workspace2\A365_Workspace\A365e2e\node_modules\selenium-webdriver\lib\webdriver.js:993:17)
    at run (D:\project\a365_Workspace2\A365_Workspace\A365e2e\node_modules\protractor\built\browser.js:59:33)
    at ManagedPromise.invokeCallback_ (D:\project\a365_Workspace2\A365_Workspace\A365e2e\node_modules\selenium-webdriver\lib\promise.js:1376:14)
    at TaskQueue.execute_ (D:\project\a365_Workspace2\A365_Workspace\A365e2e\node_modules\selenium-webdriver\lib\promise.js:3084:14)
    at TaskQueue.executeNext_ (D:\project\a365_Workspace2\A365_Workspace\A365e2e\node_modules\selenium-webdriver\lib\promise.js:3067:27)
    at asyncRun (D:\project\a365_Workspace2\A365_Workspace\A365e2e\node_modules\selenium-webdriver\lib\promise.js:2927:27)
    at D:\project\a365_Workspace2\A365_Workspace\A365e2e\node_modules\selenium-webdriver\lib\promise.js:668:7
    at process._tickCallback (internal/process/next_tick.js:68:7)
From: Task: Run beforeAll in control flow
    at UserContext.<anonymous> (D:\project\a365_Workspace2\A365_Workspace\A365e2e\node_modules\jasminewd2\index.js:94:19)
    at attempt (D:\project\a365_Workspace2\A365_Workspace\A365e2e\node_modules\jasmine-core\lib\jasmine-core\jasmine.js:4297:26)
    at QueueRunner.run (D:\project\a365_Workspace2\A365_Workspace\A365e2e\node_modules\jasmine-core\lib\jasmine-core\jasmine.js:4217:20)
    at QueueRunner.execute (D:\project\a365_Workspace2\A365_Workspace\A365e2e\node_modules\jasmine-core\lib\jasmine-core\jasmine.js:4199:10)
    at queueRunnerFactory (D:\project\a365_Workspace2\A365_Workspace\A365e2e\node_modules\jasmine-core\lib\jasmine-core\jasmine.js:909:35)
    at UserContext.fn (D:\project\a365_Workspace2\A365_Workspace\A365e2e\node_modules\jasmine-core\lib\jasmine-core\jasmine.js:5325:13)
    at attempt (D:\project\a365_Workspace2\A365_Workspace\A365e2e\node_modules\jasmine-core\lib\jasmine-core\jasmine.js:4297:26)
    at QueueRunner.run (D:\project\a365_Workspace2\A365_Workspace\A365e2e\node_modules\jasmine-core\lib\jasmine-core\jasmine.js:4217:20)
    at runNext (D:\project\a365_Workspace2\A365_Workspace\A365e2e\node_modules\jasmine-core\lib\jasmine-core\jasmine.js:4257:20)
    at D:\project\a365_Workspace2\A365_Workspace\A365e2e\node_modules\jasmine-core\lib\jasmine-core\jasmine.js:4264:13
From asynchronous test: 
Error: 
    at Suite.<anonymous> (D:\project\a365_Workspace2\A365_Workspace\A365e2e\e2e\Notebook\notebook.spec.ts:8:5)
    at addSpecsToSuite (D:\project\a365_Workspace2\A365_Workspace\A365e2e\node_modules\jasmine-core\lib\jasmine-core\jasmine.js:1107:25)
    at Env.describe (D:\project\a365_Workspace2\A365_Workspace\A365e2e\node_modules\jasmine-core\lib\jasmine-core\jasmine.js:1074:7)
    at describe (D:\project\a365_Workspace2\A365_Workspace\A365e2e\node_modules\jasmine-core\lib\jasmine-core\jasmine.js:4399:18)
    at Object.<anonymous> (D:\project\a365_Workspace2\A365_Workspace\A365e2e\e2e\Notebook\notebook.spec.ts:5:1)
    at Module._compile (internal/modules/cjs/loader.js:701:30)
    at Module.m._compile (D:\project\a365_Workspace2\A365_Workspace\A365e2e\node_modules\ts-node\src\index.ts:473:23)
    at Module._extensions..js (internal/modules/cjs/loader.js:712:10)
    at Object.require.extensions.(anonymous function) [as .ts] (D:\project\a365_Workspace2\A365_Workspace\A365e2e\node_modules\ts-node\src\index.ts:476:12)]]>
   </failure>
   <failure type="exception" message="Failed: no such window: target window already closed
from unknown error: web view not found
  (Session info: chrome=75.0.3770.142)
  (Driver info: chromedriver=74.0.3729.6 (255758eccf3d244491b8a1317aa76e1ce10d57e9-refs/branch-heads/3729@{#29}),platform=Windows NT 10.0.17763 x86_64)"><![CDATA[NoSuchWindowError: no such window: target window already closed
from unknown error: web view not found
  (Session info: chrome=75.0.3770.142)
  (Driver info: chromedriver=74.0.3729.6 (255758eccf3d244491b8a1317aa76e1ce10d57e9-refs/branch-heads/3729@{#29}),platform=Windows NT 10.0.17763 x86_64)
    at Object.checkLegacyResponse (D:\project\a365_Workspace2\A365_Workspace\A365e2e\node_modules\selenium-webdriver\lib\error.js:546:15)
    at parseHttpResponse (D:\project\a365_Workspace2\A365_Workspace\A365e2e\node_modules\selenium-webdriver\lib\http.js:509:13)
    at doSend.then.response (D:\project\a365_Workspace2\A365_Workspace\A365e2e\node_modules\selenium-webdriver\lib\http.js:441:30)
    at process._tickCallback (internal/process/next_tick.js:68:7)
From: Task: WebDriver.getCurrentUrl()
    at Driver.schedule (D:\project\a365_Workspace2\A365_Workspace\A365e2e\node_modules\selenium-webdriver\lib\webdriver.js:807:17)
    at Driver.getCurrentUrl (D:\project\a365_Workspace2\A365_Workspace\A365e2e\node_modules\selenium-webdriver\lib\webdriver.js:993:17)
    at run (D:\project\a365_Workspace2\A365_Workspace\A365e2e\node_modules\protractor\built\browser.js:59:33)
    at ManagedPromise.invokeCallback_ (D:\project\a365_Workspace2\A365_Workspace\A365e2e\node_modules\selenium-webdriver\lib\promise.js:1376:14)
    at TaskQueue.execute_ (D:\project\a365_Workspace2\A365_Workspace\A365e2e\node_modules\selenium-webdriver\lib\promise.js:3084:14)
    at TaskQueue.executeNext_ (D:\project\a365_Workspace2\A365_Workspace\A365e2e\node_modules\selenium-webdriver\lib\promise.js:3067:27)
    at asyncRun (D:\project\a365_Workspace2\A365_Workspace\A365e2e\node_modules\selenium-webdriver\lib\promise.js:2927:27)
    at D:\project\a365_Workspace2\A365_Workspace\A365e2e\node_modules\selenium-webdriver\lib\promise.js:668:7
    at process._tickCallback (internal/process/next_tick.js:68:7)
From: Task: Run it("Add cell") in control flow
    at UserContext.<anonymous> (D:\project\a365_Workspace2\A365_Workspace\A365e2e\node_modules\jasminewd2\index.js:94:19)
    at attempt (D:\project\a365_Workspace2\A365_Workspace\A365e2e\node_modules\jasmine-core\lib\jasmine-core\jasmine.js:4297:26)
    at QueueRunner.run (D:\project\a365_Workspace2\A365_Workspace\A365e2e\node_modules\jasmine-core\lib\jasmine-core\jasmine.js:4217:20)
    at QueueRunner.execute (D:\project\a365_Workspace2\A365_Workspace\A365e2e\node_modules\jasmine-core\lib\jasmine-core\jasmine.js:4199:10)
    at Spec.queueRunnerFactory (D:\project\a365_Workspace2\A365_Workspace\A365e2e\node_modules\jasmine-core\lib\jasmine-core\jasmine.js:909:35)
    at Spec.execute (D:\project\a365_Workspace2\A365_Workspace\A365e2e\node_modules\jasmine-core\lib\jasmine-core\jasmine.js:526:10)
    at UserContext.fn (D:\project\a365_Workspace2\A365_Workspace\A365e2e\node_modules\jasmine-core\lib\jasmine-core\jasmine.js:5340:37)
    at attempt (D:\project\a365_Workspace2\A365_Workspace\A365e2e\node_modules\jasmine-core\lib\jasmine-core\jasmine.js:4297:26)
    at QueueRunner.run (D:\project\a365_Workspace2\A365_Workspace\A365e2e\node_modules\jasmine-core\lib\jasmine-core\jasmine.js:4217:20)
    at runNext (D:\project\a365_Workspace2\A365_Workspace\A365e2e\node_modules\jasmine-core\lib\jasmine-core\jasmine.js:4257:20)
From asynchronous test: 
Error: 
    at Suite.<anonymous> (D:\project\a365_Workspace2\A365_Workspace\A365e2e\e2e\Notebook\notebook.spec.ts:38:5)
    at addSpecsToSuite (D:\project\a365_Workspace2\A365_Workspace\A365e2e\node_modules\jasmine-core\lib\jasmine-core\jasmine.js:1107:25)
    at Env.describe (D:\project\a365_Workspace2\A365_Workspace\A365e2e\node_modules\jasmine-core\lib\jasmine-core\jasmine.js:1074:7)
    at describe (D:\project\a365_Workspace2\A365_Workspace\A365e2e\node_modules\jasmine-core\lib\jasmine-core\jasmine.js:4399:18)
    at Object.<anonymous> (D:\project\a365_Workspace2\A365_Workspace\A365e2e\e2e\Notebook\notebook.spec.ts:5:1)
    at Module._compile (internal/modules/cjs/loader.js:701:30)
    at Module.m._compile (D:\project\a365_Workspace2\A365_Workspace\A365e2e\node_modules\ts-node\src\index.ts:473:23)
    at Module._extensions..js (internal/modules/cjs/loader.js:712:10)
    at Object.require.extensions.(anonymous function) [as .ts] (D:\project\a365_Workspace2\A365_Workspace\A365e2e\node_modules\ts-node\src\index.ts:476:12)]]>
   </failure>
  </testcase>
  <testcase classname="notebook test" name="Add Markdown" time="0.057">
   <failure type="exception" message="Failed: no such window: target window already closed
from unknown error: web view not found
  (Session info: chrome=75.0.3770.142)
  (Driver info: chromedriver=74.0.3729.6 (255758eccf3d244491b8a1317aa76e1ce10d57e9-refs/branch-heads/3729@{#29}),platform=Windows NT 10.0.17763 x86_64)"><![CDATA[NoSuchWindowError: no such window: target window already closed
from unknown error: web view not found
  (Session info: chrome=75.0.3770.142)
  (Driver info: chromedriver=74.0.3729.6 (255758eccf3d244491b8a1317aa76e1ce10d57e9-refs/branch-heads/3729@{#29}),platform=Windows NT 10.0.17763 x86_64)
    at Object.checkLegacyResponse (D:\project\a365_Workspace2\A365_Workspace\A365e2e\node_modules\selenium-webdriver\lib\error.js:546:15)
    at parseHttpResponse (D:\project\a365_Workspace2\A365_Workspace\A365e2e\node_modules\selenium-webdriver\lib\http.js:509:13)
    at doSend.then.response (D:\project\a365_Workspace2\A365_Workspace\A365e2e\node_modules\selenium-webdriver\lib\http.js:441:30)
    at process._tickCallback (internal/process/next_tick.js:68:7)
From: Task: WebDriver.getCurrentUrl()
    at Driver.schedule (D:\project\a365_Workspace2\A365_Workspace\A365e2e\node_modules\selenium-webdriver\lib\webdriver.js:807:17)
    at Driver.getCurrentUrl (D:\project\a365_Workspace2\A365_Workspace\A365e2e\node_modules\selenium-webdriver\lib\webdriver.js:993:17)
    at run (D:\project\a365_Workspace2\A365_Workspace\A365e2e\node_modules\protractor\built\browser.js:59:33)
    at ManagedPromise.invokeCallback_ (D:\project\a365_Workspace2\A365_Workspace\A365e2e\node_modules\selenium-webdriver\lib\promise.js:1376:14)
    at TaskQueue.execute_ (D:\project\a365_Workspace2\A365_Workspace\A365e2e\node_modules\selenium-webdriver\lib\promise.js:3084:14)
    at TaskQueue.executeNext_ (D:\project\a365_Workspace2\A365_Workspace\A365e2e\node_modules\selenium-webdriver\lib\promise.js:3067:27)
    at asyncRun (D:\project\a365_Workspace2\A365_Workspace\A365e2e\node_modules\selenium-webdriver\lib\promise.js:2927:27)
    at D:\project\a365_Workspace2\A365_Workspace\A365e2e\node_modules\selenium-webdriver\lib\promise.js:668:7
    at process._tickCallback (internal/process/next_tick.js:68:7)
From: Task: Run beforeAll in control flow
    at UserContext.<anonymous> (D:\project\a365_Workspace2\A365_Workspace\A365e2e\node_modules\jasminewd2\index.js:94:19)
    at attempt (D:\project\a365_Workspace2\A365_Workspace\A365e2e\node_modules\jasmine-core\lib\jasmine-core\jasmine.js:4297:26)
    at QueueRunner.run (D:\project\a365_Workspace2\A365_Workspace\A365e2e\node_modules\jasmine-core\lib\jasmine-core\jasmine.js:4217:20)
    at QueueRunner.execute (D:\project\a365_Workspace2\A365_Workspace\A365e2e\node_modules\jasmine-core\lib\jasmine-core\jasmine.js:4199:10)
    at queueRunnerFactory (D:\project\a365_Workspace2\A365_Workspace\A365e2e\node_modules\jasmine-core\lib\jasmine-core\jasmine.js:909:35)
    at UserContext.fn (D:\project\a365_Workspace2\A365_Workspace\A365e2e\node_modules\jasmine-core\lib\jasmine-core\jasmine.js:5325:13)
    at attempt (D:\project\a365_Workspace2\A365_Workspace\A365e2e\node_modules\jasmine-core\lib\jasmine-core\jasmine.js:4297:26)
    at QueueRunner.run (D:\project\a365_Workspace2\A365_Workspace\A365e2e\node_modules\jasmine-core\lib\jasmine-core\jasmine.js:4217:20)
    at runNext (D:\project\a365_Workspace2\A365_Workspace\A365e2e\node_modules\jasmine-core\lib\jasmine-core\jasmine.js:4257:20)
    at D:\project\a365_Workspace2\A365_Workspace\A365e2e\node_modules\jasmine-core\lib\jasmine-core\jasmine.js:4264:13
From asynchronous test: 
Error: 
    at Suite.<anonymous> (D:\project\a365_Workspace2\A365_Workspace\A365e2e\e2e\Notebook\notebook.spec.ts:8:5)
    at addSpecsToSuite (D:\project\a365_Workspace2\A365_Workspace\A365e2e\node_modules\jasmine-core\lib\jasmine-core\jasmine.js:1107:25)
    at Env.describe (D:\project\a365_Workspace2\A365_Workspace\A365e2e\node_modules\jasmine-core\lib\jasmine-core\jasmine.js:1074:7)
    at describe (D:\project\a365_Workspace2\A365_Workspace\A365e2e\node_modules\jasmine-core\lib\jasmine-core\jasmine.js:4399:18)
    at Object.<anonymous> (D:\project\a365_Workspace2\A365_Workspace\A365e2e\e2e\Notebook\notebook.spec.ts:5:1)
    at Module._compile (internal/modules/cjs/loader.js:701:30)
    at Module.m._compile (D:\project\a365_Workspace2\A365_Workspace\A365e2e\node_modules\ts-node\src\index.ts:473:23)
    at Module._extensions..js (internal/modules/cjs/loader.js:712:10)
    at Object.require.extensions.(anonymous function) [as .ts] (D:\project\a365_Workspace2\A365_Workspace\A365e2e\node_modules\ts-node\src\index.ts:476:12)]]>
   </failure>
   <failure type="exception" message="Failed: no such window: target window already closed
from unknown error: web view not found
  (Session info: chrome=75.0.3770.142)
  (Driver info: chromedriver=74.0.3729.6 (255758eccf3d244491b8a1317aa76e1ce10d57e9-refs/branch-heads/3729@{#29}),platform=Windows NT 10.0.17763 x86_64)"><![CDATA[NoSuchWindowError: no such window: target window already closed
from unknown error: web view not found
  (Session info: chrome=75.0.3770.142)
  (Driver info: chromedriver=74.0.3729.6 (255758eccf3d244491b8a1317aa76e1ce10d57e9-refs/branch-heads/3729@{#29}),platform=Windows NT 10.0.17763 x86_64)
    at Object.checkLegacyResponse (D:\project\a365_Workspace2\A365_Workspace\A365e2e\node_modules\selenium-webdriver\lib\error.js:546:15)
    at parseHttpResponse (D:\project\a365_Workspace2\A365_Workspace\A365e2e\node_modules\selenium-webdriver\lib\http.js:509:13)
    at doSend.then.response (D:\project\a365_Workspace2\A365_Workspace\A365e2e\node_modules\selenium-webdriver\lib\http.js:441:30)
    at process._tickCallback (internal/process/next_tick.js:68:7)
From: Task: WebDriver.getCurrentUrl()
    at Driver.schedule (D:\project\a365_Workspace2\A365_Workspace\A365e2e\node_modules\selenium-webdriver\lib\webdriver.js:807:17)
    at Driver.getCurrentUrl (D:\project\a365_Workspace2\A365_Workspace\A365e2e\node_modules\selenium-webdriver\lib\webdriver.js:993:17)
    at run (D:\project\a365_Workspace2\A365_Workspace\A365e2e\node_modules\protractor\built\browser.js:59:33)
    at ManagedPromise.invokeCallback_ (D:\project\a365_Workspace2\A365_Workspace\A365e2e\node_modules\selenium-webdriver\lib\promise.js:1376:14)
    at TaskQueue.execute_ (D:\project\a365_Workspace2\A365_Workspace\A365e2e\node_modules\selenium-webdriver\lib\promise.js:3084:14)
    at TaskQueue.executeNext_ (D:\project\a365_Workspace2\A365_Workspace\A365e2e\node_modules\selenium-webdriver\lib\promise.js:3067:27)
    at asyncRun (D:\project\a365_Workspace2\A365_Workspace\A365e2e\node_modules\selenium-webdriver\lib\promise.js:2927:27)
    at D:\project\a365_Workspace2\A365_Workspace\A365e2e\node_modules\selenium-webdriver\lib\promise.js:668:7
    at process._tickCallback (internal/process/next_tick.js:68:7)
From: Task: Run it("Add Markdown") in control flow
    at UserContext.<anonymous> (D:\project\a365_Workspace2\A365_Workspace\A365e2e\node_modules\jasminewd2\index.js:94:19)
    at attempt (D:\project\a365_Workspace2\A365_Workspace\A365e2e\node_modules\jasmine-core\lib\jasmine-core\jasmine.js:4297:26)
    at QueueRunner.run (D:\project\a365_Workspace2\A365_Workspace\A365e2e\node_modules\jasmine-core\lib\jasmine-core\jasmine.js:4217:20)
    at QueueRunner.execute (D:\project\a365_Workspace2\A365_Workspace\A365e2e\node_modules\jasmine-core\lib\jasmine-core\jasmine.js:4199:10)
    at Spec.queueRunnerFactory (D:\project\a365_Workspace2\A365_Workspace\A365e2e\node_modules\jasmine-core\lib\jasmine-core\jasmine.js:909:35)
    at Spec.execute (D:\project\a365_Workspace2\A365_Workspace\A365e2e\node_modules\jasmine-core\lib\jasmine-core\jasmine.js:526:10)
    at UserContext.fn (D:\project\a365_Workspace2\A365_Workspace\A365e2e\node_modules\jasmine-core\lib\jasmine-core\jasmine.js:5340:37)
    at attempt (D:\project\a365_Workspace2\A365_Workspace\A365e2e\node_modules\jasmine-core\lib\jasmine-core\jasmine.js:4297:26)
    at QueueRunner.run (D:\project\a365_Workspace2\A365_Workspace\A365e2e\node_modules\jasmine-core\lib\jasmine-core\jasmine.js:4217:20)
    at runNext (D:\project\a365_Workspace2\A365_Workspace\A365e2e\node_modules\jasmine-core\lib\jasmine-core\jasmine.js:4257:20)
From asynchronous test: 
Error: 
    at Suite.<anonymous> (D:\project\a365_Workspace2\A365_Workspace\A365e2e\e2e\Notebook\notebook.spec.ts:44:5)
    at addSpecsToSuite (D:\project\a365_Workspace2\A365_Workspace\A365e2e\node_modules\jasmine-core\lib\jasmine-core\jasmine.js:1107:25)
    at Env.describe (D:\project\a365_Workspace2\A365_Workspace\A365e2e\node_modules\jasmine-core\lib\jasmine-core\jasmine.js:1074:7)
    at describe (D:\project\a365_Workspace2\A365_Workspace\A365e2e\node_modules\jasmine-core\lib\jasmine-core\jasmine.js:4399:18)
    at Object.<anonymous> (D:\project\a365_Workspace2\A365_Workspace\A365e2e\e2e\Notebook\notebook.spec.ts:5:1)
    at Module._compile (internal/modules/cjs/loader.js:701:30)
    at Module.m._compile (D:\project\a365_Workspace2\A365_Workspace\A365e2e\node_modules\ts-node\src\index.ts:473:23)
    at Module._extensions..js (internal/modules/cjs/loader.js:712:10)
    at Object.require.extensions.(anonymous function) [as .ts] (D:\project\a365_Workspace2\A365_Workspace\A365e2e\node_modules\ts-node\src\index.ts:476:12)]]>
   </failure>
  </testcase>
  <testcase classname="notebook test" name="Save current notebook" time="0.037">
   <failure type="exception" message="Failed: no such window: target window already closed
from unknown error: web view not found
  (Session info: chrome=75.0.3770.142)
  (Driver info: chromedriver=74.0.3729.6 (255758eccf3d244491b8a1317aa76e1ce10d57e9-refs/branch-heads/3729@{#29}),platform=Windows NT 10.0.17763 x86_64)"><![CDATA[NoSuchWindowError: no such window: target window already closed
from unknown error: web view not found
  (Session info: chrome=75.0.3770.142)
  (Driver info: chromedriver=74.0.3729.6 (255758eccf3d244491b8a1317aa76e1ce10d57e9-refs/branch-heads/3729@{#29}),platform=Windows NT 10.0.17763 x86_64)
    at Object.checkLegacyResponse (D:\project\a365_Workspace2\A365_Workspace\A365e2e\node_modules\selenium-webdriver\lib\error.js:546:15)
    at parseHttpResponse (D:\project\a365_Workspace2\A365_Workspace\A365e2e\node_modules\selenium-webdriver\lib\http.js:509:13)
    at doSend.then.response (D:\project\a365_Workspace2\A365_Workspace\A365e2e\node_modules\selenium-webdriver\lib\http.js:441:30)
    at process._tickCallback (internal/process/next_tick.js:68:7)
From: Task: WebDriver.getCurrentUrl()
    at Driver.schedule (D:\project\a365_Workspace2\A365_Workspace\A365e2e\node_modules\selenium-webdriver\lib\webdriver.js:807:17)
    at Driver.getCurrentUrl (D:\project\a365_Workspace2\A365_Workspace\A365e2e\node_modules\selenium-webdriver\lib\webdriver.js:993:17)
    at run (D:\project\a365_Workspace2\A365_Workspace\A365e2e\node_modules\protractor\built\browser.js:59:33)
    at ManagedPromise.invokeCallback_ (D:\project\a365_Workspace2\A365_Workspace\A365e2e\node_modules\selenium-webdriver\lib\promise.js:1376:14)
    at TaskQueue.execute_ (D:\project\a365_Workspace2\A365_Workspace\A365e2e\node_modules\selenium-webdriver\lib\promise.js:3084:14)
    at TaskQueue.executeNext_ (D:\project\a365_Workspace2\A365_Workspace\A365e2e\node_modules\selenium-webdriver\lib\promise.js:3067:27)
    at asyncRun (D:\project\a365_Workspace2\A365_Workspace\A365e2e\node_modules\selenium-webdriver\lib\promise.js:2927:27)
    at D:\project\a365_Workspace2\A365_Workspace\A365e2e\node_modules\selenium-webdriver\lib\promise.js:668:7
    at process._tickCallback (internal/process/next_tick.js:68:7)
From: Task: Run beforeAll in control flow
    at UserContext.<anonymous> (D:\project\a365_Workspace2\A365_Workspace\A365e2e\node_modules\jasminewd2\index.js:94:19)
    at attempt (D:\project\a365_Workspace2\A365_Workspace\A365e2e\node_modules\jasmine-core\lib\jasmine-core\jasmine.js:4297:26)
    at QueueRunner.run (D:\project\a365_Workspace2\A365_Workspace\A365e2e\node_modules\jasmine-core\lib\jasmine-core\jasmine.js:4217:20)
    at QueueRunner.execute (D:\project\a365_Workspace2\A365_Workspace\A365e2e\node_modules\jasmine-core\lib\jasmine-core\jasmine.js:4199:10)
    at queueRunnerFactory (D:\project\a365_Workspace2\A365_Workspace\A365e2e\node_modules\jasmine-core\lib\jasmine-core\jasmine.js:909:35)
    at UserContext.fn (D:\project\a365_Workspace2\A365_Workspace\A365e2e\node_modules\jasmine-core\lib\jasmine-core\jasmine.js:5325:13)
    at attempt (D:\project\a365_Workspace2\A365_Workspace\A365e2e\node_modules\jasmine-core\lib\jasmine-core\jasmine.js:4297:26)
    at QueueRunner.run (D:\project\a365_Workspace2\A365_Workspace\A365e2e\node_modules\jasmine-core\lib\jasmine-core\jasmine.js:4217:20)
    at runNext (D:\project\a365_Workspace2\A365_Workspace\A365e2e\node_modules\jasmine-core\lib\jasmine-core\jasmine.js:4257:20)
    at D:\project\a365_Workspace2\A365_Workspace\A365e2e\node_modules\jasmine-core\lib\jasmine-core\jasmine.js:4264:13
From asynchronous test: 
Error: 
    at Suite.<anonymous> (D:\project\a365_Workspace2\A365_Workspace\A365e2e\e2e\Notebook\notebook.spec.ts:8:5)
    at addSpecsToSuite (D:\project\a365_Workspace2\A365_Workspace\A365e2e\node_modules\jasmine-core\lib\jasmine-core\jasmine.js:1107:25)
    at Env.describe (D:\project\a365_Workspace2\A365_Workspace\A365e2e\node_modules\jasmine-core\lib\jasmine-core\jasmine.js:1074:7)
    at describe (D:\project\a365_Workspace2\A365_Workspace\A365e2e\node_modules\jasmine-core\lib\jasmine-core\jasmine.js:4399:18)
    at Object.<anonymous> (D:\project\a365_Workspace2\A365_Workspace\A365e2e\e2e\Notebook\notebook.spec.ts:5:1)
    at Module._compile (internal/modules/cjs/loader.js:701:30)
    at Module.m._compile (D:\project\a365_Workspace2\A365_Workspace\A365e2e\node_modules\ts-node\src\index.ts:473:23)
    at Module._extensions..js (internal/modules/cjs/loader.js:712:10)
    at Object.require.extensions.(anonymous function) [as .ts] (D:\project\a365_Workspace2\A365_Workspace\A365e2e\node_modules\ts-node\src\index.ts:476:12)]]>
   </failure>
   <failure type="exception" message="Failed: no such window: target window already closed
from unknown error: web view not found
  (Session info: chrome=75.0.3770.142)
  (Driver info: chromedriver=74.0.3729.6 (255758eccf3d244491b8a1317aa76e1ce10d57e9-refs/branch-heads/3729@{#29}),platform=Windows NT 10.0.17763 x86_64)"><![CDATA[NoSuchWindowError: no such window: target window already closed
from unknown error: web view not found
  (Session info: chrome=75.0.3770.142)
  (Driver info: chromedriver=74.0.3729.6 (255758eccf3d244491b8a1317aa76e1ce10d57e9-refs/branch-heads/3729@{#29}),platform=Windows NT 10.0.17763 x86_64)
    at Object.checkLegacyResponse (D:\project\a365_Workspace2\A365_Workspace\A365e2e\node_modules\selenium-webdriver\lib\error.js:546:15)
    at parseHttpResponse (D:\project\a365_Workspace2\A365_Workspace\A365e2e\node_modules\selenium-webdriver\lib\http.js:509:13)
    at doSend.then.response (D:\project\a365_Workspace2\A365_Workspace\A365e2e\node_modules\selenium-webdriver\lib\http.js:441:30)
    at process._tickCallback (internal/process/next_tick.js:68:7)
From: Task: WebDriver.getCurrentUrl()
    at Driver.schedule (D:\project\a365_Workspace2\A365_Workspace\A365e2e\node_modules\selenium-webdriver\lib\webdriver.js:807:17)
    at Driver.getCurrentUrl (D:\project\a365_Workspace2\A365_Workspace\A365e2e\node_modules\selenium-webdriver\lib\webdriver.js:993:17)
    at run (D:\project\a365_Workspace2\A365_Workspace\A365e2e\node_modules\protractor\built\browser.js:59:33)
    at ManagedPromise.invokeCallback_ (D:\project\a365_Workspace2\A365_Workspace\A365e2e\node_modules\selenium-webdriver\lib\promise.js:1376:14)
    at TaskQueue.execute_ (D:\project\a365_Workspace2\A365_Workspace\A365e2e\node_modules\selenium-webdriver\lib\promise.js:3084:14)
    at TaskQueue.executeNext_ (D:\project\a365_Workspace2\A365_Workspace\A365e2e\node_modules\selenium-webdriver\lib\promise.js:3067:27)
    at asyncRun (D:\project\a365_Workspace2\A365_Workspace\A365e2e\node_modules\selenium-webdriver\lib\promise.js:2927:27)
    at D:\project\a365_Workspace2\A365_Workspace\A365e2e\node_modules\selenium-webdriver\lib\promise.js:668:7
    at process._tickCallback (internal/process/next_tick.js:68:7)
From: Task: Run it("Save current notebook") in control flow
    at UserContext.<anonymous> (D:\project\a365_Workspace2\A365_Workspace\A365e2e\node_modules\jasminewd2\index.js:94:19)
    at attempt (D:\project\a365_Workspace2\A365_Workspace\A365e2e\node_modules\jasmine-core\lib\jasmine-core\jasmine.js:4297:26)
    at QueueRunner.run (D:\project\a365_Workspace2\A365_Workspace\A365e2e\node_modules\jasmine-core\lib\jasmine-core\jasmine.js:4217:20)
    at QueueRunner.execute (D:\project\a365_Workspace2\A365_Workspace\A365e2e\node_modules\jasmine-core\lib\jasmine-core\jasmine.js:4199:10)
    at Spec.queueRunnerFactory (D:\project\a365_Workspace2\A365_Workspace\A365e2e\node_modules\jasmine-core\lib\jasmine-core\jasmine.js:909:35)
    at Spec.execute (D:\project\a365_Workspace2\A365_Workspace\A365e2e\node_modules\jasmine-core\lib\jasmine-core\jasmine.js:526:10)
    at UserContext.fn (D:\project\a365_Workspace2\A365_Workspace\A365e2e\node_modules\jasmine-core\lib\jasmine-core\jasmine.js:5340:37)
    at attempt (D:\project\a365_Workspace2\A365_Workspace\A365e2e\node_modules\jasmine-core\lib\jasmine-core\jasmine.js:4297:26)
    at QueueRunner.run (D:\project\a365_Workspace2\A365_Workspace\A365e2e\node_modules\jasmine-core\lib\jasmine-core\jasmine.js:4217:20)
    at runNext (D:\project\a365_Workspace2\A365_Workspace\A365e2e\node_modules\jasmine-core\lib\jasmine-core\jasmine.js:4257:20)
From asynchronous test: 
Error: 
    at Suite.<anonymous> (D:\project\a365_Workspace2\A365_Workspace\A365e2e\e2e\Notebook\notebook.spec.ts:50:5)
    at addSpecsToSuite (D:\project\a365_Workspace2\A365_Workspace\A365e2e\node_modules\jasmine-core\lib\jasmine-core\jasmine.js:1107:25)
    at Env.describe (D:\project\a365_Workspace2\A365_Workspace\A365e2e\node_modules\jasmine-core\lib\jasmine-core\jasmine.js:1074:7)
    at describe (D:\project\a365_Workspace2\A365_Workspace\A365e2e\node_modules\jasmine-core\lib\jasmine-core\jasmine.js:4399:18)
    at Object.<anonymous> (D:\project\a365_Workspace2\A365_Workspace\A365e2e\e2e\Notebook\notebook.spec.ts:5:1)
    at Module._compile (internal/modules/cjs/loader.js:701:30)
    at Module.m._compile (D:\project\a365_Workspace2\A365_Workspace\A365e2e\node_modules\ts-node\src\index.ts:473:23)
    at Module._extensions..js (internal/modules/cjs/loader.js:712:10)
    at Object.require.extensions.(anonymous function) [as .ts] (D:\project\a365_Workspace2\A365_Workspace\A365e2e\node_modules\ts-node\src\index.ts:476:12)]]>
   </failure>
  </testcase>
  <testcase classname="notebook test" name="Rename Notebook" time="0.042">
   <failure type="exception" message="Failed: no such window: target window already closed
from unknown error: web view not found
  (Session info: chrome=75.0.3770.142)
  (Driver info: chromedriver=74.0.3729.6 (255758eccf3d244491b8a1317aa76e1ce10d57e9-refs/branch-heads/3729@{#29}),platform=Windows NT 10.0.17763 x86_64)"><![CDATA[NoSuchWindowError: no such window: target window already closed
from unknown error: web view not found
  (Session info: chrome=75.0.3770.142)
  (Driver info: chromedriver=74.0.3729.6 (255758eccf3d244491b8a1317aa76e1ce10d57e9-refs/branch-heads/3729@{#29}),platform=Windows NT 10.0.17763 x86_64)
    at Object.checkLegacyResponse (D:\project\a365_Workspace2\A365_Workspace\A365e2e\node_modules\selenium-webdriver\lib\error.js:546:15)
    at parseHttpResponse (D:\project\a365_Workspace2\A365_Workspace\A365e2e\node_modules\selenium-webdriver\lib\http.js:509:13)
    at doSend.then.response (D:\project\a365_Workspace2\A365_Workspace\A365e2e\node_modules\selenium-webdriver\lib\http.js:441:30)
    at process._tickCallback (internal/process/next_tick.js:68:7)
From: Task: WebDriver.getCurrentUrl()
    at Driver.schedule (D:\project\a365_Workspace2\A365_Workspace\A365e2e\node_modules\selenium-webdriver\lib\webdriver.js:807:17)
    at Driver.getCurrentUrl (D:\project\a365_Workspace2\A365_Workspace\A365e2e\node_modules\selenium-webdriver\lib\webdriver.js:993:17)
    at run (D:\project\a365_Workspace2\A365_Workspace\A365e2e\node_modules\protractor\built\browser.js:59:33)
    at ManagedPromise.invokeCallback_ (D:\project\a365_Workspace2\A365_Workspace\A365e2e\node_modules\selenium-webdriver\lib\promise.js:1376:14)
    at TaskQueue.execute_ (D:\project\a365_Workspace2\A365_Workspace\A365e2e\node_modules\selenium-webdriver\lib\promise.js:3084:14)
    at TaskQueue.executeNext_ (D:\project\a365_Workspace2\A365_Workspace\A365e2e\node_modules\selenium-webdriver\lib\promise.js:3067:27)
    at asyncRun (D:\project\a365_Workspace2\A365_Workspace\A365e2e\node_modules\selenium-webdriver\lib\promise.js:2927:27)
    at D:\project\a365_Workspace2\A365_Workspace\A365e2e\node_modules\selenium-webdriver\lib\promise.js:668:7
    at process._tickCallback (internal/process/next_tick.js:68:7)
From: Task: Run beforeAll in control flow
    at UserContext.<anonymous> (D:\project\a365_Workspace2\A365_Workspace\A365e2e\node_modules\jasminewd2\index.js:94:19)
    at attempt (D:\project\a365_Workspace2\A365_Workspace\A365e2e\node_modules\jasmine-core\lib\jasmine-core\jasmine.js:4297:26)
    at QueueRunner.run (D:\project\a365_Workspace2\A365_Workspace\A365e2e\node_modules\jasmine-core\lib\jasmine-core\jasmine.js:4217:20)
    at QueueRunner.execute (D:\project\a365_Workspace2\A365_Workspace\A365e2e\node_modules\jasmine-core\lib\jasmine-core\jasmine.js:4199:10)
    at queueRunnerFactory (D:\project\a365_Workspace2\A365_Workspace\A365e2e\node_modules\jasmine-core\lib\jasmine-core\jasmine.js:909:35)
    at UserContext.fn (D:\project\a365_Workspace2\A365_Workspace\A365e2e\node_modules\jasmine-core\lib\jasmine-core\jasmine.js:5325:13)
    at attempt (D:\project\a365_Workspace2\A365_Workspace\A365e2e\node_modules\jasmine-core\lib\jasmine-core\jasmine.js:4297:26)
    at QueueRunner.run (D:\project\a365_Workspace2\A365_Workspace\A365e2e\node_modules\jasmine-core\lib\jasmine-core\jasmine.js:4217:20)
    at runNext (D:\project\a365_Workspace2\A365_Workspace\A365e2e\node_modules\jasmine-core\lib\jasmine-core\jasmine.js:4257:20)
    at D:\project\a365_Workspace2\A365_Workspace\A365e2e\node_modules\jasmine-core\lib\jasmine-core\jasmine.js:4264:13
From asynchronous test: 
Error: 
    at Suite.<anonymous> (D:\project\a365_Workspace2\A365_Workspace\A365e2e\e2e\Notebook\notebook.spec.ts:8:5)
    at addSpecsToSuite (D:\project\a365_Workspace2\A365_Workspace\A365e2e\node_modules\jasmine-core\lib\jasmine-core\jasmine.js:1107:25)
    at Env.describe (D:\project\a365_Workspace2\A365_Workspace\A365e2e\node_modules\jasmine-core\lib\jasmine-core\jasmine.js:1074:7)
    at describe (D:\project\a365_Workspace2\A365_Workspace\A365e2e\node_modules\jasmine-core\lib\jasmine-core\jasmine.js:4399:18)
    at Object.<anonymous> (D:\project\a365_Workspace2\A365_Workspace\A365e2e\e2e\Notebook\notebook.spec.ts:5:1)
    at Module._compile (internal/modules/cjs/loader.js:701:30)
    at Module.m._compile (D:\project\a365_Workspace2\A365_Workspace\A365e2e\node_modules\ts-node\src\index.ts:473:23)
    at Module._extensions..js (internal/modules/cjs/loader.js:712:10)
    at Object.require.extensions.(anonymous function) [as .ts] (D:\project\a365_Workspace2\A365_Workspace\A365e2e\node_modules\ts-node\src\index.ts:476:12)]]>
   </failure>
   <failure type="exception" message="Failed: no such window: target window already closed
from unknown error: web view not found
  (Session info: chrome=75.0.3770.142)
  (Driver info: chromedriver=74.0.3729.6 (255758eccf3d244491b8a1317aa76e1ce10d57e9-refs/branch-heads/3729@{#29}),platform=Windows NT 10.0.17763 x86_64)"><![CDATA[NoSuchWindowError: no such window: target window already closed
from unknown error: web view not found
  (Session info: chrome=75.0.3770.142)
  (Driver info: chromedriver=74.0.3729.6 (255758eccf3d244491b8a1317aa76e1ce10d57e9-refs/branch-heads/3729@{#29}),platform=Windows NT 10.0.17763 x86_64)
    at Object.checkLegacyResponse (D:\project\a365_Workspace2\A365_Workspace\A365e2e\node_modules\selenium-webdriver\lib\error.js:546:15)
    at parseHttpResponse (D:\project\a365_Workspace2\A365_Workspace\A365e2e\node_modules\selenium-webdriver\lib\http.js:509:13)
    at doSend.then.response (D:\project\a365_Workspace2\A365_Workspace\A365e2e\node_modules\selenium-webdriver\lib\http.js:441:30)
    at process._tickCallback (internal/process/next_tick.js:68:7)
From: Task: WebDriver.getCurrentUrl()
    at Driver.schedule (D:\project\a365_Workspace2\A365_Workspace\A365e2e\node_modules\selenium-webdriver\lib\webdriver.js:807:17)
    at Driver.getCurrentUrl (D:\project\a365_Workspace2\A365_Workspace\A365e2e\node_modules\selenium-webdriver\lib\webdriver.js:993:17)
    at run (D:\project\a365_Workspace2\A365_Workspace\A365e2e\node_modules\protractor\built\browser.js:59:33)
    at ManagedPromise.invokeCallback_ (D:\project\a365_Workspace2\A365_Workspace\A365e2e\node_modules\selenium-webdriver\lib\promise.js:1376:14)
    at TaskQueue.execute_ (D:\project\a365_Workspace2\A365_Workspace\A365e2e\node_modules\selenium-webdriver\lib\promise.js:3084:14)
    at TaskQueue.executeNext_ (D:\project\a365_Workspace2\A365_Workspace\A365e2e\node_modules\selenium-webdriver\lib\promise.js:3067:27)
    at asyncRun (D:\project\a365_Workspace2\A365_Workspace\A365e2e\node_modules\selenium-webdriver\lib\promise.js:2927:27)
    at D:\project\a365_Workspace2\A365_Workspace\A365e2e\node_modules\selenium-webdriver\lib\promise.js:668:7
    at process._tickCallback (internal/process/next_tick.js:68:7)
From: Task: Run it("Rename Notebook") in control flow
    at UserContext.<anonymous> (D:\project\a365_Workspace2\A365_Workspace\A365e2e\node_modules\jasminewd2\index.js:94:19)
    at attempt (D:\project\a365_Workspace2\A365_Workspace\A365e2e\node_modules\jasmine-core\lib\jasmine-core\jasmine.js:4297:26)
    at QueueRunner.run (D:\project\a365_Workspace2\A365_Workspace\A365e2e\node_modules\jasmine-core\lib\jasmine-core\jasmine.js:4217:20)
    at QueueRunner.execute (D:\project\a365_Workspace2\A365_Workspace\A365e2e\node_modules\jasmine-core\lib\jasmine-core\jasmine.js:4199:10)
    at Spec.queueRunnerFactory (D:\project\a365_Workspace2\A365_Workspace\A365e2e\node_modules\jasmine-core\lib\jasmine-core\jasmine.js:909:35)
    at Spec.execute (D:\project\a365_Workspace2\A365_Workspace\A365e2e\node_modules\jasmine-core\lib\jasmine-core\jasmine.js:526:10)
    at UserContext.fn (D:\project\a365_Workspace2\A365_Workspace\A365e2e\node_modules\jasmine-core\lib\jasmine-core\jasmine.js:5340:37)
    at attempt (D:\project\a365_Workspace2\A365_Workspace\A365e2e\node_modules\jasmine-core\lib\jasmine-core\jasmine.js:4297:26)
    at QueueRunner.run (D:\project\a365_Workspace2\A365_Workspace\A365e2e\node_modules\jasmine-core\lib\jasmine-core\jasmine.js:4217:20)
    at runNext (D:\project\a365_Workspace2\A365_Workspace\A365e2e\node_modules\jasmine-core\lib\jasmine-core\jasmine.js:4257:20)
From asynchronous test: 
Error: 
    at Suite.<anonymous> (D:\project\a365_Workspace2\A365_Workspace\A365e2e\e2e\Notebook\notebook.spec.ts:60:5)
    at addSpecsToSuite (D:\project\a365_Workspace2\A365_Workspace\A365e2e\node_modules\jasmine-core\lib\jasmine-core\jasmine.js:1107:25)
    at Env.describe (D:\project\a365_Workspace2\A365_Workspace\A365e2e\node_modules\jasmine-core\lib\jasmine-core\jasmine.js:1074:7)
    at describe (D:\project\a365_Workspace2\A365_Workspace\A365e2e\node_modules\jasmine-core\lib\jasmine-core\jasmine.js:4399:18)
    at Object.<anonymous> (D:\project\a365_Workspace2\A365_Workspace\A365e2e\e2e\Notebook\notebook.spec.ts:5:1)
    at Module._compile (internal/modules/cjs/loader.js:701:30)
    at Module.m._compile (D:\project\a365_Workspace2\A365_Workspace\A365e2e\node_modules\ts-node\src\index.ts:473:23)
    at Module._extensions..js (internal/modules/cjs/loader.js:712:10)
    at Object.require.extensions.(anonymous function) [as .ts] (D:\project\a365_Workspace2\A365_Workspace\A365e2e\node_modules\ts-node\src\index.ts:476:12)]]>
   </failure>
  </testcase>
 </testsuite>
 <testsuite name="Sql Scripts test" timestamp="2019-07-17T15:28:31" hostname="localhost" time="1.323" errors="0" tests="8" skipped="0" disabled="0" failures="16">
  <testcase classname="Sql Scripts test" name="Refresh Sql Scripts" time="0.062">
   <failure type="exception" message="Failed: no such window: target window already closed
from unknown error: web view not found
  (Session info: chrome=75.0.3770.142)
  (Driver info: chromedriver=74.0.3729.6 (255758eccf3d244491b8a1317aa76e1ce10d57e9-refs/branch-heads/3729@{#29}),platform=Windows NT 10.0.17763 x86_64)"><![CDATA[NoSuchWindowError: no such window: target window already closed
from unknown error: web view not found
  (Session info: chrome=75.0.3770.142)
  (Driver info: chromedriver=74.0.3729.6 (255758eccf3d244491b8a1317aa76e1ce10d57e9-refs/branch-heads/3729@{#29}),platform=Windows NT 10.0.17763 x86_64)
    at Object.checkLegacyResponse (D:\project\a365_Workspace2\A365_Workspace\A365e2e\node_modules\selenium-webdriver\lib\error.js:546:15)
    at parseHttpResponse (D:\project\a365_Workspace2\A365_Workspace\A365e2e\node_modules\selenium-webdriver\lib\http.js:509:13)
    at doSend.then.response (D:\project\a365_Workspace2\A365_Workspace\A365e2e\node_modules\selenium-webdriver\lib\http.js:441:30)
    at process._tickCallback (internal/process/next_tick.js:68:7)
From: Task: WebDriver.getCurrentUrl()
    at Driver.schedule (D:\project\a365_Workspace2\A365_Workspace\A365e2e\node_modules\selenium-webdriver\lib\webdriver.js:807:17)
    at Driver.getCurrentUrl (D:\project\a365_Workspace2\A365_Workspace\A365e2e\node_modules\selenium-webdriver\lib\webdriver.js:993:17)
    at run (D:\project\a365_Workspace2\A365_Workspace\A365e2e\node_modules\protractor\built\browser.js:59:33)
    at ManagedPromise.invokeCallback_ (D:\project\a365_Workspace2\A365_Workspace\A365e2e\node_modules\selenium-webdriver\lib\promise.js:1376:14)
    at TaskQueue.execute_ (D:\project\a365_Workspace2\A365_Workspace\A365e2e\node_modules\selenium-webdriver\lib\promise.js:3084:14)
    at TaskQueue.executeNext_ (D:\project\a365_Workspace2\A365_Workspace\A365e2e\node_modules\selenium-webdriver\lib\promise.js:3067:27)
    at asyncRun (D:\project\a365_Workspace2\A365_Workspace\A365e2e\node_modules\selenium-webdriver\lib\promise.js:2927:27)
    at D:\project\a365_Workspace2\A365_Workspace\A365e2e\node_modules\selenium-webdriver\lib\promise.js:668:7
    at process._tickCallback (internal/process/next_tick.js:68:7)
From: Task: Run beforeAll in control flow
    at UserContext.<anonymous> (D:\project\a365_Workspace2\A365_Workspace\A365e2e\node_modules\jasminewd2\index.js:94:19)
    at attempt (D:\project\a365_Workspace2\A365_Workspace\A365e2e\node_modules\jasmine-core\lib\jasmine-core\jasmine.js:4297:26)
    at QueueRunner.run (D:\project\a365_Workspace2\A365_Workspace\A365e2e\node_modules\jasmine-core\lib\jasmine-core\jasmine.js:4217:20)
    at QueueRunner.execute (D:\project\a365_Workspace2\A365_Workspace\A365e2e\node_modules\jasmine-core\lib\jasmine-core\jasmine.js:4199:10)
    at queueRunnerFactory (D:\project\a365_Workspace2\A365_Workspace\A365e2e\node_modules\jasmine-core\lib\jasmine-core\jasmine.js:909:35)
    at UserContext.fn (D:\project\a365_Workspace2\A365_Workspace\A365e2e\node_modules\jasmine-core\lib\jasmine-core\jasmine.js:5325:13)
    at attempt (D:\project\a365_Workspace2\A365_Workspace\A365e2e\node_modules\jasmine-core\lib\jasmine-core\jasmine.js:4297:26)
    at QueueRunner.run (D:\project\a365_Workspace2\A365_Workspace\A365e2e\node_modules\jasmine-core\lib\jasmine-core\jasmine.js:4217:20)
    at runNext (D:\project\a365_Workspace2\A365_Workspace\A365e2e\node_modules\jasmine-core\lib\jasmine-core\jasmine.js:4257:20)
    at D:\project\a365_Workspace2\A365_Workspace\A365e2e\node_modules\jasmine-core\lib\jasmine-core\jasmine.js:4264:13
From asynchronous test: 
Error: 
    at Suite.<anonymous> (D:\project\a365_Workspace2\A365_Workspace\A365e2e\e2e\SqlScripts\sqlScripts.spec.ts:8:5)
    at addSpecsToSuite (D:\project\a365_Workspace2\A365_Workspace\A365e2e\node_modules\jasmine-core\lib\jasmine-core\jasmine.js:1107:25)
    at Env.describe (D:\project\a365_Workspace2\A365_Workspace\A365e2e\node_modules\jasmine-core\lib\jasmine-core\jasmine.js:1074:7)
    at describe (D:\project\a365_Workspace2\A365_Workspace\A365e2e\node_modules\jasmine-core\lib\jasmine-core\jasmine.js:4399:18)
    at Object.<anonymous> (D:\project\a365_Workspace2\A365_Workspace\A365e2e\e2e\SqlScripts\sqlScripts.spec.ts:6:1)
    at Module._compile (internal/modules/cjs/loader.js:701:30)
    at Module.m._compile (D:\project\a365_Workspace2\A365_Workspace\A365e2e\node_modules\ts-node\src\index.ts:473:23)
    at Module._extensions..js (internal/modules/cjs/loader.js:712:10)
    at Object.require.extensions.(anonymous function) [as .ts] (D:\project\a365_Workspace2\A365_Workspace\A365e2e\node_modules\ts-node\src\index.ts:476:12)]]>
   </failure>
   <failure type="exception" message="Failed: no such window: target window already closed
from unknown error: web view not found
  (Session info: chrome=75.0.3770.142)
  (Driver info: chromedriver=74.0.3729.6 (255758eccf3d244491b8a1317aa76e1ce10d57e9-refs/branch-heads/3729@{#29}),platform=Windows NT 10.0.17763 x86_64)"><![CDATA[NoSuchWindowError: no such window: target window already closed
from unknown error: web view not found
  (Session info: chrome=75.0.3770.142)
  (Driver info: chromedriver=74.0.3729.6 (255758eccf3d244491b8a1317aa76e1ce10d57e9-refs/branch-heads/3729@{#29}),platform=Windows NT 10.0.17763 x86_64)
    at Object.checkLegacyResponse (D:\project\a365_Workspace2\A365_Workspace\A365e2e\node_modules\selenium-webdriver\lib\error.js:546:15)
    at parseHttpResponse (D:\project\a365_Workspace2\A365_Workspace\A365e2e\node_modules\selenium-webdriver\lib\http.js:509:13)
    at doSend.then.response (D:\project\a365_Workspace2\A365_Workspace\A365e2e\node_modules\selenium-webdriver\lib\http.js:441:30)
    at process._tickCallback (internal/process/next_tick.js:68:7)
From: Task: WebDriver.getCurrentUrl()
    at Driver.schedule (D:\project\a365_Workspace2\A365_Workspace\A365e2e\node_modules\selenium-webdriver\lib\webdriver.js:807:17)
    at Driver.getCurrentUrl (D:\project\a365_Workspace2\A365_Workspace\A365e2e\node_modules\selenium-webdriver\lib\webdriver.js:993:17)
    at run (D:\project\a365_Workspace2\A365_Workspace\A365e2e\node_modules\protractor\built\browser.js:59:33)
    at ManagedPromise.invokeCallback_ (D:\project\a365_Workspace2\A365_Workspace\A365e2e\node_modules\selenium-webdriver\lib\promise.js:1376:14)
    at TaskQueue.execute_ (D:\project\a365_Workspace2\A365_Workspace\A365e2e\node_modules\selenium-webdriver\lib\promise.js:3084:14)
    at TaskQueue.executeNext_ (D:\project\a365_Workspace2\A365_Workspace\A365e2e\node_modules\selenium-webdriver\lib\promise.js:3067:27)
    at asyncRun (D:\project\a365_Workspace2\A365_Workspace\A365e2e\node_modules\selenium-webdriver\lib\promise.js:2927:27)
    at D:\project\a365_Workspace2\A365_Workspace\A365e2e\node_modules\selenium-webdriver\lib\promise.js:668:7
    at process._tickCallback (internal/process/next_tick.js:68:7)
From: Task: Run it("Refresh Sql Scripts") in control flow
    at UserContext.<anonymous> (D:\project\a365_Workspace2\A365_Workspace\A365e2e\node_modules\jasminewd2\index.js:94:19)
    at attempt (D:\project\a365_Workspace2\A365_Workspace\A365e2e\node_modules\jasmine-core\lib\jasmine-core\jasmine.js:4297:26)
    at QueueRunner.run (D:\project\a365_Workspace2\A365_Workspace\A365e2e\node_modules\jasmine-core\lib\jasmine-core\jasmine.js:4217:20)
    at QueueRunner.execute (D:\project\a365_Workspace2\A365_Workspace\A365e2e\node_modules\jasmine-core\lib\jasmine-core\jasmine.js:4199:10)
    at Spec.queueRunnerFactory (D:\project\a365_Workspace2\A365_Workspace\A365e2e\node_modules\jasmine-core\lib\jasmine-core\jasmine.js:909:35)
    at Spec.execute (D:\project\a365_Workspace2\A365_Workspace\A365e2e\node_modules\jasmine-core\lib\jasmine-core\jasmine.js:526:10)
    at UserContext.fn (D:\project\a365_Workspace2\A365_Workspace\A365e2e\node_modules\jasmine-core\lib\jasmine-core\jasmine.js:5340:37)
    at attempt (D:\project\a365_Workspace2\A365_Workspace\A365e2e\node_modules\jasmine-core\lib\jasmine-core\jasmine.js:4297:26)
    at QueueRunner.run (D:\project\a365_Workspace2\A365_Workspace\A365e2e\node_modules\jasmine-core\lib\jasmine-core\jasmine.js:4217:20)
    at runNext (D:\project\a365_Workspace2\A365_Workspace\A365e2e\node_modules\jasmine-core\lib\jasmine-core\jasmine.js:4257:20)
From asynchronous test: 
Error: 
    at Suite.<anonymous> (D:\project\a365_Workspace2\A365_Workspace\A365e2e\e2e\SqlScripts\sqlScripts.spec.ts:17:5)
    at addSpecsToSuite (D:\project\a365_Workspace2\A365_Workspace\A365e2e\node_modules\jasmine-core\lib\jasmine-core\jasmine.js:1107:25)
    at Env.describe (D:\project\a365_Workspace2\A365_Workspace\A365e2e\node_modules\jasmine-core\lib\jasmine-core\jasmine.js:1074:7)
    at describe (D:\project\a365_Workspace2\A365_Workspace\A365e2e\node_modules\jasmine-core\lib\jasmine-core\jasmine.js:4399:18)
    at Object.<anonymous> (D:\project\a365_Workspace2\A365_Workspace\A365e2e\e2e\SqlScripts\sqlScripts.spec.ts:6:1)
    at Module._compile (internal/modules/cjs/loader.js:701:30)
    at Module.m._compile (D:\project\a365_Workspace2\A365_Workspace\A365e2e\node_modules\ts-node\src\index.ts:473:23)
    at Module._extensions..js (internal/modules/cjs/loader.js:712:10)
    at Object.require.extensions.(anonymous function) [as .ts] (D:\project\a365_Workspace2\A365_Workspace\A365e2e\node_modules\ts-node\src\index.ts:476:12)]]>
   </failure>
  </testcase>
  <testcase classname="Sql Scripts test" name="Create Sql Script" time="1.074">
   <failure type="exception" message="Failed: no such window: target window already closed
from unknown error: web view not found
  (Session info: chrome=75.0.3770.142)
  (Driver info: chromedriver=74.0.3729.6 (255758eccf3d244491b8a1317aa76e1ce10d57e9-refs/branch-heads/3729@{#29}),platform=Windows NT 10.0.17763 x86_64)"><![CDATA[NoSuchWindowError: no such window: target window already closed
from unknown error: web view not found
  (Session info: chrome=75.0.3770.142)
  (Driver info: chromedriver=74.0.3729.6 (255758eccf3d244491b8a1317aa76e1ce10d57e9-refs/branch-heads/3729@{#29}),platform=Windows NT 10.0.17763 x86_64)
    at Object.checkLegacyResponse (D:\project\a365_Workspace2\A365_Workspace\A365e2e\node_modules\selenium-webdriver\lib\error.js:546:15)
    at parseHttpResponse (D:\project\a365_Workspace2\A365_Workspace\A365e2e\node_modules\selenium-webdriver\lib\http.js:509:13)
    at doSend.then.response (D:\project\a365_Workspace2\A365_Workspace\A365e2e\node_modules\selenium-webdriver\lib\http.js:441:30)
    at process._tickCallback (internal/process/next_tick.js:68:7)
From: Task: WebDriver.getCurrentUrl()
    at Driver.schedule (D:\project\a365_Workspace2\A365_Workspace\A365e2e\node_modules\selenium-webdriver\lib\webdriver.js:807:17)
    at Driver.getCurrentUrl (D:\project\a365_Workspace2\A365_Workspace\A365e2e\node_modules\selenium-webdriver\lib\webdriver.js:993:17)
    at run (D:\project\a365_Workspace2\A365_Workspace\A365e2e\node_modules\protractor\built\browser.js:59:33)
    at ManagedPromise.invokeCallback_ (D:\project\a365_Workspace2\A365_Workspace\A365e2e\node_modules\selenium-webdriver\lib\promise.js:1376:14)
    at TaskQueue.execute_ (D:\project\a365_Workspace2\A365_Workspace\A365e2e\node_modules\selenium-webdriver\lib\promise.js:3084:14)
    at TaskQueue.executeNext_ (D:\project\a365_Workspace2\A365_Workspace\A365e2e\node_modules\selenium-webdriver\lib\promise.js:3067:27)
    at asyncRun (D:\project\a365_Workspace2\A365_Workspace\A365e2e\node_modules\selenium-webdriver\lib\promise.js:2927:27)
    at D:\project\a365_Workspace2\A365_Workspace\A365e2e\node_modules\selenium-webdriver\lib\promise.js:668:7
    at process._tickCallback (internal/process/next_tick.js:68:7)
From: Task: Run beforeAll in control flow
    at UserContext.<anonymous> (D:\project\a365_Workspace2\A365_Workspace\A365e2e\node_modules\jasminewd2\index.js:94:19)
    at attempt (D:\project\a365_Workspace2\A365_Workspace\A365e2e\node_modules\jasmine-core\lib\jasmine-core\jasmine.js:4297:26)
    at QueueRunner.run (D:\project\a365_Workspace2\A365_Workspace\A365e2e\node_modules\jasmine-core\lib\jasmine-core\jasmine.js:4217:20)
    at QueueRunner.execute (D:\project\a365_Workspace2\A365_Workspace\A365e2e\node_modules\jasmine-core\lib\jasmine-core\jasmine.js:4199:10)
    at queueRunnerFactory (D:\project\a365_Workspace2\A365_Workspace\A365e2e\node_modules\jasmine-core\lib\jasmine-core\jasmine.js:909:35)
    at UserContext.fn (D:\project\a365_Workspace2\A365_Workspace\A365e2e\node_modules\jasmine-core\lib\jasmine-core\jasmine.js:5325:13)
    at attempt (D:\project\a365_Workspace2\A365_Workspace\A365e2e\node_modules\jasmine-core\lib\jasmine-core\jasmine.js:4297:26)
    at QueueRunner.run (D:\project\a365_Workspace2\A365_Workspace\A365e2e\node_modules\jasmine-core\lib\jasmine-core\jasmine.js:4217:20)
    at runNext (D:\project\a365_Workspace2\A365_Workspace\A365e2e\node_modules\jasmine-core\lib\jasmine-core\jasmine.js:4257:20)
    at D:\project\a365_Workspace2\A365_Workspace\A365e2e\node_modules\jasmine-core\lib\jasmine-core\jasmine.js:4264:13
From asynchronous test: 
Error: 
    at Suite.<anonymous> (D:\project\a365_Workspace2\A365_Workspace\A365e2e\e2e\SqlScripts\sqlScripts.spec.ts:8:5)
    at addSpecsToSuite (D:\project\a365_Workspace2\A365_Workspace\A365e2e\node_modules\jasmine-core\lib\jasmine-core\jasmine.js:1107:25)
    at Env.describe (D:\project\a365_Workspace2\A365_Workspace\A365e2e\node_modules\jasmine-core\lib\jasmine-core\jasmine.js:1074:7)
    at describe (D:\project\a365_Workspace2\A365_Workspace\A365e2e\node_modules\jasmine-core\lib\jasmine-core\jasmine.js:4399:18)
    at Object.<anonymous> (D:\project\a365_Workspace2\A365_Workspace\A365e2e\e2e\SqlScripts\sqlScripts.spec.ts:6:1)
    at Module._compile (internal/modules/cjs/loader.js:701:30)
    at Module.m._compile (D:\project\a365_Workspace2\A365_Workspace\A365e2e\node_modules\ts-node\src\index.ts:473:23)
    at Module._extensions..js (internal/modules/cjs/loader.js:712:10)
    at Object.require.extensions.(anonymous function) [as .ts] (D:\project\a365_Workspace2\A365_Workspace\A365e2e\node_modules\ts-node\src\index.ts:476:12)]]>
   </failure>
   <failure type="exception" message="Failed: no such window: target window already closed
from unknown error: web view not found
  (Session info: chrome=75.0.3770.142)
  (Driver info: chromedriver=74.0.3729.6 (255758eccf3d244491b8a1317aa76e1ce10d57e9-refs/branch-heads/3729@{#29}),platform=Windows NT 10.0.17763 x86_64)"><![CDATA[NoSuchWindowError: no such window: target window already closed
from unknown error: web view not found
  (Session info: chrome=75.0.3770.142)
  (Driver info: chromedriver=74.0.3729.6 (255758eccf3d244491b8a1317aa76e1ce10d57e9-refs/branch-heads/3729@{#29}),platform=Windows NT 10.0.17763 x86_64)
    at Object.checkLegacyResponse (D:\project\a365_Workspace2\A365_Workspace\A365e2e\node_modules\selenium-webdriver\lib\error.js:546:15)
    at parseHttpResponse (D:\project\a365_Workspace2\A365_Workspace\A365e2e\node_modules\selenium-webdriver\lib\http.js:509:13)
    at doSend.then.response (D:\project\a365_Workspace2\A365_Workspace\A365e2e\node_modules\selenium-webdriver\lib\http.js:441:30)
    at process._tickCallback (internal/process/next_tick.js:68:7)
From: Task: WebDriver.getCurrentUrl()
    at Driver.schedule (D:\project\a365_Workspace2\A365_Workspace\A365e2e\node_modules\selenium-webdriver\lib\webdriver.js:807:17)
    at Driver.getCurrentUrl (D:\project\a365_Workspace2\A365_Workspace\A365e2e\node_modules\selenium-webdriver\lib\webdriver.js:993:17)
    at run (D:\project\a365_Workspace2\A365_Workspace\A365e2e\node_modules\protractor\built\browser.js:59:33)
    at ManagedPromise.invokeCallback_ (D:\project\a365_Workspace2\A365_Workspace\A365e2e\node_modules\selenium-webdriver\lib\promise.js:1376:14)
    at TaskQueue.execute_ (D:\project\a365_Workspace2\A365_Workspace\A365e2e\node_modules\selenium-webdriver\lib\promise.js:3084:14)
    at TaskQueue.executeNext_ (D:\project\a365_Workspace2\A365_Workspace\A365e2e\node_modules\selenium-webdriver\lib\promise.js:3067:27)
    at asyncRun (D:\project\a365_Workspace2\A365_Workspace\A365e2e\node_modules\selenium-webdriver\lib\promise.js:2927:27)
    at D:\project\a365_Workspace2\A365_Workspace\A365e2e\node_modules\selenium-webdriver\lib\promise.js:668:7
From: Task: Run it("Create Sql Script") in control flow
    at UserContext.<anonymous> (D:\project\a365_Workspace2\A365_Workspace\A365e2e\node_modules\jasminewd2\index.js:94:19)
    at attempt (D:\project\a365_Workspace2\A365_Workspace\A365e2e\node_modules\jasmine-core\lib\jasmine-core\jasmine.js:4297:26)
    at QueueRunner.run (D:\project\a365_Workspace2\A365_Workspace\A365e2e\node_modules\jasmine-core\lib\jasmine-core\jasmine.js:4217:20)
    at QueueRunner.execute (D:\project\a365_Workspace2\A365_Workspace\A365e2e\node_modules\jasmine-core\lib\jasmine-core\jasmine.js:4199:10)
    at Spec.queueRunnerFactory (D:\project\a365_Workspace2\A365_Workspace\A365e2e\node_modules\jasmine-core\lib\jasmine-core\jasmine.js:909:35)
    at Spec.execute (D:\project\a365_Workspace2\A365_Workspace\A365e2e\node_modules\jasmine-core\lib\jasmine-core\jasmine.js:526:10)
    at UserContext.fn (D:\project\a365_Workspace2\A365_Workspace\A365e2e\node_modules\jasmine-core\lib\jasmine-core\jasmine.js:5340:37)
    at attempt (D:\project\a365_Workspace2\A365_Workspace\A365e2e\node_modules\jasmine-core\lib\jasmine-core\jasmine.js:4297:26)
    at QueueRunner.run (D:\project\a365_Workspace2\A365_Workspace\A365e2e\node_modules\jasmine-core\lib\jasmine-core\jasmine.js:4217:20)
    at runNext (D:\project\a365_Workspace2\A365_Workspace\A365e2e\node_modules\jasmine-core\lib\jasmine-core\jasmine.js:4257:20)
From asynchronous test: 
Error: 
    at Suite.<anonymous> (D:\project\a365_Workspace2\A365_Workspace\A365e2e\e2e\SqlScripts\sqlScripts.spec.ts:22:5)
    at addSpecsToSuite (D:\project\a365_Workspace2\A365_Workspace\A365e2e\node_modules\jasmine-core\lib\jasmine-core\jasmine.js:1107:25)
    at Env.describe (D:\project\a365_Workspace2\A365_Workspace\A365e2e\node_modules\jasmine-core\lib\jasmine-core\jasmine.js:1074:7)
    at describe (D:\project\a365_Workspace2\A365_Workspace\A365e2e\node_modules\jasmine-core\lib\jasmine-core\jasmine.js:4399:18)
    at Object.<anonymous> (D:\project\a365_Workspace2\A365_Workspace\A365e2e\e2e\SqlScripts\sqlScripts.spec.ts:6:1)
    at Module._compile (internal/modules/cjs/loader.js:701:30)
    at Module.m._compile (D:\project\a365_Workspace2\A365_Workspace\A365e2e\node_modules\ts-node\src\index.ts:473:23)
    at Module._extensions..js (internal/modules/cjs/loader.js:712:10)
    at Object.require.extensions.(anonymous function) [as .ts] (D:\project\a365_Workspace2\A365_Workspace\A365e2e\node_modules\ts-node\src\index.ts:476:12)]]>
   </failure>
  </testcase>
  <testcase classname="Sql Scripts test" name="Rename Sql Script" time="0.027">
   <failure type="exception" message="Failed: no such window: target window already closed
from unknown error: web view not found
  (Session info: chrome=75.0.3770.142)
  (Driver info: chromedriver=74.0.3729.6 (255758eccf3d244491b8a1317aa76e1ce10d57e9-refs/branch-heads/3729@{#29}),platform=Windows NT 10.0.17763 x86_64)"><![CDATA[NoSuchWindowError: no such window: target window already closed
from unknown error: web view not found
  (Session info: chrome=75.0.3770.142)
  (Driver info: chromedriver=74.0.3729.6 (255758eccf3d244491b8a1317aa76e1ce10d57e9-refs/branch-heads/3729@{#29}),platform=Windows NT 10.0.17763 x86_64)
    at Object.checkLegacyResponse (D:\project\a365_Workspace2\A365_Workspace\A365e2e\node_modules\selenium-webdriver\lib\error.js:546:15)
    at parseHttpResponse (D:\project\a365_Workspace2\A365_Workspace\A365e2e\node_modules\selenium-webdriver\lib\http.js:509:13)
    at doSend.then.response (D:\project\a365_Workspace2\A365_Workspace\A365e2e\node_modules\selenium-webdriver\lib\http.js:441:30)
    at process._tickCallback (internal/process/next_tick.js:68:7)
From: Task: WebDriver.getCurrentUrl()
    at Driver.schedule (D:\project\a365_Workspace2\A365_Workspace\A365e2e\node_modules\selenium-webdriver\lib\webdriver.js:807:17)
    at Driver.getCurrentUrl (D:\project\a365_Workspace2\A365_Workspace\A365e2e\node_modules\selenium-webdriver\lib\webdriver.js:993:17)
    at run (D:\project\a365_Workspace2\A365_Workspace\A365e2e\node_modules\protractor\built\browser.js:59:33)
    at ManagedPromise.invokeCallback_ (D:\project\a365_Workspace2\A365_Workspace\A365e2e\node_modules\selenium-webdriver\lib\promise.js:1376:14)
    at TaskQueue.execute_ (D:\project\a365_Workspace2\A365_Workspace\A365e2e\node_modules\selenium-webdriver\lib\promise.js:3084:14)
    at TaskQueue.executeNext_ (D:\project\a365_Workspace2\A365_Workspace\A365e2e\node_modules\selenium-webdriver\lib\promise.js:3067:27)
    at asyncRun (D:\project\a365_Workspace2\A365_Workspace\A365e2e\node_modules\selenium-webdriver\lib\promise.js:2927:27)
    at D:\project\a365_Workspace2\A365_Workspace\A365e2e\node_modules\selenium-webdriver\lib\promise.js:668:7
    at process._tickCallback (internal/process/next_tick.js:68:7)
From: Task: Run beforeAll in control flow
    at UserContext.<anonymous> (D:\project\a365_Workspace2\A365_Workspace\A365e2e\node_modules\jasminewd2\index.js:94:19)
    at attempt (D:\project\a365_Workspace2\A365_Workspace\A365e2e\node_modules\jasmine-core\lib\jasmine-core\jasmine.js:4297:26)
    at QueueRunner.run (D:\project\a365_Workspace2\A365_Workspace\A365e2e\node_modules\jasmine-core\lib\jasmine-core\jasmine.js:4217:20)
    at QueueRunner.execute (D:\project\a365_Workspace2\A365_Workspace\A365e2e\node_modules\jasmine-core\lib\jasmine-core\jasmine.js:4199:10)
    at queueRunnerFactory (D:\project\a365_Workspace2\A365_Workspace\A365e2e\node_modules\jasmine-core\lib\jasmine-core\jasmine.js:909:35)
    at UserContext.fn (D:\project\a365_Workspace2\A365_Workspace\A365e2e\node_modules\jasmine-core\lib\jasmine-core\jasmine.js:5325:13)
    at attempt (D:\project\a365_Workspace2\A365_Workspace\A365e2e\node_modules\jasmine-core\lib\jasmine-core\jasmine.js:4297:26)
    at QueueRunner.run (D:\project\a365_Workspace2\A365_Workspace\A365e2e\node_modules\jasmine-core\lib\jasmine-core\jasmine.js:4217:20)
    at runNext (D:\project\a365_Workspace2\A365_Workspace\A365e2e\node_modules\jasmine-core\lib\jasmine-core\jasmine.js:4257:20)
    at D:\project\a365_Workspace2\A365_Workspace\A365e2e\node_modules\jasmine-core\lib\jasmine-core\jasmine.js:4264:13
From asynchronous test: 
Error: 
    at Suite.<anonymous> (D:\project\a365_Workspace2\A365_Workspace\A365e2e\e2e\SqlScripts\sqlScripts.spec.ts:8:5)
    at addSpecsToSuite (D:\project\a365_Workspace2\A365_Workspace\A365e2e\node_modules\jasmine-core\lib\jasmine-core\jasmine.js:1107:25)
    at Env.describe (D:\project\a365_Workspace2\A365_Workspace\A365e2e\node_modules\jasmine-core\lib\jasmine-core\jasmine.js:1074:7)
    at describe (D:\project\a365_Workspace2\A365_Workspace\A365e2e\node_modules\jasmine-core\lib\jasmine-core\jasmine.js:4399:18)
    at Object.<anonymous> (D:\project\a365_Workspace2\A365_Workspace\A365e2e\e2e\SqlScripts\sqlScripts.spec.ts:6:1)
    at Module._compile (internal/modules/cjs/loader.js:701:30)
    at Module.m._compile (D:\project\a365_Workspace2\A365_Workspace\A365e2e\node_modules\ts-node\src\index.ts:473:23)
    at Module._extensions..js (internal/modules/cjs/loader.js:712:10)
    at Object.require.extensions.(anonymous function) [as .ts] (D:\project\a365_Workspace2\A365_Workspace\A365e2e\node_modules\ts-node\src\index.ts:476:12)]]>
   </failure>
   <failure type="exception" message="Failed: no such window: target window already closed
from unknown error: web view not found
  (Session info: chrome=75.0.3770.142)
  (Driver info: chromedriver=74.0.3729.6 (255758eccf3d244491b8a1317aa76e1ce10d57e9-refs/branch-heads/3729@{#29}),platform=Windows NT 10.0.17763 x86_64)"><![CDATA[NoSuchWindowError: no such window: target window already closed
from unknown error: web view not found
  (Session info: chrome=75.0.3770.142)
  (Driver info: chromedriver=74.0.3729.6 (255758eccf3d244491b8a1317aa76e1ce10d57e9-refs/branch-heads/3729@{#29}),platform=Windows NT 10.0.17763 x86_64)
    at Object.checkLegacyResponse (D:\project\a365_Workspace2\A365_Workspace\A365e2e\node_modules\selenium-webdriver\lib\error.js:546:15)
    at parseHttpResponse (D:\project\a365_Workspace2\A365_Workspace\A365e2e\node_modules\selenium-webdriver\lib\http.js:509:13)
    at doSend.then.response (D:\project\a365_Workspace2\A365_Workspace\A365e2e\node_modules\selenium-webdriver\lib\http.js:441:30)
    at process._tickCallback (internal/process/next_tick.js:68:7)
From: Task: WebDriver.getCurrentUrl()
    at Driver.schedule (D:\project\a365_Workspace2\A365_Workspace\A365e2e\node_modules\selenium-webdriver\lib\webdriver.js:807:17)
    at Driver.getCurrentUrl (D:\project\a365_Workspace2\A365_Workspace\A365e2e\node_modules\selenium-webdriver\lib\webdriver.js:993:17)
    at run (D:\project\a365_Workspace2\A365_Workspace\A365e2e\node_modules\protractor\built\browser.js:59:33)
    at ManagedPromise.invokeCallback_ (D:\project\a365_Workspace2\A365_Workspace\A365e2e\node_modules\selenium-webdriver\lib\promise.js:1376:14)
    at TaskQueue.execute_ (D:\project\a365_Workspace2\A365_Workspace\A365e2e\node_modules\selenium-webdriver\lib\promise.js:3084:14)
    at TaskQueue.executeNext_ (D:\project\a365_Workspace2\A365_Workspace\A365e2e\node_modules\selenium-webdriver\lib\promise.js:3067:27)
    at asyncRun (D:\project\a365_Workspace2\A365_Workspace\A365e2e\node_modules\selenium-webdriver\lib\promise.js:2927:27)
    at D:\project\a365_Workspace2\A365_Workspace\A365e2e\node_modules\selenium-webdriver\lib\promise.js:668:7
    at process._tickCallback (internal/process/next_tick.js:68:7)
From: Task: Run it("Rename Sql Script") in control flow
    at UserContext.<anonymous> (D:\project\a365_Workspace2\A365_Workspace\A365e2e\node_modules\jasminewd2\index.js:94:19)
    at attempt (D:\project\a365_Workspace2\A365_Workspace\A365e2e\node_modules\jasmine-core\lib\jasmine-core\jasmine.js:4297:26)
    at QueueRunner.run (D:\project\a365_Workspace2\A365_Workspace\A365e2e\node_modules\jasmine-core\lib\jasmine-core\jasmine.js:4217:20)
    at QueueRunner.execute (D:\project\a365_Workspace2\A365_Workspace\A365e2e\node_modules\jasmine-core\lib\jasmine-core\jasmine.js:4199:10)
    at Spec.queueRunnerFactory (D:\project\a365_Workspace2\A365_Workspace\A365e2e\node_modules\jasmine-core\lib\jasmine-core\jasmine.js:909:35)
    at Spec.execute (D:\project\a365_Workspace2\A365_Workspace\A365e2e\node_modules\jasmine-core\lib\jasmine-core\jasmine.js:526:10)
    at UserContext.fn (D:\project\a365_Workspace2\A365_Workspace\A365e2e\node_modules\jasmine-core\lib\jasmine-core\jasmine.js:5340:37)
    at attempt (D:\project\a365_Workspace2\A365_Workspace\A365e2e\node_modules\jasmine-core\lib\jasmine-core\jasmine.js:4297:26)
    at QueueRunner.run (D:\project\a365_Workspace2\A365_Workspace\A365e2e\node_modules\jasmine-core\lib\jasmine-core\jasmine.js:4217:20)
    at runNext (D:\project\a365_Workspace2\A365_Workspace\A365e2e\node_modules\jasmine-core\lib\jasmine-core\jasmine.js:4257:20)
From asynchronous test: 
Error: 
    at Suite.<anonymous> (D:\project\a365_Workspace2\A365_Workspace\A365e2e\e2e\SqlScripts\sqlScripts.spec.ts:31:5)
    at addSpecsToSuite (D:\project\a365_Workspace2\A365_Workspace\A365e2e\node_modules\jasmine-core\lib\jasmine-core\jasmine.js:1107:25)
    at Env.describe (D:\project\a365_Workspace2\A365_Workspace\A365e2e\node_modules\jasmine-core\lib\jasmine-core\jasmine.js:1074:7)
    at describe (D:\project\a365_Workspace2\A365_Workspace\A365e2e\node_modules\jasmine-core\lib\jasmine-core\jasmine.js:4399:18)
    at Object.<anonymous> (D:\project\a365_Workspace2\A365_Workspace\A365e2e\e2e\SqlScripts\sqlScripts.spec.ts:6:1)
    at Module._compile (internal/modules/cjs/loader.js:701:30)
    at Module.m._compile (D:\project\a365_Workspace2\A365_Workspace\A365e2e\node_modules\ts-node\src\index.ts:473:23)
    at Module._extensions..js (internal/modules/cjs/loader.js:712:10)
    at Object.require.extensions.(anonymous function) [as .ts] (D:\project\a365_Workspace2\A365_Workspace\A365e2e\node_modules\ts-node\src\index.ts:476:12)]]>
   </failure>
  </testcase>
  <testcase classname="Sql Scripts test" name="Open Sql Script" time="0.027">
   <failure type="exception" message="Failed: no such window: target window already closed
from unknown error: web view not found
  (Session info: chrome=75.0.3770.142)
  (Driver info: chromedriver=74.0.3729.6 (255758eccf3d244491b8a1317aa76e1ce10d57e9-refs/branch-heads/3729@{#29}),platform=Windows NT 10.0.17763 x86_64)"><![CDATA[NoSuchWindowError: no such window: target window already closed
from unknown error: web view not found
  (Session info: chrome=75.0.3770.142)
  (Driver info: chromedriver=74.0.3729.6 (255758eccf3d244491b8a1317aa76e1ce10d57e9-refs/branch-heads/3729@{#29}),platform=Windows NT 10.0.17763 x86_64)
    at Object.checkLegacyResponse (D:\project\a365_Workspace2\A365_Workspace\A365e2e\node_modules\selenium-webdriver\lib\error.js:546:15)
    at parseHttpResponse (D:\project\a365_Workspace2\A365_Workspace\A365e2e\node_modules\selenium-webdriver\lib\http.js:509:13)
    at doSend.then.response (D:\project\a365_Workspace2\A365_Workspace\A365e2e\node_modules\selenium-webdriver\lib\http.js:441:30)
    at process._tickCallback (internal/process/next_tick.js:68:7)
From: Task: WebDriver.getCurrentUrl()
    at Driver.schedule (D:\project\a365_Workspace2\A365_Workspace\A365e2e\node_modules\selenium-webdriver\lib\webdriver.js:807:17)
    at Driver.getCurrentUrl (D:\project\a365_Workspace2\A365_Workspace\A365e2e\node_modules\selenium-webdriver\lib\webdriver.js:993:17)
    at run (D:\project\a365_Workspace2\A365_Workspace\A365e2e\node_modules\protractor\built\browser.js:59:33)
    at ManagedPromise.invokeCallback_ (D:\project\a365_Workspace2\A365_Workspace\A365e2e\node_modules\selenium-webdriver\lib\promise.js:1376:14)
    at TaskQueue.execute_ (D:\project\a365_Workspace2\A365_Workspace\A365e2e\node_modules\selenium-webdriver\lib\promise.js:3084:14)
    at TaskQueue.executeNext_ (D:\project\a365_Workspace2\A365_Workspace\A365e2e\node_modules\selenium-webdriver\lib\promise.js:3067:27)
    at asyncRun (D:\project\a365_Workspace2\A365_Workspace\A365e2e\node_modules\selenium-webdriver\lib\promise.js:2927:27)
    at D:\project\a365_Workspace2\A365_Workspace\A365e2e\node_modules\selenium-webdriver\lib\promise.js:668:7
    at process._tickCallback (internal/process/next_tick.js:68:7)
From: Task: Run beforeAll in control flow
    at UserContext.<anonymous> (D:\project\a365_Workspace2\A365_Workspace\A365e2e\node_modules\jasminewd2\index.js:94:19)
    at attempt (D:\project\a365_Workspace2\A365_Workspace\A365e2e\node_modules\jasmine-core\lib\jasmine-core\jasmine.js:4297:26)
    at QueueRunner.run (D:\project\a365_Workspace2\A365_Workspace\A365e2e\node_modules\jasmine-core\lib\jasmine-core\jasmine.js:4217:20)
    at QueueRunner.execute (D:\project\a365_Workspace2\A365_Workspace\A365e2e\node_modules\jasmine-core\lib\jasmine-core\jasmine.js:4199:10)
    at queueRunnerFactory (D:\project\a365_Workspace2\A365_Workspace\A365e2e\node_modules\jasmine-core\lib\jasmine-core\jasmine.js:909:35)
    at UserContext.fn (D:\project\a365_Workspace2\A365_Workspace\A365e2e\node_modules\jasmine-core\lib\jasmine-core\jasmine.js:5325:13)
    at attempt (D:\project\a365_Workspace2\A365_Workspace\A365e2e\node_modules\jasmine-core\lib\jasmine-core\jasmine.js:4297:26)
    at QueueRunner.run (D:\project\a365_Workspace2\A365_Workspace\A365e2e\node_modules\jasmine-core\lib\jasmine-core\jasmine.js:4217:20)
    at runNext (D:\project\a365_Workspace2\A365_Workspace\A365e2e\node_modules\jasmine-core\lib\jasmine-core\jasmine.js:4257:20)
    at D:\project\a365_Workspace2\A365_Workspace\A365e2e\node_modules\jasmine-core\lib\jasmine-core\jasmine.js:4264:13
From asynchronous test: 
Error: 
    at Suite.<anonymous> (D:\project\a365_Workspace2\A365_Workspace\A365e2e\e2e\SqlScripts\sqlScripts.spec.ts:8:5)
    at addSpecsToSuite (D:\project\a365_Workspace2\A365_Workspace\A365e2e\node_modules\jasmine-core\lib\jasmine-core\jasmine.js:1107:25)
    at Env.describe (D:\project\a365_Workspace2\A365_Workspace\A365e2e\node_modules\jasmine-core\lib\jasmine-core\jasmine.js:1074:7)
    at describe (D:\project\a365_Workspace2\A365_Workspace\A365e2e\node_modules\jasmine-core\lib\jasmine-core\jasmine.js:4399:18)
    at Object.<anonymous> (D:\project\a365_Workspace2\A365_Workspace\A365e2e\e2e\SqlScripts\sqlScripts.spec.ts:6:1)
    at Module._compile (internal/modules/cjs/loader.js:701:30)
    at Module.m._compile (D:\project\a365_Workspace2\A365_Workspace\A365e2e\node_modules\ts-node\src\index.ts:473:23)
    at Module._extensions..js (internal/modules/cjs/loader.js:712:10)
    at Object.require.extensions.(anonymous function) [as .ts] (D:\project\a365_Workspace2\A365_Workspace\A365e2e\node_modules\ts-node\src\index.ts:476:12)]]>
   </failure>
   <failure type="exception" message="Failed: no such window: target window already closed
from unknown error: web view not found
  (Session info: chrome=75.0.3770.142)
  (Driver info: chromedriver=74.0.3729.6 (255758eccf3d244491b8a1317aa76e1ce10d57e9-refs/branch-heads/3729@{#29}),platform=Windows NT 10.0.17763 x86_64)"><![CDATA[NoSuchWindowError: no such window: target window already closed
from unknown error: web view not found
  (Session info: chrome=75.0.3770.142)
  (Driver info: chromedriver=74.0.3729.6 (255758eccf3d244491b8a1317aa76e1ce10d57e9-refs/branch-heads/3729@{#29}),platform=Windows NT 10.0.17763 x86_64)
    at Object.checkLegacyResponse (D:\project\a365_Workspace2\A365_Workspace\A365e2e\node_modules\selenium-webdriver\lib\error.js:546:15)
    at parseHttpResponse (D:\project\a365_Workspace2\A365_Workspace\A365e2e\node_modules\selenium-webdriver\lib\http.js:509:13)
    at doSend.then.response (D:\project\a365_Workspace2\A365_Workspace\A365e2e\node_modules\selenium-webdriver\lib\http.js:441:30)
    at process._tickCallback (internal/process/next_tick.js:68:7)
From: Task: WebDriver.getCurrentUrl()
    at Driver.schedule (D:\project\a365_Workspace2\A365_Workspace\A365e2e\node_modules\selenium-webdriver\lib\webdriver.js:807:17)
    at Driver.getCurrentUrl (D:\project\a365_Workspace2\A365_Workspace\A365e2e\node_modules\selenium-webdriver\lib\webdriver.js:993:17)
    at run (D:\project\a365_Workspace2\A365_Workspace\A365e2e\node_modules\protractor\built\browser.js:59:33)
    at ManagedPromise.invokeCallback_ (D:\project\a365_Workspace2\A365_Workspace\A365e2e\node_modules\selenium-webdriver\lib\promise.js:1376:14)
    at TaskQueue.execute_ (D:\project\a365_Workspace2\A365_Workspace\A365e2e\node_modules\selenium-webdriver\lib\promise.js:3084:14)
    at TaskQueue.executeNext_ (D:\project\a365_Workspace2\A365_Workspace\A365e2e\node_modules\selenium-webdriver\lib\promise.js:3067:27)
    at asyncRun (D:\project\a365_Workspace2\A365_Workspace\A365e2e\node_modules\selenium-webdriver\lib\promise.js:2927:27)
    at D:\project\a365_Workspace2\A365_Workspace\A365e2e\node_modules\selenium-webdriver\lib\promise.js:668:7
    at process._tickCallback (internal/process/next_tick.js:68:7)
From: Task: Run it("Open Sql Script") in control flow
    at UserContext.<anonymous> (D:\project\a365_Workspace2\A365_Workspace\A365e2e\node_modules\jasminewd2\index.js:94:19)
    at attempt (D:\project\a365_Workspace2\A365_Workspace\A365e2e\node_modules\jasmine-core\lib\jasmine-core\jasmine.js:4297:26)
    at QueueRunner.run (D:\project\a365_Workspace2\A365_Workspace\A365e2e\node_modules\jasmine-core\lib\jasmine-core\jasmine.js:4217:20)
    at QueueRunner.execute (D:\project\a365_Workspace2\A365_Workspace\A365e2e\node_modules\jasmine-core\lib\jasmine-core\jasmine.js:4199:10)
    at Spec.queueRunnerFactory (D:\project\a365_Workspace2\A365_Workspace\A365e2e\node_modules\jasmine-core\lib\jasmine-core\jasmine.js:909:35)
    at Spec.execute (D:\project\a365_Workspace2\A365_Workspace\A365e2e\node_modules\jasmine-core\lib\jasmine-core\jasmine.js:526:10)
    at UserContext.fn (D:\project\a365_Workspace2\A365_Workspace\A365e2e\node_modules\jasmine-core\lib\jasmine-core\jasmine.js:5340:37)
    at attempt (D:\project\a365_Workspace2\A365_Workspace\A365e2e\node_modules\jasmine-core\lib\jasmine-core\jasmine.js:4297:26)
    at QueueRunner.run (D:\project\a365_Workspace2\A365_Workspace\A365e2e\node_modules\jasmine-core\lib\jasmine-core\jasmine.js:4217:20)
    at runNext (D:\project\a365_Workspace2\A365_Workspace\A365e2e\node_modules\jasmine-core\lib\jasmine-core\jasmine.js:4257:20)
From asynchronous test: 
Error: 
    at Suite.<anonymous> (D:\project\a365_Workspace2\A365_Workspace\A365e2e\e2e\SqlScripts\sqlScripts.spec.ts:37:5)
    at addSpecsToSuite (D:\project\a365_Workspace2\A365_Workspace\A365e2e\node_modules\jasmine-core\lib\jasmine-core\jasmine.js:1107:25)
    at Env.describe (D:\project\a365_Workspace2\A365_Workspace\A365e2e\node_modules\jasmine-core\lib\jasmine-core\jasmine.js:1074:7)
    at describe (D:\project\a365_Workspace2\A365_Workspace\A365e2e\node_modules\jasmine-core\lib\jasmine-core\jasmine.js:4399:18)
    at Object.<anonymous> (D:\project\a365_Workspace2\A365_Workspace\A365e2e\e2e\SqlScripts\sqlScripts.spec.ts:6:1)
    at Module._compile (internal/modules/cjs/loader.js:701:30)
    at Module.m._compile (D:\project\a365_Workspace2\A365_Workspace\A365e2e\node_modules\ts-node\src\index.ts:473:23)
    at Module._extensions..js (internal/modules/cjs/loader.js:712:10)
    at Object.require.extensions.(anonymous function) [as .ts] (D:\project\a365_Workspace2\A365_Workspace\A365e2e\node_modules\ts-node\src\index.ts:476:12)]]>
   </failure>
  </testcase>
  <testcase classname="Sql Scripts test" name="Save Sql Script" time="0.026">
   <failure type="exception" message="Failed: no such window: target window already closed
from unknown error: web view not found
  (Session info: chrome=75.0.3770.142)
  (Driver info: chromedriver=74.0.3729.6 (255758eccf3d244491b8a1317aa76e1ce10d57e9-refs/branch-heads/3729@{#29}),platform=Windows NT 10.0.17763 x86_64)"><![CDATA[NoSuchWindowError: no such window: target window already closed
from unknown error: web view not found
  (Session info: chrome=75.0.3770.142)
  (Driver info: chromedriver=74.0.3729.6 (255758eccf3d244491b8a1317aa76e1ce10d57e9-refs/branch-heads/3729@{#29}),platform=Windows NT 10.0.17763 x86_64)
    at Object.checkLegacyResponse (D:\project\a365_Workspace2\A365_Workspace\A365e2e\node_modules\selenium-webdriver\lib\error.js:546:15)
    at parseHttpResponse (D:\project\a365_Workspace2\A365_Workspace\A365e2e\node_modules\selenium-webdriver\lib\http.js:509:13)
    at doSend.then.response (D:\project\a365_Workspace2\A365_Workspace\A365e2e\node_modules\selenium-webdriver\lib\http.js:441:30)
    at process._tickCallback (internal/process/next_tick.js:68:7)
From: Task: WebDriver.getCurrentUrl()
    at Driver.schedule (D:\project\a365_Workspace2\A365_Workspace\A365e2e\node_modules\selenium-webdriver\lib\webdriver.js:807:17)
    at Driver.getCurrentUrl (D:\project\a365_Workspace2\A365_Workspace\A365e2e\node_modules\selenium-webdriver\lib\webdriver.js:993:17)
    at run (D:\project\a365_Workspace2\A365_Workspace\A365e2e\node_modules\protractor\built\browser.js:59:33)
    at ManagedPromise.invokeCallback_ (D:\project\a365_Workspace2\A365_Workspace\A365e2e\node_modules\selenium-webdriver\lib\promise.js:1376:14)
    at TaskQueue.execute_ (D:\project\a365_Workspace2\A365_Workspace\A365e2e\node_modules\selenium-webdriver\lib\promise.js:3084:14)
    at TaskQueue.executeNext_ (D:\project\a365_Workspace2\A365_Workspace\A365e2e\node_modules\selenium-webdriver\lib\promise.js:3067:27)
    at asyncRun (D:\project\a365_Workspace2\A365_Workspace\A365e2e\node_modules\selenium-webdriver\lib\promise.js:2927:27)
    at D:\project\a365_Workspace2\A365_Workspace\A365e2e\node_modules\selenium-webdriver\lib\promise.js:668:7
    at process._tickCallback (internal/process/next_tick.js:68:7)
From: Task: Run beforeAll in control flow
    at UserContext.<anonymous> (D:\project\a365_Workspace2\A365_Workspace\A365e2e\node_modules\jasminewd2\index.js:94:19)
    at attempt (D:\project\a365_Workspace2\A365_Workspace\A365e2e\node_modules\jasmine-core\lib\jasmine-core\jasmine.js:4297:26)
    at QueueRunner.run (D:\project\a365_Workspace2\A365_Workspace\A365e2e\node_modules\jasmine-core\lib\jasmine-core\jasmine.js:4217:20)
    at QueueRunner.execute (D:\project\a365_Workspace2\A365_Workspace\A365e2e\node_modules\jasmine-core\lib\jasmine-core\jasmine.js:4199:10)
    at queueRunnerFactory (D:\project\a365_Workspace2\A365_Workspace\A365e2e\node_modules\jasmine-core\lib\jasmine-core\jasmine.js:909:35)
    at UserContext.fn (D:\project\a365_Workspace2\A365_Workspace\A365e2e\node_modules\jasmine-core\lib\jasmine-core\jasmine.js:5325:13)
    at attempt (D:\project\a365_Workspace2\A365_Workspace\A365e2e\node_modules\jasmine-core\lib\jasmine-core\jasmine.js:4297:26)
    at QueueRunner.run (D:\project\a365_Workspace2\A365_Workspace\A365e2e\node_modules\jasmine-core\lib\jasmine-core\jasmine.js:4217:20)
    at runNext (D:\project\a365_Workspace2\A365_Workspace\A365e2e\node_modules\jasmine-core\lib\jasmine-core\jasmine.js:4257:20)
    at D:\project\a365_Workspace2\A365_Workspace\A365e2e\node_modules\jasmine-core\lib\jasmine-core\jasmine.js:4264:13
From asynchronous test: 
Error: 
    at Suite.<anonymous> (D:\project\a365_Workspace2\A365_Workspace\A365e2e\e2e\SqlScripts\sqlScripts.spec.ts:8:5)
    at addSpecsToSuite (D:\project\a365_Workspace2\A365_Workspace\A365e2e\node_modules\jasmine-core\lib\jasmine-core\jasmine.js:1107:25)
    at Env.describe (D:\project\a365_Workspace2\A365_Workspace\A365e2e\node_modules\jasmine-core\lib\jasmine-core\jasmine.js:1074:7)
    at describe (D:\project\a365_Workspace2\A365_Workspace\A365e2e\node_modules\jasmine-core\lib\jasmine-core\jasmine.js:4399:18)
    at Object.<anonymous> (D:\project\a365_Workspace2\A365_Workspace\A365e2e\e2e\SqlScripts\sqlScripts.spec.ts:6:1)
    at Module._compile (internal/modules/cjs/loader.js:701:30)
    at Module.m._compile (D:\project\a365_Workspace2\A365_Workspace\A365e2e\node_modules\ts-node\src\index.ts:473:23)
    at Module._extensions..js (internal/modules/cjs/loader.js:712:10)
    at Object.require.extensions.(anonymous function) [as .ts] (D:\project\a365_Workspace2\A365_Workspace\A365e2e\node_modules\ts-node\src\index.ts:476:12)]]>
   </failure>
   <failure type="exception" message="Failed: no such window: target window already closed
from unknown error: web view not found
  (Session info: chrome=75.0.3770.142)
  (Driver info: chromedriver=74.0.3729.6 (255758eccf3d244491b8a1317aa76e1ce10d57e9-refs/branch-heads/3729@{#29}),platform=Windows NT 10.0.17763 x86_64)"><![CDATA[NoSuchWindowError: no such window: target window already closed
from unknown error: web view not found
  (Session info: chrome=75.0.3770.142)
  (Driver info: chromedriver=74.0.3729.6 (255758eccf3d244491b8a1317aa76e1ce10d57e9-refs/branch-heads/3729@{#29}),platform=Windows NT 10.0.17763 x86_64)
    at Object.checkLegacyResponse (D:\project\a365_Workspace2\A365_Workspace\A365e2e\node_modules\selenium-webdriver\lib\error.js:546:15)
    at parseHttpResponse (D:\project\a365_Workspace2\A365_Workspace\A365e2e\node_modules\selenium-webdriver\lib\http.js:509:13)
    at doSend.then.response (D:\project\a365_Workspace2\A365_Workspace\A365e2e\node_modules\selenium-webdriver\lib\http.js:441:30)
    at process._tickCallback (internal/process/next_tick.js:68:7)
From: Task: WebDriver.getCurrentUrl()
    at Driver.schedule (D:\project\a365_Workspace2\A365_Workspace\A365e2e\node_modules\selenium-webdriver\lib\webdriver.js:807:17)
    at Driver.getCurrentUrl (D:\project\a365_Workspace2\A365_Workspace\A365e2e\node_modules\selenium-webdriver\lib\webdriver.js:993:17)
    at run (D:\project\a365_Workspace2\A365_Workspace\A365e2e\node_modules\protractor\built\browser.js:59:33)
    at ManagedPromise.invokeCallback_ (D:\project\a365_Workspace2\A365_Workspace\A365e2e\node_modules\selenium-webdriver\lib\promise.js:1376:14)
    at TaskQueue.execute_ (D:\project\a365_Workspace2\A365_Workspace\A365e2e\node_modules\selenium-webdriver\lib\promise.js:3084:14)
    at TaskQueue.executeNext_ (D:\project\a365_Workspace2\A365_Workspace\A365e2e\node_modules\selenium-webdriver\lib\promise.js:3067:27)
    at asyncRun (D:\project\a365_Workspace2\A365_Workspace\A365e2e\node_modules\selenium-webdriver\lib\promise.js:2927:27)
    at D:\project\a365_Workspace2\A365_Workspace\A365e2e\node_modules\selenium-webdriver\lib\promise.js:668:7
    at process._tickCallback (internal/process/next_tick.js:68:7)
From: Task: Run it("Save Sql Script") in control flow
    at UserContext.<anonymous> (D:\project\a365_Workspace2\A365_Workspace\A365e2e\node_modules\jasminewd2\index.js:94:19)
    at attempt (D:\project\a365_Workspace2\A365_Workspace\A365e2e\node_modules\jasmine-core\lib\jasmine-core\jasmine.js:4297:26)
    at QueueRunner.run (D:\project\a365_Workspace2\A365_Workspace\A365e2e\node_modules\jasmine-core\lib\jasmine-core\jasmine.js:4217:20)
    at QueueRunner.execute (D:\project\a365_Workspace2\A365_Workspace\A365e2e\node_modules\jasmine-core\lib\jasmine-core\jasmine.js:4199:10)
    at Spec.queueRunnerFactory (D:\project\a365_Workspace2\A365_Workspace\A365e2e\node_modules\jasmine-core\lib\jasmine-core\jasmine.js:909:35)
    at Spec.execute (D:\project\a365_Workspace2\A365_Workspace\A365e2e\node_modules\jasmine-core\lib\jasmine-core\jasmine.js:526:10)
    at UserContext.fn (D:\project\a365_Workspace2\A365_Workspace\A365e2e\node_modules\jasmine-core\lib\jasmine-core\jasmine.js:5340:37)
    at attempt (D:\project\a365_Workspace2\A365_Workspace\A365e2e\node_modules\jasmine-core\lib\jasmine-core\jasmine.js:4297:26)
    at QueueRunner.run (D:\project\a365_Workspace2\A365_Workspace\A365e2e\node_modules\jasmine-core\lib\jasmine-core\jasmine.js:4217:20)
    at runNext (D:\project\a365_Workspace2\A365_Workspace\A365e2e\node_modules\jasmine-core\lib\jasmine-core\jasmine.js:4257:20)
From asynchronous test: 
Error: 
    at Suite.<anonymous> (D:\project\a365_Workspace2\A365_Workspace\A365e2e\e2e\SqlScripts\sqlScripts.spec.ts:43:5)
    at addSpecsToSuite (D:\project\a365_Workspace2\A365_Workspace\A365e2e\node_modules\jasmine-core\lib\jasmine-core\jasmine.js:1107:25)
    at Env.describe (D:\project\a365_Workspace2\A365_Workspace\A365e2e\node_modules\jasmine-core\lib\jasmine-core\jasmine.js:1074:7)
    at describe (D:\project\a365_Workspace2\A365_Workspace\A365e2e\node_modules\jasmine-core\lib\jasmine-core\jasmine.js:4399:18)
    at Object.<anonymous> (D:\project\a365_Workspace2\A365_Workspace\A365e2e\e2e\SqlScripts\sqlScripts.spec.ts:6:1)
    at Module._compile (internal/modules/cjs/loader.js:701:30)
    at Module.m._compile (D:\project\a365_Workspace2\A365_Workspace\A365e2e\node_modules\ts-node\src\index.ts:473:23)
    at Module._extensions..js (internal/modules/cjs/loader.js:712:10)
    at Object.require.extensions.(anonymous function) [as .ts] (D:\project\a365_Workspace2\A365_Workspace\A365e2e\node_modules\ts-node\src\index.ts:476:12)]]>
   </failure>
  </testcase>
  <testcase classname="Sql Scripts test" name="Run Sql Script" time="0.034">
   <failure type="exception" message="Failed: no such window: target window already closed
from unknown error: web view not found
  (Session info: chrome=75.0.3770.142)
  (Driver info: chromedriver=74.0.3729.6 (255758eccf3d244491b8a1317aa76e1ce10d57e9-refs/branch-heads/3729@{#29}),platform=Windows NT 10.0.17763 x86_64)"><![CDATA[NoSuchWindowError: no such window: target window already closed
from unknown error: web view not found
  (Session info: chrome=75.0.3770.142)
  (Driver info: chromedriver=74.0.3729.6 (255758eccf3d244491b8a1317aa76e1ce10d57e9-refs/branch-heads/3729@{#29}),platform=Windows NT 10.0.17763 x86_64)
    at Object.checkLegacyResponse (D:\project\a365_Workspace2\A365_Workspace\A365e2e\node_modules\selenium-webdriver\lib\error.js:546:15)
    at parseHttpResponse (D:\project\a365_Workspace2\A365_Workspace\A365e2e\node_modules\selenium-webdriver\lib\http.js:509:13)
    at doSend.then.response (D:\project\a365_Workspace2\A365_Workspace\A365e2e\node_modules\selenium-webdriver\lib\http.js:441:30)
    at process._tickCallback (internal/process/next_tick.js:68:7)
From: Task: WebDriver.getCurrentUrl()
    at Driver.schedule (D:\project\a365_Workspace2\A365_Workspace\A365e2e\node_modules\selenium-webdriver\lib\webdriver.js:807:17)
    at Driver.getCurrentUrl (D:\project\a365_Workspace2\A365_Workspace\A365e2e\node_modules\selenium-webdriver\lib\webdriver.js:993:17)
    at run (D:\project\a365_Workspace2\A365_Workspace\A365e2e\node_modules\protractor\built\browser.js:59:33)
    at ManagedPromise.invokeCallback_ (D:\project\a365_Workspace2\A365_Workspace\A365e2e\node_modules\selenium-webdriver\lib\promise.js:1376:14)
    at TaskQueue.execute_ (D:\project\a365_Workspace2\A365_Workspace\A365e2e\node_modules\selenium-webdriver\lib\promise.js:3084:14)
    at TaskQueue.executeNext_ (D:\project\a365_Workspace2\A365_Workspace\A365e2e\node_modules\selenium-webdriver\lib\promise.js:3067:27)
    at asyncRun (D:\project\a365_Workspace2\A365_Workspace\A365e2e\node_modules\selenium-webdriver\lib\promise.js:2927:27)
    at D:\project\a365_Workspace2\A365_Workspace\A365e2e\node_modules\selenium-webdriver\lib\promise.js:668:7
    at process._tickCallback (internal/process/next_tick.js:68:7)
From: Task: Run beforeAll in control flow
    at UserContext.<anonymous> (D:\project\a365_Workspace2\A365_Workspace\A365e2e\node_modules\jasminewd2\index.js:94:19)
    at attempt (D:\project\a365_Workspace2\A365_Workspace\A365e2e\node_modules\jasmine-core\lib\jasmine-core\jasmine.js:4297:26)
    at QueueRunner.run (D:\project\a365_Workspace2\A365_Workspace\A365e2e\node_modules\jasmine-core\lib\jasmine-core\jasmine.js:4217:20)
    at QueueRunner.execute (D:\project\a365_Workspace2\A365_Workspace\A365e2e\node_modules\jasmine-core\lib\jasmine-core\jasmine.js:4199:10)
    at queueRunnerFactory (D:\project\a365_Workspace2\A365_Workspace\A365e2e\node_modules\jasmine-core\lib\jasmine-core\jasmine.js:909:35)
    at UserContext.fn (D:\project\a365_Workspace2\A365_Workspace\A365e2e\node_modules\jasmine-core\lib\jasmine-core\jasmine.js:5325:13)
    at attempt (D:\project\a365_Workspace2\A365_Workspace\A365e2e\node_modules\jasmine-core\lib\jasmine-core\jasmine.js:4297:26)
    at QueueRunner.run (D:\project\a365_Workspace2\A365_Workspace\A365e2e\node_modules\jasmine-core\lib\jasmine-core\jasmine.js:4217:20)
    at runNext (D:\project\a365_Workspace2\A365_Workspace\A365e2e\node_modules\jasmine-core\lib\jasmine-core\jasmine.js:4257:20)
    at D:\project\a365_Workspace2\A365_Workspace\A365e2e\node_modules\jasmine-core\lib\jasmine-core\jasmine.js:4264:13
From asynchronous test: 
Error: 
    at Suite.<anonymous> (D:\project\a365_Workspace2\A365_Workspace\A365e2e\e2e\SqlScripts\sqlScripts.spec.ts:8:5)
    at addSpecsToSuite (D:\project\a365_Workspace2\A365_Workspace\A365e2e\node_modules\jasmine-core\lib\jasmine-core\jasmine.js:1107:25)
    at Env.describe (D:\project\a365_Workspace2\A365_Workspace\A365e2e\node_modules\jasmine-core\lib\jasmine-core\jasmine.js:1074:7)
    at describe (D:\project\a365_Workspace2\A365_Workspace\A365e2e\node_modules\jasmine-core\lib\jasmine-core\jasmine.js:4399:18)
    at Object.<anonymous> (D:\project\a365_Workspace2\A365_Workspace\A365e2e\e2e\SqlScripts\sqlScripts.spec.ts:6:1)
    at Module._compile (internal/modules/cjs/loader.js:701:30)
    at Module.m._compile (D:\project\a365_Workspace2\A365_Workspace\A365e2e\node_modules\ts-node\src\index.ts:473:23)
    at Module._extensions..js (internal/modules/cjs/loader.js:712:10)
    at Object.require.extensions.(anonymous function) [as .ts] (D:\project\a365_Workspace2\A365_Workspace\A365e2e\node_modules\ts-node\src\index.ts:476:12)]]>
   </failure>
   <failure type="exception" message="Failed: no such window: target window already closed
from unknown error: web view not found
  (Session info: chrome=75.0.3770.142)
  (Driver info: chromedriver=74.0.3729.6 (255758eccf3d244491b8a1317aa76e1ce10d57e9-refs/branch-heads/3729@{#29}),platform=Windows NT 10.0.17763 x86_64)"><![CDATA[NoSuchWindowError: no such window: target window already closed
from unknown error: web view not found
  (Session info: chrome=75.0.3770.142)
  (Driver info: chromedriver=74.0.3729.6 (255758eccf3d244491b8a1317aa76e1ce10d57e9-refs/branch-heads/3729@{#29}),platform=Windows NT 10.0.17763 x86_64)
    at Object.checkLegacyResponse (D:\project\a365_Workspace2\A365_Workspace\A365e2e\node_modules\selenium-webdriver\lib\error.js:546:15)
    at parseHttpResponse (D:\project\a365_Workspace2\A365_Workspace\A365e2e\node_modules\selenium-webdriver\lib\http.js:509:13)
    at doSend.then.response (D:\project\a365_Workspace2\A365_Workspace\A365e2e\node_modules\selenium-webdriver\lib\http.js:441:30)
    at process._tickCallback (internal/process/next_tick.js:68:7)
From: Task: WebDriver.getCurrentUrl()
    at Driver.schedule (D:\project\a365_Workspace2\A365_Workspace\A365e2e\node_modules\selenium-webdriver\lib\webdriver.js:807:17)
    at Driver.getCurrentUrl (D:\project\a365_Workspace2\A365_Workspace\A365e2e\node_modules\selenium-webdriver\lib\webdriver.js:993:17)
    at run (D:\project\a365_Workspace2\A365_Workspace\A365e2e\node_modules\protractor\built\browser.js:59:33)
    at ManagedPromise.invokeCallback_ (D:\project\a365_Workspace2\A365_Workspace\A365e2e\node_modules\selenium-webdriver\lib\promise.js:1376:14)
    at TaskQueue.execute_ (D:\project\a365_Workspace2\A365_Workspace\A365e2e\node_modules\selenium-webdriver\lib\promise.js:3084:14)
    at TaskQueue.executeNext_ (D:\project\a365_Workspace2\A365_Workspace\A365e2e\node_modules\selenium-webdriver\lib\promise.js:3067:27)
    at asyncRun (D:\project\a365_Workspace2\A365_Workspace\A365e2e\node_modules\selenium-webdriver\lib\promise.js:2927:27)
    at D:\project\a365_Workspace2\A365_Workspace\A365e2e\node_modules\selenium-webdriver\lib\promise.js:668:7
    at process._tickCallback (internal/process/next_tick.js:68:7)
From: Task: Run it("Run Sql Script") in control flow
    at UserContext.<anonymous> (D:\project\a365_Workspace2\A365_Workspace\A365e2e\node_modules\jasminewd2\index.js:94:19)
    at attempt (D:\project\a365_Workspace2\A365_Workspace\A365e2e\node_modules\jasmine-core\lib\jasmine-core\jasmine.js:4297:26)
    at QueueRunner.run (D:\project\a365_Workspace2\A365_Workspace\A365e2e\node_modules\jasmine-core\lib\jasmine-core\jasmine.js:4217:20)
    at QueueRunner.execute (D:\project\a365_Workspace2\A365_Workspace\A365e2e\node_modules\jasmine-core\lib\jasmine-core\jasmine.js:4199:10)
    at Spec.queueRunnerFactory (D:\project\a365_Workspace2\A365_Workspace\A365e2e\node_modules\jasmine-core\lib\jasmine-core\jasmine.js:909:35)
    at Spec.execute (D:\project\a365_Workspace2\A365_Workspace\A365e2e\node_modules\jasmine-core\lib\jasmine-core\jasmine.js:526:10)
    at UserContext.fn (D:\project\a365_Workspace2\A365_Workspace\A365e2e\node_modules\jasmine-core\lib\jasmine-core\jasmine.js:5340:37)
    at attempt (D:\project\a365_Workspace2\A365_Workspace\A365e2e\node_modules\jasmine-core\lib\jasmine-core\jasmine.js:4297:26)
    at QueueRunner.run (D:\project\a365_Workspace2\A365_Workspace\A365e2e\node_modules\jasmine-core\lib\jasmine-core\jasmine.js:4217:20)
    at runNext (D:\project\a365_Workspace2\A365_Workspace\A365e2e\node_modules\jasmine-core\lib\jasmine-core\jasmine.js:4257:20)
From asynchronous test: 
Error: 
    at Suite.<anonymous> (D:\project\a365_Workspace2\A365_Workspace\A365e2e\e2e\SqlScripts\sqlScripts.spec.ts:49:5)
    at addSpecsToSuite (D:\project\a365_Workspace2\A365_Workspace\A365e2e\node_modules\jasmine-core\lib\jasmine-core\jasmine.js:1107:25)
    at Env.describe (D:\project\a365_Workspace2\A365_Workspace\A365e2e\node_modules\jasmine-core\lib\jasmine-core\jasmine.js:1074:7)
    at describe (D:\project\a365_Workspace2\A365_Workspace\A365e2e\node_modules\jasmine-core\lib\jasmine-core\jasmine.js:4399:18)
    at Object.<anonymous> (D:\project\a365_Workspace2\A365_Workspace\A365e2e\e2e\SqlScripts\sqlScripts.spec.ts:6:1)
    at Module._compile (internal/modules/cjs/loader.js:701:30)
    at Module.m._compile (D:\project\a365_Workspace2\A365_Workspace\A365e2e\node_modules\ts-node\src\index.ts:473:23)
    at Module._extensions..js (internal/modules/cjs/loader.js:712:10)
    at Object.require.extensions.(anonymous function) [as .ts] (D:\project\a365_Workspace2\A365_Workspace\A365e2e\node_modules\ts-node\src\index.ts:476:12)]]>
   </failure>
  </testcase>
  <testcase classname="Sql Scripts test" name="Open more tabs on the same time" time="0.031">
   <failure type="exception" message="Failed: no such window: target window already closed
from unknown error: web view not found
  (Session info: chrome=75.0.3770.142)
  (Driver info: chromedriver=74.0.3729.6 (255758eccf3d244491b8a1317aa76e1ce10d57e9-refs/branch-heads/3729@{#29}),platform=Windows NT 10.0.17763 x86_64)"><![CDATA[NoSuchWindowError: no such window: target window already closed
from unknown error: web view not found
  (Session info: chrome=75.0.3770.142)
  (Driver info: chromedriver=74.0.3729.6 (255758eccf3d244491b8a1317aa76e1ce10d57e9-refs/branch-heads/3729@{#29}),platform=Windows NT 10.0.17763 x86_64)
    at Object.checkLegacyResponse (D:\project\a365_Workspace2\A365_Workspace\A365e2e\node_modules\selenium-webdriver\lib\error.js:546:15)
    at parseHttpResponse (D:\project\a365_Workspace2\A365_Workspace\A365e2e\node_modules\selenium-webdriver\lib\http.js:509:13)
    at doSend.then.response (D:\project\a365_Workspace2\A365_Workspace\A365e2e\node_modules\selenium-webdriver\lib\http.js:441:30)
    at process._tickCallback (internal/process/next_tick.js:68:7)
From: Task: WebDriver.getCurrentUrl()
    at Driver.schedule (D:\project\a365_Workspace2\A365_Workspace\A365e2e\node_modules\selenium-webdriver\lib\webdriver.js:807:17)
    at Driver.getCurrentUrl (D:\project\a365_Workspace2\A365_Workspace\A365e2e\node_modules\selenium-webdriver\lib\webdriver.js:993:17)
    at run (D:\project\a365_Workspace2\A365_Workspace\A365e2e\node_modules\protractor\built\browser.js:59:33)
    at ManagedPromise.invokeCallback_ (D:\project\a365_Workspace2\A365_Workspace\A365e2e\node_modules\selenium-webdriver\lib\promise.js:1376:14)
    at TaskQueue.execute_ (D:\project\a365_Workspace2\A365_Workspace\A365e2e\node_modules\selenium-webdriver\lib\promise.js:3084:14)
    at TaskQueue.executeNext_ (D:\project\a365_Workspace2\A365_Workspace\A365e2e\node_modules\selenium-webdriver\lib\promise.js:3067:27)
    at asyncRun (D:\project\a365_Workspace2\A365_Workspace\A365e2e\node_modules\selenium-webdriver\lib\promise.js:2927:27)
    at D:\project\a365_Workspace2\A365_Workspace\A365e2e\node_modules\selenium-webdriver\lib\promise.js:668:7
    at process._tickCallback (internal/process/next_tick.js:68:7)
From: Task: Run beforeAll in control flow
    at UserContext.<anonymous> (D:\project\a365_Workspace2\A365_Workspace\A365e2e\node_modules\jasminewd2\index.js:94:19)
    at attempt (D:\project\a365_Workspace2\A365_Workspace\A365e2e\node_modules\jasmine-core\lib\jasmine-core\jasmine.js:4297:26)
    at QueueRunner.run (D:\project\a365_Workspace2\A365_Workspace\A365e2e\node_modules\jasmine-core\lib\jasmine-core\jasmine.js:4217:20)
    at QueueRunner.execute (D:\project\a365_Workspace2\A365_Workspace\A365e2e\node_modules\jasmine-core\lib\jasmine-core\jasmine.js:4199:10)
    at queueRunnerFactory (D:\project\a365_Workspace2\A365_Workspace\A365e2e\node_modules\jasmine-core\lib\jasmine-core\jasmine.js:909:35)
    at UserContext.fn (D:\project\a365_Workspace2\A365_Workspace\A365e2e\node_modules\jasmine-core\lib\jasmine-core\jasmine.js:5325:13)
    at attempt (D:\project\a365_Workspace2\A365_Workspace\A365e2e\node_modules\jasmine-core\lib\jasmine-core\jasmine.js:4297:26)
    at QueueRunner.run (D:\project\a365_Workspace2\A365_Workspace\A365e2e\node_modules\jasmine-core\lib\jasmine-core\jasmine.js:4217:20)
    at runNext (D:\project\a365_Workspace2\A365_Workspace\A365e2e\node_modules\jasmine-core\lib\jasmine-core\jasmine.js:4257:20)
    at D:\project\a365_Workspace2\A365_Workspace\A365e2e\node_modules\jasmine-core\lib\jasmine-core\jasmine.js:4264:13
From asynchronous test: 
Error: 
    at Suite.<anonymous> (D:\project\a365_Workspace2\A365_Workspace\A365e2e\e2e\SqlScripts\sqlScripts.spec.ts:8:5)
    at addSpecsToSuite (D:\project\a365_Workspace2\A365_Workspace\A365e2e\node_modules\jasmine-core\lib\jasmine-core\jasmine.js:1107:25)
    at Env.describe (D:\project\a365_Workspace2\A365_Workspace\A365e2e\node_modules\jasmine-core\lib\jasmine-core\jasmine.js:1074:7)
    at describe (D:\project\a365_Workspace2\A365_Workspace\A365e2e\node_modules\jasmine-core\lib\jasmine-core\jasmine.js:4399:18)
    at Object.<anonymous> (D:\project\a365_Workspace2\A365_Workspace\A365e2e\e2e\SqlScripts\sqlScripts.spec.ts:6:1)
    at Module._compile (internal/modules/cjs/loader.js:701:30)
    at Module.m._compile (D:\project\a365_Workspace2\A365_Workspace\A365e2e\node_modules\ts-node\src\index.ts:473:23)
    at Module._extensions..js (internal/modules/cjs/loader.js:712:10)
    at Object.require.extensions.(anonymous function) [as .ts] (D:\project\a365_Workspace2\A365_Workspace\A365e2e\node_modules\ts-node\src\index.ts:476:12)]]>
   </failure>
   <failure type="exception" message="Failed: no such window: target window already closed
from unknown error: web view not found
  (Session info: chrome=75.0.3770.142)
  (Driver info: chromedriver=74.0.3729.6 (255758eccf3d244491b8a1317aa76e1ce10d57e9-refs/branch-heads/3729@{#29}),platform=Windows NT 10.0.17763 x86_64)"><![CDATA[NoSuchWindowError: no such window: target window already closed
from unknown error: web view not found
  (Session info: chrome=75.0.3770.142)
  (Driver info: chromedriver=74.0.3729.6 (255758eccf3d244491b8a1317aa76e1ce10d57e9-refs/branch-heads/3729@{#29}),platform=Windows NT 10.0.17763 x86_64)
    at Object.checkLegacyResponse (D:\project\a365_Workspace2\A365_Workspace\A365e2e\node_modules\selenium-webdriver\lib\error.js:546:15)
    at parseHttpResponse (D:\project\a365_Workspace2\A365_Workspace\A365e2e\node_modules\selenium-webdriver\lib\http.js:509:13)
    at doSend.then.response (D:\project\a365_Workspace2\A365_Workspace\A365e2e\node_modules\selenium-webdriver\lib\http.js:441:30)
    at process._tickCallback (internal/process/next_tick.js:68:7)
From: Task: WebDriver.getCurrentUrl()
    at Driver.schedule (D:\project\a365_Workspace2\A365_Workspace\A365e2e\node_modules\selenium-webdriver\lib\webdriver.js:807:17)
    at Driver.getCurrentUrl (D:\project\a365_Workspace2\A365_Workspace\A365e2e\node_modules\selenium-webdriver\lib\webdriver.js:993:17)
    at run (D:\project\a365_Workspace2\A365_Workspace\A365e2e\node_modules\protractor\built\browser.js:59:33)
    at ManagedPromise.invokeCallback_ (D:\project\a365_Workspace2\A365_Workspace\A365e2e\node_modules\selenium-webdriver\lib\promise.js:1376:14)
    at TaskQueue.execute_ (D:\project\a365_Workspace2\A365_Workspace\A365e2e\node_modules\selenium-webdriver\lib\promise.js:3084:14)
    at TaskQueue.executeNext_ (D:\project\a365_Workspace2\A365_Workspace\A365e2e\node_modules\selenium-webdriver\lib\promise.js:3067:27)
    at asyncRun (D:\project\a365_Workspace2\A365_Workspace\A365e2e\node_modules\selenium-webdriver\lib\promise.js:2927:27)
    at D:\project\a365_Workspace2\A365_Workspace\A365e2e\node_modules\selenium-webdriver\lib\promise.js:668:7
    at process._tickCallback (internal/process/next_tick.js:68:7)
From: Task: Run it("Open more tabs on the same time") in control flow
    at UserContext.<anonymous> (D:\project\a365_Workspace2\A365_Workspace\A365e2e\node_modules\jasminewd2\index.js:94:19)
    at attempt (D:\project\a365_Workspace2\A365_Workspace\A365e2e\node_modules\jasmine-core\lib\jasmine-core\jasmine.js:4297:26)
    at QueueRunner.run (D:\project\a365_Workspace2\A365_Workspace\A365e2e\node_modules\jasmine-core\lib\jasmine-core\jasmine.js:4217:20)
    at QueueRunner.execute (D:\project\a365_Workspace2\A365_Workspace\A365e2e\node_modules\jasmine-core\lib\jasmine-core\jasmine.js:4199:10)
    at Spec.queueRunnerFactory (D:\project\a365_Workspace2\A365_Workspace\A365e2e\node_modules\jasmine-core\lib\jasmine-core\jasmine.js:909:35)
    at Spec.execute (D:\project\a365_Workspace2\A365_Workspace\A365e2e\node_modules\jasmine-core\lib\jasmine-core\jasmine.js:526:10)
    at UserContext.fn (D:\project\a365_Workspace2\A365_Workspace\A365e2e\node_modules\jasmine-core\lib\jasmine-core\jasmine.js:5340:37)
    at attempt (D:\project\a365_Workspace2\A365_Workspace\A365e2e\node_modules\jasmine-core\lib\jasmine-core\jasmine.js:4297:26)
    at QueueRunner.run (D:\project\a365_Workspace2\A365_Workspace\A365e2e\node_modules\jasmine-core\lib\jasmine-core\jasmine.js:4217:20)
    at runNext (D:\project\a365_Workspace2\A365_Workspace\A365e2e\node_modules\jasmine-core\lib\jasmine-core\jasmine.js:4257:20)
From asynchronous test: 
Error: 
    at Suite.<anonymous> (D:\project\a365_Workspace2\A365_Workspace\A365e2e\e2e\SqlScripts\sqlScripts.spec.ts:56:5)
    at addSpecsToSuite (D:\project\a365_Workspace2\A365_Workspace\A365e2e\node_modules\jasmine-core\lib\jasmine-core\jasmine.js:1107:25)
    at Env.describe (D:\project\a365_Workspace2\A365_Workspace\A365e2e\node_modules\jasmine-core\lib\jasmine-core\jasmine.js:1074:7)
    at describe (D:\project\a365_Workspace2\A365_Workspace\A365e2e\node_modules\jasmine-core\lib\jasmine-core\jasmine.js:4399:18)
    at Object.<anonymous> (D:\project\a365_Workspace2\A365_Workspace\A365e2e\e2e\SqlScripts\sqlScripts.spec.ts:6:1)
    at Module._compile (internal/modules/cjs/loader.js:701:30)
    at Module.m._compile (D:\project\a365_Workspace2\A365_Workspace\A365e2e\node_modules\ts-node\src\index.ts:473:23)
    at Module._extensions..js (internal/modules/cjs/loader.js:712:10)
    at Object.require.extensions.(anonymous function) [as .ts] (D:\project\a365_Workspace2\A365_Workspace\A365e2e\node_modules\ts-node\src\index.ts:476:12)]]>
   </failure>
  </testcase>
  <testcase classname="Sql Scripts test" name="Delete Sql Script" time="0.035">
   <failure type="exception" message="Failed: no such window: target window already closed
from unknown error: web view not found
  (Session info: chrome=75.0.3770.142)
  (Driver info: chromedriver=74.0.3729.6 (255758eccf3d244491b8a1317aa76e1ce10d57e9-refs/branch-heads/3729@{#29}),platform=Windows NT 10.0.17763 x86_64)"><![CDATA[NoSuchWindowError: no such window: target window already closed
from unknown error: web view not found
  (Session info: chrome=75.0.3770.142)
  (Driver info: chromedriver=74.0.3729.6 (255758eccf3d244491b8a1317aa76e1ce10d57e9-refs/branch-heads/3729@{#29}),platform=Windows NT 10.0.17763 x86_64)
    at Object.checkLegacyResponse (D:\project\a365_Workspace2\A365_Workspace\A365e2e\node_modules\selenium-webdriver\lib\error.js:546:15)
    at parseHttpResponse (D:\project\a365_Workspace2\A365_Workspace\A365e2e\node_modules\selenium-webdriver\lib\http.js:509:13)
    at doSend.then.response (D:\project\a365_Workspace2\A365_Workspace\A365e2e\node_modules\selenium-webdriver\lib\http.js:441:30)
    at process._tickCallback (internal/process/next_tick.js:68:7)
From: Task: WebDriver.getCurrentUrl()
    at Driver.schedule (D:\project\a365_Workspace2\A365_Workspace\A365e2e\node_modules\selenium-webdriver\lib\webdriver.js:807:17)
    at Driver.getCurrentUrl (D:\project\a365_Workspace2\A365_Workspace\A365e2e\node_modules\selenium-webdriver\lib\webdriver.js:993:17)
    at run (D:\project\a365_Workspace2\A365_Workspace\A365e2e\node_modules\protractor\built\browser.js:59:33)
    at ManagedPromise.invokeCallback_ (D:\project\a365_Workspace2\A365_Workspace\A365e2e\node_modules\selenium-webdriver\lib\promise.js:1376:14)
    at TaskQueue.execute_ (D:\project\a365_Workspace2\A365_Workspace\A365e2e\node_modules\selenium-webdriver\lib\promise.js:3084:14)
    at TaskQueue.executeNext_ (D:\project\a365_Workspace2\A365_Workspace\A365e2e\node_modules\selenium-webdriver\lib\promise.js:3067:27)
    at asyncRun (D:\project\a365_Workspace2\A365_Workspace\A365e2e\node_modules\selenium-webdriver\lib\promise.js:2927:27)
    at D:\project\a365_Workspace2\A365_Workspace\A365e2e\node_modules\selenium-webdriver\lib\promise.js:668:7
    at process._tickCallback (internal/process/next_tick.js:68:7)
From: Task: Run beforeAll in control flow
    at UserContext.<anonymous> (D:\project\a365_Workspace2\A365_Workspace\A365e2e\node_modules\jasminewd2\index.js:94:19)
    at attempt (D:\project\a365_Workspace2\A365_Workspace\A365e2e\node_modules\jasmine-core\lib\jasmine-core\jasmine.js:4297:26)
    at QueueRunner.run (D:\project\a365_Workspace2\A365_Workspace\A365e2e\node_modules\jasmine-core\lib\jasmine-core\jasmine.js:4217:20)
    at QueueRunner.execute (D:\project\a365_Workspace2\A365_Workspace\A365e2e\node_modules\jasmine-core\lib\jasmine-core\jasmine.js:4199:10)
    at queueRunnerFactory (D:\project\a365_Workspace2\A365_Workspace\A365e2e\node_modules\jasmine-core\lib\jasmine-core\jasmine.js:909:35)
    at UserContext.fn (D:\project\a365_Workspace2\A365_Workspace\A365e2e\node_modules\jasmine-core\lib\jasmine-core\jasmine.js:5325:13)
    at attempt (D:\project\a365_Workspace2\A365_Workspace\A365e2e\node_modules\jasmine-core\lib\jasmine-core\jasmine.js:4297:26)
    at QueueRunner.run (D:\project\a365_Workspace2\A365_Workspace\A365e2e\node_modules\jasmine-core\lib\jasmine-core\jasmine.js:4217:20)
    at runNext (D:\project\a365_Workspace2\A365_Workspace\A365e2e\node_modules\jasmine-core\lib\jasmine-core\jasmine.js:4257:20)
    at D:\project\a365_Workspace2\A365_Workspace\A365e2e\node_modules\jasmine-core\lib\jasmine-core\jasmine.js:4264:13
From asynchronous test: 
Error: 
    at Suite.<anonymous> (D:\project\a365_Workspace2\A365_Workspace\A365e2e\e2e\SqlScripts\sqlScripts.spec.ts:8:5)
    at addSpecsToSuite (D:\project\a365_Workspace2\A365_Workspace\A365e2e\node_modules\jasmine-core\lib\jasmine-core\jasmine.js:1107:25)
    at Env.describe (D:\project\a365_Workspace2\A365_Workspace\A365e2e\node_modules\jasmine-core\lib\jasmine-core\jasmine.js:1074:7)
    at describe (D:\project\a365_Workspace2\A365_Workspace\A365e2e\node_modules\jasmine-core\lib\jasmine-core\jasmine.js:4399:18)
    at Object.<anonymous> (D:\project\a365_Workspace2\A365_Workspace\A365e2e\e2e\SqlScripts\sqlScripts.spec.ts:6:1)
    at Module._compile (internal/modules/cjs/loader.js:701:30)
    at Module.m._compile (D:\project\a365_Workspace2\A365_Workspace\A365e2e\node_modules\ts-node\src\index.ts:473:23)
    at Module._extensions..js (internal/modules/cjs/loader.js:712:10)
    at Object.require.extensions.(anonymous function) [as .ts] (D:\project\a365_Workspace2\A365_Workspace\A365e2e\node_modules\ts-node\src\index.ts:476:12)]]>
   </failure>
   <failure type="exception" message="Failed: no such window: target window already closed
from unknown error: web view not found
  (Session info: chrome=75.0.3770.142)
  (Driver info: chromedriver=74.0.3729.6 (255758eccf3d244491b8a1317aa76e1ce10d57e9-refs/branch-heads/3729@{#29}),platform=Windows NT 10.0.17763 x86_64)"><![CDATA[NoSuchWindowError: no such window: target window already closed
from unknown error: web view not found
  (Session info: chrome=75.0.3770.142)
  (Driver info: chromedriver=74.0.3729.6 (255758eccf3d244491b8a1317aa76e1ce10d57e9-refs/branch-heads/3729@{#29}),platform=Windows NT 10.0.17763 x86_64)
    at Object.checkLegacyResponse (D:\project\a365_Workspace2\A365_Workspace\A365e2e\node_modules\selenium-webdriver\lib\error.js:546:15)
    at parseHttpResponse (D:\project\a365_Workspace2\A365_Workspace\A365e2e\node_modules\selenium-webdriver\lib\http.js:509:13)
    at doSend.then.response (D:\project\a365_Workspace2\A365_Workspace\A365e2e\node_modules\selenium-webdriver\lib\http.js:441:30)
    at process._tickCallback (internal/process/next_tick.js:68:7)
From: Task: WebDriver.getCurrentUrl()
    at Driver.schedule (D:\project\a365_Workspace2\A365_Workspace\A365e2e\node_modules\selenium-webdriver\lib\webdriver.js:807:17)
    at Driver.getCurrentUrl (D:\project\a365_Workspace2\A365_Workspace\A365e2e\node_modules\selenium-webdriver\lib\webdriver.js:993:17)
    at run (D:\project\a365_Workspace2\A365_Workspace\A365e2e\node_modules\protractor\built\browser.js:59:33)
    at ManagedPromise.invokeCallback_ (D:\project\a365_Workspace2\A365_Workspace\A365e2e\node_modules\selenium-webdriver\lib\promise.js:1376:14)
    at TaskQueue.execute_ (D:\project\a365_Workspace2\A365_Workspace\A365e2e\node_modules\selenium-webdriver\lib\promise.js:3084:14)
    at TaskQueue.executeNext_ (D:\project\a365_Workspace2\A365_Workspace\A365e2e\node_modules\selenium-webdriver\lib\promise.js:3067:27)
    at asyncRun (D:\project\a365_Workspace2\A365_Workspace\A365e2e\node_modules\selenium-webdriver\lib\promise.js:2927:27)
    at D:\project\a365_Workspace2\A365_Workspace\A365e2e\node_modules\selenium-webdriver\lib\promise.js:668:7
    at process._tickCallback (internal/process/next_tick.js:68:7)
From: Task: Run it("Delete Sql Script") in control flow
    at UserContext.<anonymous> (D:\project\a365_Workspace2\A365_Workspace\A365e2e\node_modules\jasminewd2\index.js:94:19)
    at attempt (D:\project\a365_Workspace2\A365_Workspace\A365e2e\node_modules\jasmine-core\lib\jasmine-core\jasmine.js:4297:26)
    at QueueRunner.run (D:\project\a365_Workspace2\A365_Workspace\A365e2e\node_modules\jasmine-core\lib\jasmine-core\jasmine.js:4217:20)
    at QueueRunner.execute (D:\project\a365_Workspace2\A365_Workspace\A365e2e\node_modules\jasmine-core\lib\jasmine-core\jasmine.js:4199:10)
    at Spec.queueRunnerFactory (D:\project\a365_Workspace2\A365_Workspace\A365e2e\node_modules\jasmine-core\lib\jasmine-core\jasmine.js:909:35)
    at Spec.execute (D:\project\a365_Workspace2\A365_Workspace\A365e2e\node_modules\jasmine-core\lib\jasmine-core\jasmine.js:526:10)
    at UserContext.fn (D:\project\a365_Workspace2\A365_Workspace\A365e2e\node_modules\jasmine-core\lib\jasmine-core\jasmine.js:5340:37)
    at attempt (D:\project\a365_Workspace2\A365_Workspace\A365e2e\node_modules\jasmine-core\lib\jasmine-core\jasmine.js:4297:26)
    at QueueRunner.run (D:\project\a365_Workspace2\A365_Workspace\A365e2e\node_modules\jasmine-core\lib\jasmine-core\jasmine.js:4217:20)
    at runNext (D:\project\a365_Workspace2\A365_Workspace\A365e2e\node_modules\jasmine-core\lib\jasmine-core\jasmine.js:4257:20)
From asynchronous test: 
Error: 
    at Suite.<anonymous> (D:\project\a365_Workspace2\A365_Workspace\A365e2e\e2e\SqlScripts\sqlScripts.spec.ts:71:5)
    at addSpecsToSuite (D:\project\a365_Workspace2\A365_Workspace\A365e2e\node_modules\jasmine-core\lib\jasmine-core\jasmine.js:1107:25)
    at Env.describe (D:\project\a365_Workspace2\A365_Workspace\A365e2e\node_modules\jasmine-core\lib\jasmine-core\jasmine.js:1074:7)
    at describe (D:\project\a365_Workspace2\A365_Workspace\A365e2e\node_modules\jasmine-core\lib\jasmine-core\jasmine.js:4399:18)
    at Object.<anonymous> (D:\project\a365_Workspace2\A365_Workspace\A365e2e\e2e\SqlScripts\sqlScripts.spec.ts:6:1)
    at Module._compile (internal/modules/cjs/loader.js:701:30)
    at Module.m._compile (D:\project\a365_Workspace2\A365_Workspace\A365e2e\node_modules\ts-node\src\index.ts:473:23)
    at Module._extensions..js (internal/modules/cjs/loader.js:712:10)
    at Object.require.extensions.(anonymous function) [as .ts] (D:\project\a365_Workspace2\A365_Workspace\A365e2e\node_modules\ts-node\src\index.ts:476:12)]]>
   </failure>
  </testcase>
 </testsuite>
 <testsuite name="Sql Compute test" timestamp="2019-07-17T15:28:32" hostname="localhost" time="1.111" errors="0" tests="3" skipped="0" disabled="0" failures="6">
  <testcase classname="Sql Compute test" name="get sql-compute-table-columns" time="0.044">
   <failure type="exception" message="Failed: no such window: target window already closed
from unknown error: web view not found
  (Session info: chrome=75.0.3770.142)
  (Driver info: chromedriver=74.0.3729.6 (255758eccf3d244491b8a1317aa76e1ce10d57e9-refs/branch-heads/3729@{#29}),platform=Windows NT 10.0.17763 x86_64)"><![CDATA[NoSuchWindowError: no such window: target window already closed
from unknown error: web view not found
  (Session info: chrome=75.0.3770.142)
  (Driver info: chromedriver=74.0.3729.6 (255758eccf3d244491b8a1317aa76e1ce10d57e9-refs/branch-heads/3729@{#29}),platform=Windows NT 10.0.17763 x86_64)
    at Object.checkLegacyResponse (D:\project\a365_Workspace2\A365_Workspace\A365e2e\node_modules\selenium-webdriver\lib\error.js:546:15)
    at parseHttpResponse (D:\project\a365_Workspace2\A365_Workspace\A365e2e\node_modules\selenium-webdriver\lib\http.js:509:13)
    at doSend.then.response (D:\project\a365_Workspace2\A365_Workspace\A365e2e\node_modules\selenium-webdriver\lib\http.js:441:30)
    at process._tickCallback (internal/process/next_tick.js:68:7)
From: Task: WebDriver.getCurrentUrl()
    at Driver.schedule (D:\project\a365_Workspace2\A365_Workspace\A365e2e\node_modules\selenium-webdriver\lib\webdriver.js:807:17)
    at Driver.getCurrentUrl (D:\project\a365_Workspace2\A365_Workspace\A365e2e\node_modules\selenium-webdriver\lib\webdriver.js:993:17)
    at run (D:\project\a365_Workspace2\A365_Workspace\A365e2e\node_modules\protractor\built\browser.js:59:33)
    at ManagedPromise.invokeCallback_ (D:\project\a365_Workspace2\A365_Workspace\A365e2e\node_modules\selenium-webdriver\lib\promise.js:1376:14)
    at TaskQueue.execute_ (D:\project\a365_Workspace2\A365_Workspace\A365e2e\node_modules\selenium-webdriver\lib\promise.js:3084:14)
    at TaskQueue.executeNext_ (D:\project\a365_Workspace2\A365_Workspace\A365e2e\node_modules\selenium-webdriver\lib\promise.js:3067:27)
    at asyncRun (D:\project\a365_Workspace2\A365_Workspace\A365e2e\node_modules\selenium-webdriver\lib\promise.js:2927:27)
    at D:\project\a365_Workspace2\A365_Workspace\A365e2e\node_modules\selenium-webdriver\lib\promise.js:668:7
From: Task: Run beforeAll in control flow
    at UserContext.<anonymous> (D:\project\a365_Workspace2\A365_Workspace\A365e2e\node_modules\jasminewd2\index.js:94:19)
    at attempt (D:\project\a365_Workspace2\A365_Workspace\A365e2e\node_modules\jasmine-core\lib\jasmine-core\jasmine.js:4297:26)
    at QueueRunner.run (D:\project\a365_Workspace2\A365_Workspace\A365e2e\node_modules\jasmine-core\lib\jasmine-core\jasmine.js:4217:20)
    at QueueRunner.execute (D:\project\a365_Workspace2\A365_Workspace\A365e2e\node_modules\jasmine-core\lib\jasmine-core\jasmine.js:4199:10)
    at queueRunnerFactory (D:\project\a365_Workspace2\A365_Workspace\A365e2e\node_modules\jasmine-core\lib\jasmine-core\jasmine.js:909:35)
    at UserContext.fn (D:\project\a365_Workspace2\A365_Workspace\A365e2e\node_modules\jasmine-core\lib\jasmine-core\jasmine.js:5325:13)
    at attempt (D:\project\a365_Workspace2\A365_Workspace\A365e2e\node_modules\jasmine-core\lib\jasmine-core\jasmine.js:4297:26)
    at QueueRunner.run (D:\project\a365_Workspace2\A365_Workspace\A365e2e\node_modules\jasmine-core\lib\jasmine-core\jasmine.js:4217:20)
    at runNext (D:\project\a365_Workspace2\A365_Workspace\A365e2e\node_modules\jasmine-core\lib\jasmine-core\jasmine.js:4257:20)
    at D:\project\a365_Workspace2\A365_Workspace\A365e2e\node_modules\jasmine-core\lib\jasmine-core\jasmine.js:4264:13
From asynchronous test: 
Error: 
    at Suite.<anonymous> (D:\project\a365_Workspace2\A365_Workspace\A365e2e\e2e\SqlCompute\sqlCompute.spec.ts:8:5)
    at addSpecsToSuite (D:\project\a365_Workspace2\A365_Workspace\A365e2e\node_modules\jasmine-core\lib\jasmine-core\jasmine.js:1107:25)
    at Env.describe (D:\project\a365_Workspace2\A365_Workspace\A365e2e\node_modules\jasmine-core\lib\jasmine-core\jasmine.js:1074:7)
    at describe (D:\project\a365_Workspace2\A365_Workspace\A365e2e\node_modules\jasmine-core\lib\jasmine-core\jasmine.js:4399:18)
    at Object.<anonymous> (D:\project\a365_Workspace2\A365_Workspace\A365e2e\e2e\SqlCompute\sqlCompute.spec.ts:6:1)
    at Module._compile (internal/modules/cjs/loader.js:701:30)
    at Module.m._compile (D:\project\a365_Workspace2\A365_Workspace\A365e2e\node_modules\ts-node\src\index.ts:473:23)
    at Module._extensions..js (internal/modules/cjs/loader.js:712:10)
    at Object.require.extensions.(anonymous function) [as .ts] (D:\project\a365_Workspace2\A365_Workspace\A365e2e\node_modules\ts-node\src\index.ts:476:12)]]>
   </failure>
   <failure type="exception" message="Failed: no such window: target window already closed
from unknown error: web view not found
  (Session info: chrome=75.0.3770.142)
  (Driver info: chromedriver=74.0.3729.6 (255758eccf3d244491b8a1317aa76e1ce10d57e9-refs/branch-heads/3729@{#29}),platform=Windows NT 10.0.17763 x86_64)"><![CDATA[NoSuchWindowError: no such window: target window already closed
from unknown error: web view not found
  (Session info: chrome=75.0.3770.142)
  (Driver info: chromedriver=74.0.3729.6 (255758eccf3d244491b8a1317aa76e1ce10d57e9-refs/branch-heads/3729@{#29}),platform=Windows NT 10.0.17763 x86_64)
    at Object.checkLegacyResponse (D:\project\a365_Workspace2\A365_Workspace\A365e2e\node_modules\selenium-webdriver\lib\error.js:546:15)
    at parseHttpResponse (D:\project\a365_Workspace2\A365_Workspace\A365e2e\node_modules\selenium-webdriver\lib\http.js:509:13)
    at doSend.then.response (D:\project\a365_Workspace2\A365_Workspace\A365e2e\node_modules\selenium-webdriver\lib\http.js:441:30)
    at process._tickCallback (internal/process/next_tick.js:68:7)
From: Task: WebDriver.getCurrentUrl()
    at Driver.schedule (D:\project\a365_Workspace2\A365_Workspace\A365e2e\node_modules\selenium-webdriver\lib\webdriver.js:807:17)
    at Driver.getCurrentUrl (D:\project\a365_Workspace2\A365_Workspace\A365e2e\node_modules\selenium-webdriver\lib\webdriver.js:993:17)
    at run (D:\project\a365_Workspace2\A365_Workspace\A365e2e\node_modules\protractor\built\browser.js:59:33)
    at ManagedPromise.invokeCallback_ (D:\project\a365_Workspace2\A365_Workspace\A365e2e\node_modules\selenium-webdriver\lib\promise.js:1376:14)
    at TaskQueue.execute_ (D:\project\a365_Workspace2\A365_Workspace\A365e2e\node_modules\selenium-webdriver\lib\promise.js:3084:14)
    at TaskQueue.executeNext_ (D:\project\a365_Workspace2\A365_Workspace\A365e2e\node_modules\selenium-webdriver\lib\promise.js:3067:27)
    at asyncRun (D:\project\a365_Workspace2\A365_Workspace\A365e2e\node_modules\selenium-webdriver\lib\promise.js:2927:27)
    at D:\project\a365_Workspace2\A365_Workspace\A365e2e\node_modules\selenium-webdriver\lib\promise.js:668:7
    at process._tickCallback (internal/process/next_tick.js:68:7)
From: Task: Run it("get sql-compute-table-columns") in control flow
    at UserContext.<anonymous> (D:\project\a365_Workspace2\A365_Workspace\A365e2e\node_modules\jasminewd2\index.js:94:19)
    at attempt (D:\project\a365_Workspace2\A365_Workspace\A365e2e\node_modules\jasmine-core\lib\jasmine-core\jasmine.js:4297:26)
    at QueueRunner.run (D:\project\a365_Workspace2\A365_Workspace\A365e2e\node_modules\jasmine-core\lib\jasmine-core\jasmine.js:4217:20)
    at QueueRunner.execute (D:\project\a365_Workspace2\A365_Workspace\A365e2e\node_modules\jasmine-core\lib\jasmine-core\jasmine.js:4199:10)
    at Spec.queueRunnerFactory (D:\project\a365_Workspace2\A365_Workspace\A365e2e\node_modules\jasmine-core\lib\jasmine-core\jasmine.js:909:35)
    at Spec.execute (D:\project\a365_Workspace2\A365_Workspace\A365e2e\node_modules\jasmine-core\lib\jasmine-core\jasmine.js:526:10)
    at UserContext.fn (D:\project\a365_Workspace2\A365_Workspace\A365e2e\node_modules\jasmine-core\lib\jasmine-core\jasmine.js:5340:37)
    at attempt (D:\project\a365_Workspace2\A365_Workspace\A365e2e\node_modules\jasmine-core\lib\jasmine-core\jasmine.js:4297:26)
    at QueueRunner.run (D:\project\a365_Workspace2\A365_Workspace\A365e2e\node_modules\jasmine-core\lib\jasmine-core\jasmine.js:4217:20)
    at runNext (D:\project\a365_Workspace2\A365_Workspace\A365e2e\node_modules\jasmine-core\lib\jasmine-core\jasmine.js:4257:20)
From asynchronous test: 
Error: 
    at Suite.<anonymous> (D:\project\a365_Workspace2\A365_Workspace\A365e2e\e2e\SqlCompute\sqlCompute.spec.ts:12:5)
    at addSpecsToSuite (D:\project\a365_Workspace2\A365_Workspace\A365e2e\node_modules\jasmine-core\lib\jasmine-core\jasmine.js:1107:25)
    at Env.describe (D:\project\a365_Workspace2\A365_Workspace\A365e2e\node_modules\jasmine-core\lib\jasmine-core\jasmine.js:1074:7)
    at describe (D:\project\a365_Workspace2\A365_Workspace\A365e2e\node_modules\jasmine-core\lib\jasmine-core\jasmine.js:4399:18)
    at Object.<anonymous> (D:\project\a365_Workspace2\A365_Workspace\A365e2e\e2e\SqlCompute\sqlCompute.spec.ts:6:1)
    at Module._compile (internal/modules/cjs/loader.js:701:30)
    at Module.m._compile (D:\project\a365_Workspace2\A365_Workspace\A365e2e\node_modules\ts-node\src\index.ts:473:23)
    at Module._extensions..js (internal/modules/cjs/loader.js:712:10)
    at Object.require.extensions.(anonymous function) [as .ts] (D:\project\a365_Workspace2\A365_Workspace\A365e2e\node_modules\ts-node\src\index.ts:476:12)]]>
   </failure>
  </testcase>
  <testcase classname="Sql Compute test" name="get sql-compute-view-columns" time="0.028">
   <failure type="exception" message="Failed: no such window: target window already closed
from unknown error: web view not found
  (Session info: chrome=75.0.3770.142)
  (Driver info: chromedriver=74.0.3729.6 (255758eccf3d244491b8a1317aa76e1ce10d57e9-refs/branch-heads/3729@{#29}),platform=Windows NT 10.0.17763 x86_64)"><![CDATA[NoSuchWindowError: no such window: target window already closed
from unknown error: web view not found
  (Session info: chrome=75.0.3770.142)
  (Driver info: chromedriver=74.0.3729.6 (255758eccf3d244491b8a1317aa76e1ce10d57e9-refs/branch-heads/3729@{#29}),platform=Windows NT 10.0.17763 x86_64)
    at Object.checkLegacyResponse (D:\project\a365_Workspace2\A365_Workspace\A365e2e\node_modules\selenium-webdriver\lib\error.js:546:15)
    at parseHttpResponse (D:\project\a365_Workspace2\A365_Workspace\A365e2e\node_modules\selenium-webdriver\lib\http.js:509:13)
    at doSend.then.response (D:\project\a365_Workspace2\A365_Workspace\A365e2e\node_modules\selenium-webdriver\lib\http.js:441:30)
    at process._tickCallback (internal/process/next_tick.js:68:7)
From: Task: WebDriver.getCurrentUrl()
    at Driver.schedule (D:\project\a365_Workspace2\A365_Workspace\A365e2e\node_modules\selenium-webdriver\lib\webdriver.js:807:17)
    at Driver.getCurrentUrl (D:\project\a365_Workspace2\A365_Workspace\A365e2e\node_modules\selenium-webdriver\lib\webdriver.js:993:17)
    at run (D:\project\a365_Workspace2\A365_Workspace\A365e2e\node_modules\protractor\built\browser.js:59:33)
    at ManagedPromise.invokeCallback_ (D:\project\a365_Workspace2\A365_Workspace\A365e2e\node_modules\selenium-webdriver\lib\promise.js:1376:14)
    at TaskQueue.execute_ (D:\project\a365_Workspace2\A365_Workspace\A365e2e\node_modules\selenium-webdriver\lib\promise.js:3084:14)
    at TaskQueue.executeNext_ (D:\project\a365_Workspace2\A365_Workspace\A365e2e\node_modules\selenium-webdriver\lib\promise.js:3067:27)
    at asyncRun (D:\project\a365_Workspace2\A365_Workspace\A365e2e\node_modules\selenium-webdriver\lib\promise.js:2927:27)
    at D:\project\a365_Workspace2\A365_Workspace\A365e2e\node_modules\selenium-webdriver\lib\promise.js:668:7
From: Task: Run beforeAll in control flow
    at UserContext.<anonymous> (D:\project\a365_Workspace2\A365_Workspace\A365e2e\node_modules\jasminewd2\index.js:94:19)
    at attempt (D:\project\a365_Workspace2\A365_Workspace\A365e2e\node_modules\jasmine-core\lib\jasmine-core\jasmine.js:4297:26)
    at QueueRunner.run (D:\project\a365_Workspace2\A365_Workspace\A365e2e\node_modules\jasmine-core\lib\jasmine-core\jasmine.js:4217:20)
    at QueueRunner.execute (D:\project\a365_Workspace2\A365_Workspace\A365e2e\node_modules\jasmine-core\lib\jasmine-core\jasmine.js:4199:10)
    at queueRunnerFactory (D:\project\a365_Workspace2\A365_Workspace\A365e2e\node_modules\jasmine-core\lib\jasmine-core\jasmine.js:909:35)
    at UserContext.fn (D:\project\a365_Workspace2\A365_Workspace\A365e2e\node_modules\jasmine-core\lib\jasmine-core\jasmine.js:5325:13)
    at attempt (D:\project\a365_Workspace2\A365_Workspace\A365e2e\node_modules\jasmine-core\lib\jasmine-core\jasmine.js:4297:26)
    at QueueRunner.run (D:\project\a365_Workspace2\A365_Workspace\A365e2e\node_modules\jasmine-core\lib\jasmine-core\jasmine.js:4217:20)
    at runNext (D:\project\a365_Workspace2\A365_Workspace\A365e2e\node_modules\jasmine-core\lib\jasmine-core\jasmine.js:4257:20)
    at D:\project\a365_Workspace2\A365_Workspace\A365e2e\node_modules\jasmine-core\lib\jasmine-core\jasmine.js:4264:13
From asynchronous test: 
Error: 
    at Suite.<anonymous> (D:\project\a365_Workspace2\A365_Workspace\A365e2e\e2e\SqlCompute\sqlCompute.spec.ts:8:5)
    at addSpecsToSuite (D:\project\a365_Workspace2\A365_Workspace\A365e2e\node_modules\jasmine-core\lib\jasmine-core\jasmine.js:1107:25)
    at Env.describe (D:\project\a365_Workspace2\A365_Workspace\A365e2e\node_modules\jasmine-core\lib\jasmine-core\jasmine.js:1074:7)
    at describe (D:\project\a365_Workspace2\A365_Workspace\A365e2e\node_modules\jasmine-core\lib\jasmine-core\jasmine.js:4399:18)
    at Object.<anonymous> (D:\project\a365_Workspace2\A365_Workspace\A365e2e\e2e\SqlCompute\sqlCompute.spec.ts:6:1)
    at Module._compile (internal/modules/cjs/loader.js:701:30)
    at Module.m._compile (D:\project\a365_Workspace2\A365_Workspace\A365e2e\node_modules\ts-node\src\index.ts:473:23)
    at Module._extensions..js (internal/modules/cjs/loader.js:712:10)
    at Object.require.extensions.(anonymous function) [as .ts] (D:\project\a365_Workspace2\A365_Workspace\A365e2e\node_modules\ts-node\src\index.ts:476:12)]]>
   </failure>
   <failure type="exception" message="Failed: no such window: target window already closed
from unknown error: web view not found
  (Session info: chrome=75.0.3770.142)
  (Driver info: chromedriver=74.0.3729.6 (255758eccf3d244491b8a1317aa76e1ce10d57e9-refs/branch-heads/3729@{#29}),platform=Windows NT 10.0.17763 x86_64)"><![CDATA[NoSuchWindowError: no such window: target window already closed
from unknown error: web view not found
  (Session info: chrome=75.0.3770.142)
  (Driver info: chromedriver=74.0.3729.6 (255758eccf3d244491b8a1317aa76e1ce10d57e9-refs/branch-heads/3729@{#29}),platform=Windows NT 10.0.17763 x86_64)
    at Object.checkLegacyResponse (D:\project\a365_Workspace2\A365_Workspace\A365e2e\node_modules\selenium-webdriver\lib\error.js:546:15)
    at parseHttpResponse (D:\project\a365_Workspace2\A365_Workspace\A365e2e\node_modules\selenium-webdriver\lib\http.js:509:13)
    at doSend.then.response (D:\project\a365_Workspace2\A365_Workspace\A365e2e\node_modules\selenium-webdriver\lib\http.js:441:30)
    at process._tickCallback (internal/process/next_tick.js:68:7)
From: Task: WebDriver.getCurrentUrl()
    at Driver.schedule (D:\project\a365_Workspace2\A365_Workspace\A365e2e\node_modules\selenium-webdriver\lib\webdriver.js:807:17)
    at Driver.getCurrentUrl (D:\project\a365_Workspace2\A365_Workspace\A365e2e\node_modules\selenium-webdriver\lib\webdriver.js:993:17)
    at run (D:\project\a365_Workspace2\A365_Workspace\A365e2e\node_modules\protractor\built\browser.js:59:33)
    at ManagedPromise.invokeCallback_ (D:\project\a365_Workspace2\A365_Workspace\A365e2e\node_modules\selenium-webdriver\lib\promise.js:1376:14)
    at TaskQueue.execute_ (D:\project\a365_Workspace2\A365_Workspace\A365e2e\node_modules\selenium-webdriver\lib\promise.js:3084:14)
    at TaskQueue.executeNext_ (D:\project\a365_Workspace2\A365_Workspace\A365e2e\node_modules\selenium-webdriver\lib\promise.js:3067:27)
    at asyncRun (D:\project\a365_Workspace2\A365_Workspace\A365e2e\node_modules\selenium-webdriver\lib\promise.js:2927:27)
    at D:\project\a365_Workspace2\A365_Workspace\A365e2e\node_modules\selenium-webdriver\lib\promise.js:668:7
    at process._tickCallback (internal/process/next_tick.js:68:7)
From: Task: Run it("get sql-compute-view-columns") in control flow
    at UserContext.<anonymous> (D:\project\a365_Workspace2\A365_Workspace\A365e2e\node_modules\jasminewd2\index.js:94:19)
    at attempt (D:\project\a365_Workspace2\A365_Workspace\A365e2e\node_modules\jasmine-core\lib\jasmine-core\jasmine.js:4297:26)
    at QueueRunner.run (D:\project\a365_Workspace2\A365_Workspace\A365e2e\node_modules\jasmine-core\lib\jasmine-core\jasmine.js:4217:20)
    at QueueRunner.execute (D:\project\a365_Workspace2\A365_Workspace\A365e2e\node_modules\jasmine-core\lib\jasmine-core\jasmine.js:4199:10)
    at Spec.queueRunnerFactory (D:\project\a365_Workspace2\A365_Workspace\A365e2e\node_modules\jasmine-core\lib\jasmine-core\jasmine.js:909:35)
    at Spec.execute (D:\project\a365_Workspace2\A365_Workspace\A365e2e\node_modules\jasmine-core\lib\jasmine-core\jasmine.js:526:10)
    at UserContext.fn (D:\project\a365_Workspace2\A365_Workspace\A365e2e\node_modules\jasmine-core\lib\jasmine-core\jasmine.js:5340:37)
    at attempt (D:\project\a365_Workspace2\A365_Workspace\A365e2e\node_modules\jasmine-core\lib\jasmine-core\jasmine.js:4297:26)
    at QueueRunner.run (D:\project\a365_Workspace2\A365_Workspace\A365e2e\node_modules\jasmine-core\lib\jasmine-core\jasmine.js:4217:20)
    at runNext (D:\project\a365_Workspace2\A365_Workspace\A365e2e\node_modules\jasmine-core\lib\jasmine-core\jasmine.js:4257:20)
From asynchronous test: 
Error: 
    at Suite.<anonymous> (D:\project\a365_Workspace2\A365_Workspace\A365e2e\e2e\SqlCompute\sqlCompute.spec.ts:23:5)
    at addSpecsToSuite (D:\project\a365_Workspace2\A365_Workspace\A365e2e\node_modules\jasmine-core\lib\jasmine-core\jasmine.js:1107:25)
    at Env.describe (D:\project\a365_Workspace2\A365_Workspace\A365e2e\node_modules\jasmine-core\lib\jasmine-core\jasmine.js:1074:7)
    at describe (D:\project\a365_Workspace2\A365_Workspace\A365e2e\node_modules\jasmine-core\lib\jasmine-core\jasmine.js:4399:18)
    at Object.<anonymous> (D:\project\a365_Workspace2\A365_Workspace\A365e2e\e2e\SqlCompute\sqlCompute.spec.ts:6:1)
    at Module._compile (internal/modules/cjs/loader.js:701:30)
    at Module.m._compile (D:\project\a365_Workspace2\A365_Workspace\A365e2e\node_modules\ts-node\src\index.ts:473:23)
    at Module._extensions..js (internal/modules/cjs/loader.js:712:10)
    at Object.require.extensions.(anonymous function) [as .ts] (D:\project\a365_Workspace2\A365_Workspace\A365e2e\node_modules\ts-node\src\index.ts:476:12)]]>
   </failure>
  </testcase>
  <testcase classname="Sql Compute test" name="new sql compute script to select top 1000" time="0.029">
   <failure type="exception" message="Failed: no such window: target window already closed
from unknown error: web view not found
  (Session info: chrome=75.0.3770.142)
  (Driver info: chromedriver=74.0.3729.6 (255758eccf3d244491b8a1317aa76e1ce10d57e9-refs/branch-heads/3729@{#29}),platform=Windows NT 10.0.17763 x86_64)"><![CDATA[NoSuchWindowError: no such window: target window already closed
from unknown error: web view not found
  (Session info: chrome=75.0.3770.142)
  (Driver info: chromedriver=74.0.3729.6 (255758eccf3d244491b8a1317aa76e1ce10d57e9-refs/branch-heads/3729@{#29}),platform=Windows NT 10.0.17763 x86_64)
    at Object.checkLegacyResponse (D:\project\a365_Workspace2\A365_Workspace\A365e2e\node_modules\selenium-webdriver\lib\error.js:546:15)
    at parseHttpResponse (D:\project\a365_Workspace2\A365_Workspace\A365e2e\node_modules\selenium-webdriver\lib\http.js:509:13)
    at doSend.then.response (D:\project\a365_Workspace2\A365_Workspace\A365e2e\node_modules\selenium-webdriver\lib\http.js:441:30)
    at process._tickCallback (internal/process/next_tick.js:68:7)
From: Task: WebDriver.getCurrentUrl()
    at Driver.schedule (D:\project\a365_Workspace2\A365_Workspace\A365e2e\node_modules\selenium-webdriver\lib\webdriver.js:807:17)
    at Driver.getCurrentUrl (D:\project\a365_Workspace2\A365_Workspace\A365e2e\node_modules\selenium-webdriver\lib\webdriver.js:993:17)
    at run (D:\project\a365_Workspace2\A365_Workspace\A365e2e\node_modules\protractor\built\browser.js:59:33)
    at ManagedPromise.invokeCallback_ (D:\project\a365_Workspace2\A365_Workspace\A365e2e\node_modules\selenium-webdriver\lib\promise.js:1376:14)
    at TaskQueue.execute_ (D:\project\a365_Workspace2\A365_Workspace\A365e2e\node_modules\selenium-webdriver\lib\promise.js:3084:14)
    at TaskQueue.executeNext_ (D:\project\a365_Workspace2\A365_Workspace\A365e2e\node_modules\selenium-webdriver\lib\promise.js:3067:27)
    at asyncRun (D:\project\a365_Workspace2\A365_Workspace\A365e2e\node_modules\selenium-webdriver\lib\promise.js:2927:27)
    at D:\project\a365_Workspace2\A365_Workspace\A365e2e\node_modules\selenium-webdriver\lib\promise.js:668:7
From: Task: Run beforeAll in control flow
    at UserContext.<anonymous> (D:\project\a365_Workspace2\A365_Workspace\A365e2e\node_modules\jasminewd2\index.js:94:19)
    at attempt (D:\project\a365_Workspace2\A365_Workspace\A365e2e\node_modules\jasmine-core\lib\jasmine-core\jasmine.js:4297:26)
    at QueueRunner.run (D:\project\a365_Workspace2\A365_Workspace\A365e2e\node_modules\jasmine-core\lib\jasmine-core\jasmine.js:4217:20)
    at QueueRunner.execute (D:\project\a365_Workspace2\A365_Workspace\A365e2e\node_modules\jasmine-core\lib\jasmine-core\jasmine.js:4199:10)
    at queueRunnerFactory (D:\project\a365_Workspace2\A365_Workspace\A365e2e\node_modules\jasmine-core\lib\jasmine-core\jasmine.js:909:35)
    at UserContext.fn (D:\project\a365_Workspace2\A365_Workspace\A365e2e\node_modules\jasmine-core\lib\jasmine-core\jasmine.js:5325:13)
    at attempt (D:\project\a365_Workspace2\A365_Workspace\A365e2e\node_modules\jasmine-core\lib\jasmine-core\jasmine.js:4297:26)
    at QueueRunner.run (D:\project\a365_Workspace2\A365_Workspace\A365e2e\node_modules\jasmine-core\lib\jasmine-core\jasmine.js:4217:20)
    at runNext (D:\project\a365_Workspace2\A365_Workspace\A365e2e\node_modules\jasmine-core\lib\jasmine-core\jasmine.js:4257:20)
    at D:\project\a365_Workspace2\A365_Workspace\A365e2e\node_modules\jasmine-core\lib\jasmine-core\jasmine.js:4264:13
From asynchronous test: 
Error: 
    at Suite.<anonymous> (D:\project\a365_Workspace2\A365_Workspace\A365e2e\e2e\SqlCompute\sqlCompute.spec.ts:8:5)
    at addSpecsToSuite (D:\project\a365_Workspace2\A365_Workspace\A365e2e\node_modules\jasmine-core\lib\jasmine-core\jasmine.js:1107:25)
    at Env.describe (D:\project\a365_Workspace2\A365_Workspace\A365e2e\node_modules\jasmine-core\lib\jasmine-core\jasmine.js:1074:7)
    at describe (D:\project\a365_Workspace2\A365_Workspace\A365e2e\node_modules\jasmine-core\lib\jasmine-core\jasmine.js:4399:18)
    at Object.<anonymous> (D:\project\a365_Workspace2\A365_Workspace\A365e2e\e2e\SqlCompute\sqlCompute.spec.ts:6:1)
    at Module._compile (internal/modules/cjs/loader.js:701:30)
    at Module.m._compile (D:\project\a365_Workspace2\A365_Workspace\A365e2e\node_modules\ts-node\src\index.ts:473:23)
    at Module._extensions..js (internal/modules/cjs/loader.js:712:10)
    at Object.require.extensions.(anonymous function) [as .ts] (D:\project\a365_Workspace2\A365_Workspace\A365e2e\node_modules\ts-node\src\index.ts:476:12)]]>
   </failure>
   <failure type="exception" message="Failed: no such window: target window already closed
from unknown error: web view not found
  (Session info: chrome=75.0.3770.142)
  (Driver info: chromedriver=74.0.3729.6 (255758eccf3d244491b8a1317aa76e1ce10d57e9-refs/branch-heads/3729@{#29}),platform=Windows NT 10.0.17763 x86_64)"><![CDATA[NoSuchWindowError: no such window: target window already closed
from unknown error: web view not found
  (Session info: chrome=75.0.3770.142)
  (Driver info: chromedriver=74.0.3729.6 (255758eccf3d244491b8a1317aa76e1ce10d57e9-refs/branch-heads/3729@{#29}),platform=Windows NT 10.0.17763 x86_64)
    at Object.checkLegacyResponse (D:\project\a365_Workspace2\A365_Workspace\A365e2e\node_modules\selenium-webdriver\lib\error.js:546:15)
    at parseHttpResponse (D:\project\a365_Workspace2\A365_Workspace\A365e2e\node_modules\selenium-webdriver\lib\http.js:509:13)
    at doSend.then.response (D:\project\a365_Workspace2\A365_Workspace\A365e2e\node_modules\selenium-webdriver\lib\http.js:441:30)
    at process._tickCallback (internal/process/next_tick.js:68:7)
From: Task: WebDriver.getCurrentUrl()
    at Driver.schedule (D:\project\a365_Workspace2\A365_Workspace\A365e2e\node_modules\selenium-webdriver\lib\webdriver.js:807:17)
    at Driver.getCurrentUrl (D:\project\a365_Workspace2\A365_Workspace\A365e2e\node_modules\selenium-webdriver\lib\webdriver.js:993:17)
    at run (D:\project\a365_Workspace2\A365_Workspace\A365e2e\node_modules\protractor\built\browser.js:59:33)
    at ManagedPromise.invokeCallback_ (D:\project\a365_Workspace2\A365_Workspace\A365e2e\node_modules\selenium-webdriver\lib\promise.js:1376:14)
    at TaskQueue.execute_ (D:\project\a365_Workspace2\A365_Workspace\A365e2e\node_modules\selenium-webdriver\lib\promise.js:3084:14)
    at TaskQueue.executeNext_ (D:\project\a365_Workspace2\A365_Workspace\A365e2e\node_modules\selenium-webdriver\lib\promise.js:3067:27)
    at asyncRun (D:\project\a365_Workspace2\A365_Workspace\A365e2e\node_modules\selenium-webdriver\lib\promise.js:2927:27)
    at D:\project\a365_Workspace2\A365_Workspace\A365e2e\node_modules\selenium-webdriver\lib\promise.js:668:7
    at process._tickCallback (internal/process/next_tick.js:68:7)
From: Task: Run it("new sql compute script to select top 1000") in control flow
    at UserContext.<anonymous> (D:\project\a365_Workspace2\A365_Workspace\A365e2e\node_modules\jasminewd2\index.js:94:19)
    at attempt (D:\project\a365_Workspace2\A365_Workspace\A365e2e\node_modules\jasmine-core\lib\jasmine-core\jasmine.js:4297:26)
    at QueueRunner.run (D:\project\a365_Workspace2\A365_Workspace\A365e2e\node_modules\jasmine-core\lib\jasmine-core\jasmine.js:4217:20)
    at QueueRunner.execute (D:\project\a365_Workspace2\A365_Workspace\A365e2e\node_modules\jasmine-core\lib\jasmine-core\jasmine.js:4199:10)
    at Spec.queueRunnerFactory (D:\project\a365_Workspace2\A365_Workspace\A365e2e\node_modules\jasmine-core\lib\jasmine-core\jasmine.js:909:35)
    at Spec.execute (D:\project\a365_Workspace2\A365_Workspace\A365e2e\node_modules\jasmine-core\lib\jasmine-core\jasmine.js:526:10)
    at UserContext.fn (D:\project\a365_Workspace2\A365_Workspace\A365e2e\node_modules\jasmine-core\lib\jasmine-core\jasmine.js:5340:37)
    at attempt (D:\project\a365_Workspace2\A365_Workspace\A365e2e\node_modules\jasmine-core\lib\jasmine-core\jasmine.js:4297:26)
    at QueueRunner.run (D:\project\a365_Workspace2\A365_Workspace\A365e2e\node_modules\jasmine-core\lib\jasmine-core\jasmine.js:4217:20)
    at runNext (D:\project\a365_Workspace2\A365_Workspace\A365e2e\node_modules\jasmine-core\lib\jasmine-core\jasmine.js:4257:20)
From asynchronous test: 
Error: 
    at Suite.<anonymous> (D:\project\a365_Workspace2\A365_Workspace\A365e2e\e2e\SqlCompute\sqlCompute.spec.ts:33:5)
    at addSpecsToSuite (D:\project\a365_Workspace2\A365_Workspace\A365e2e\node_modules\jasmine-core\lib\jasmine-core\jasmine.js:1107:25)
    at Env.describe (D:\project\a365_Workspace2\A365_Workspace\A365e2e\node_modules\jasmine-core\lib\jasmine-core\jasmine.js:1074:7)
    at describe (D:\project\a365_Workspace2\A365_Workspace\A365e2e\node_modules\jasmine-core\lib\jasmine-core\jasmine.js:4399:18)
    at Object.<anonymous> (D:\project\a365_Workspace2\A365_Workspace\A365e2e\e2e\SqlCompute\sqlCompute.spec.ts:6:1)
    at Module._compile (internal/modules/cjs/loader.js:701:30)
    at Module.m._compile (D:\project\a365_Workspace2\A365_Workspace\A365e2e\node_modules\ts-node\src\index.ts:473:23)
    at Module._extensions..js (internal/modules/cjs/loader.js:712:10)
    at Object.require.extensions.(anonymous function) [as .ts] (D:\project\a365_Workspace2\A365_Workspace\A365e2e\node_modules\ts-node\src\index.ts:476:12)]]>
   </failure>
  </testcase>
 </testsuite>
</testsuites>